{"/Users/law/Programming/Web/qaid-feedback/thumbs-embed/src/a11y.ts": {"path":"/Users/law/Programming/Web/qaid-feedback/thumbs-embed/src/a11y.ts","statementMap":{"0":{"start":{"line":36,"column":20},"end":{"line":36,"column":null}},"1":{"start":{"line":39,"column":2},"end":{"line":39,"column":null}},"2":{"start":{"line":47,"column":27},"end":{"line":54,"column":null}},"3":{"start":{"line":57,"column":2},"end":{"line":57,"column":null}},"4":{"start":{"line":61,"column":15},"end":{"line":61,"column":null}},"5":{"start":{"line":62,"column":19},"end":{"line":64,"column":null}},"6":{"start":{"line":65,"column":2},"end":{"line":65,"column":null}},"7":{"start":{"line":65,"column":16},"end":{"line":65,"column":null}},"8":{"start":{"line":67,"column":14},"end":{"line":67,"column":null}},"9":{"start":{"line":68,"column":17},"end":{"line":68,"column":null}},"10":{"start":{"line":69,"column":2},"end":{"line":69,"column":null}},"11":{"start":{"line":70,"column":2},"end":{"line":70,"column":null}},"12":{"start":{"line":71,"column":2},"end":{"line":71,"column":null}},"13":{"start":{"line":72,"column":2},"end":{"line":72,"column":null}},"14":{"start":{"line":73,"column":2},"end":{"line":73,"column":null}},"15":{"start":{"line":74,"column":2},"end":{"line":74,"column":null}},"16":{"start":{"line":75,"column":2},"end":{"line":75,"column":null}},"17":{"start":{"line":91,"column":17},"end":{"line":91,"column":null}},"18":{"start":{"line":93,"column":2},"end":{"line":93,"column":null}},"19":{"start":{"line":94,"column":2},"end":{"line":94,"column":null}},"20":{"start":{"line":98,"column":2},"end":{"line":98,"column":null}},"21":{"start":{"line":98,"column":35},"end":{"line":98,"column":null}},"22":{"start":{"line":99,"column":18},"end":{"line":99,"column":null}},"23":{"start":{"line":100,"column":2},"end":{"line":100,"column":null}},"24":{"start":{"line":104,"column":33},"end":{"line":104,"column":null}},"25":{"start":{"line":105,"column":2},"end":{"line":117,"column":null}},"26":{"start":{"line":106,"column":4},"end":{"line":106,"column":null}},"27":{"start":{"line":106,"column":37},"end":{"line":106,"column":null}},"28":{"start":{"line":107,"column":18},"end":{"line":107,"column":null}},"29":{"start":{"line":108,"column":4},"end":{"line":115,"column":null}},"30":{"start":{"line":114,"column":6},"end":{"line":114,"column":null}},"31":{"start":{"line":116,"column":4},"end":{"line":116,"column":null}},"32":{"start":{"line":118,"column":2},"end":{"line":118,"column":null}},"33":{"start":{"line":128,"column":16},"end":{"line":130,"column":null}},"34":{"start":{"line":131,"column":2},"end":{"line":138,"column":null}},"35":{"start":{"line":132,"column":4},"end":{"line":132,"column":null}},"36":{"start":{"line":132,"column":46},"end":{"line":132,"column":null}},"37":{"start":{"line":133,"column":4},"end":{"line":133,"column":null}},"38":{"start":{"line":133,"column":64},"end":{"line":133,"column":null}},"39":{"start":{"line":134,"column":4},"end":{"line":134,"column":null}},"40":{"start":{"line":134,"column":69},"end":{"line":134,"column":null}},"41":{"start":{"line":135,"column":4},"end":{"line":135,"column":null}},"42":{"start":{"line":135,"column":24},"end":{"line":135,"column":null}},"43":{"start":{"line":136,"column":4},"end":{"line":136,"column":null}},"44":{"start":{"line":136,"column":22},"end":{"line":136,"column":null}},"45":{"start":{"line":137,"column":4},"end":{"line":137,"column":null}},"46":{"start":{"line":143,"column":31},"end":{"line":143,"column":null}},"47":{"start":{"line":144,"column":2},"end":{"line":146,"column":null}},"48":{"start":{"line":145,"column":4},"end":{"line":145,"column":null}},"49":{"start":{"line":147,"column":2},"end":{"line":147,"column":null}},"50":{"start":{"line":160,"column":14},"end":{"line":160,"column":null}},"51":{"start":{"line":161,"column":22},"end":{"line":161,"column":null}},"52":{"start":{"line":163,"column":20},"end":{"line":190,"column":null}},"53":{"start":{"line":164,"column":4},"end":{"line":164,"column":null}},"54":{"start":{"line":164,"column":29},"end":{"line":164,"column":null}},"55":{"start":{"line":166,"column":22},"end":{"line":166,"column":null}},"56":{"start":{"line":167,"column":4},"end":{"line":172,"column":null}},"57":{"start":{"line":169,"column":6},"end":{"line":169,"column":null}},"58":{"start":{"line":170,"column":6},"end":{"line":170,"column":null}},"59":{"start":{"line":171,"column":6},"end":{"line":171,"column":null}},"60":{"start":{"line":174,"column":18},"end":{"line":174,"column":null}},"61":{"start":{"line":175,"column":17},"end":{"line":175,"column":null}},"62":{"start":{"line":176,"column":19},"end":{"line":176,"column":null}},"63":{"start":{"line":177,"column":23},"end":{"line":177,"column":null}},"64":{"start":{"line":179,"column":4},"end":{"line":189,"column":null}},"65":{"start":{"line":180,"column":6},"end":{"line":183,"column":null}},"66":{"start":{"line":181,"column":8},"end":{"line":181,"column":null}},"67":{"start":{"line":182,"column":8},"end":{"line":182,"column":null}},"68":{"start":{"line":185,"column":6},"end":{"line":188,"column":null}},"69":{"start":{"line":186,"column":8},"end":{"line":186,"column":null}},"70":{"start":{"line":187,"column":8},"end":{"line":187,"column":null}},"71":{"start":{"line":192,"column":2},"end":{"line":192,"column":null}},"72":{"start":{"line":194,"column":18},"end":{"line":194,"column":null}},"73":{"start":{"line":195,"column":2},"end":{"line":203,"column":null}},"74":{"start":{"line":196,"column":4},"end":{"line":196,"column":null}},"75":{"start":{"line":198,"column":4},"end":{"line":201,"column":null}},"76":{"start":{"line":199,"column":6},"end":{"line":199,"column":null}},"77":{"start":{"line":200,"column":6},"end":{"line":200,"column":null}},"78":{"start":{"line":202,"column":4},"end":{"line":202,"column":null}},"79":{"start":{"line":205,"column":2},"end":{"line":213,"column":null}},"80":{"start":{"line":207,"column":6},"end":{"line":207,"column":null}},"81":{"start":{"line":208,"column":6},"end":{"line":211,"column":null}},"82":{"start":{"line":209,"column":8},"end":{"line":209,"column":null}},"83":{"start":{"line":210,"column":8},"end":{"line":210,"column":null}},"84":{"start":{"line":222,"column":2},"end":{"line":222,"column":null}},"85":{"start":{"line":230,"column":2},"end":{"line":230,"column":null}},"86":{"start":{"line":230,"column":45},"end":{"line":230,"column":null}},"87":{"start":{"line":231,"column":2},"end":{"line":235,"column":null}},"88":{"start":{"line":232,"column":4},"end":{"line":232,"column":null}},"89":{"start":{"line":245,"column":2},"end":{"line":245,"column":null}},"90":{"start":{"line":246,"column":2},"end":{"line":246,"column":null}},"91":{"start":{"line":247,"column":2},"end":{"line":249,"column":null}},"92":{"start":{"line":248,"column":4},"end":{"line":248,"column":null}},"93":{"start":{"line":250,"column":2},"end":{"line":252,"column":null}},"94":{"start":{"line":251,"column":4},"end":{"line":251,"column":null}},"95":{"start":{"line":253,"column":2},"end":{"line":255,"column":null}},"96":{"start":{"line":254,"column":4},"end":{"line":254,"column":null}},"97":{"start":{"line":260,"column":26},"end":{"line":260,"column":null}},"98":{"start":{"line":261,"column":2},"end":{"line":270,"column":null}},"99":{"start":{"line":262,"column":32},"end":{"line":262,"column":null}},"100":{"start":{"line":263,"column":4},"end":{"line":263,"column":null}},"101":{"start":{"line":263,"column":25},"end":{"line":263,"column":null}},"102":{"start":{"line":264,"column":4},"end":{"line":267,"column":null}},"103":{"start":{"line":265,"column":6},"end":{"line":265,"column":null}},"104":{"start":{"line":266,"column":6},"end":{"line":266,"column":null}},"105":{"start":{"line":268,"column":4},"end":{"line":268,"column":null}},"106":{"start":{"line":268,"column":17},"end":{"line":268,"column":null}},"107":{"start":{"line":269,"column":4},"end":{"line":269,"column":null}},"108":{"start":{"line":271,"column":2},"end":{"line":271,"column":null}},"109":{"start":{"line":284,"column":14},"end":{"line":284,"column":null}},"110":{"start":{"line":285,"column":15},"end":{"line":285,"column":null}},"111":{"start":{"line":286,"column":2},"end":{"line":286,"column":null}},"112":{"start":{"line":286,"column":13},"end":{"line":286,"column":null}},"113":{"start":{"line":288,"column":15},"end":{"line":288,"column":null}},"114":{"start":{"line":293,"column":7},"end":{"line":293,"column":null}},"115":{"start":{"line":295,"column":2},"end":{"line":307,"column":null}},"116":{"start":{"line":296,"column":4},"end":{"line":296,"column":null}},"117":{"start":{"line":296,"column":41},"end":{"line":296,"column":null}},"118":{"start":{"line":297,"column":4},"end":{"line":297,"column":null}},"119":{"start":{"line":297,"column":32},"end":{"line":297,"column":null}},"120":{"start":{"line":299,"column":22},"end":{"line":299,"column":null}},"121":{"start":{"line":300,"column":27},"end":{"line":300,"column":null}},"122":{"start":{"line":302,"column":4},"end":{"line":302,"column":null}},"123":{"start":{"line":302,"column":48},"end":{"line":302,"column":null}},"124":{"start":{"line":304,"column":4},"end":{"line":304,"column":null}},"125":{"start":{"line":305,"column":4},"end":{"line":305,"column":null}},"126":{"start":{"line":306,"column":4},"end":{"line":306,"column":null}},"127":{"start":{"line":309,"column":2},"end":{"line":320,"column":null}},"128":{"start":{"line":310,"column":4},"end":{"line":319,"column":null}},"129":{"start":{"line":312,"column":20},"end":{"line":312,"column":null}},"130":{"start":{"line":313,"column":6},"end":{"line":313,"column":null}},"131":{"start":{"line":314,"column":6},"end":{"line":318,"column":null}},"132":{"start":{"line":315,"column":8},"end":{"line":315,"column":null}},"133":{"start":{"line":317,"column":8},"end":{"line":317,"column":null}}},"fnMap":{"0":{"name":"ownerDoc","decl":{"start":{"line":56,"column":9},"end":{"line":56,"column":18}},"loc":{"start":{"line":56,"column":48},"end":{"line":58,"column":null}},"line":56},"1":{"name":"getLiveRegion","decl":{"start":{"line":60,"column":9},"end":{"line":60,"column":23}},"loc":{"start":{"line":60,"column":76},"end":{"line":76,"column":null}},"line":60},"2":{"name":"announce","decl":{"start":{"line":86,"column":16},"end":{"line":86,"column":null}},"loc":{"start":{"line":90,"column":8},"end":{"line":95,"column":null}},"line":90},"3":{"name":"isDisabled","decl":{"start":{"line":97,"column":9},"end":{"line":97,"column":20}},"loc":{"start":{"line":97,"column":46},"end":{"line":101,"column":null}},"line":97},"4":{"name":"isHidden","decl":{"start":{"line":103,"column":9},"end":{"line":103,"column":18}},"loc":{"start":{"line":103,"column":44},"end":{"line":119,"column":null}},"line":103},"5":{"name":"getFocusable","decl":{"start":{"line":127,"column":16},"end":{"line":127,"column":29}},"loc":{"start":{"line":127,"column":68},"end":{"line":139,"column":null}},"line":127},"6":{"name":"(anonymous_6)","decl":{"start":{"line":131,"column":22},"end":{"line":131,"column":23}},"loc":{"start":{"line":131,"column":30},"end":{"line":138,"column":3}},"line":131},"7":{"name":"getDeepActiveElement","decl":{"start":{"line":142,"column":9},"end":{"line":142,"column":30}},"loc":{"start":{"line":142,"column":65},"end":{"line":148,"column":null}},"line":142},"8":{"name":"createFocusTrap","decl":{"start":{"line":159,"column":16},"end":{"line":159,"column":32}},"loc":{"start":{"line":159,"column":67},"end":{"line":214,"column":null}},"line":159},"9":{"name":"(anonymous_9)","decl":{"start":{"line":163,"column":20},"end":{"line":163,"column":21}},"loc":{"start":{"line":163,"column":52},"end":{"line":190,"column":null}},"line":163},"10":{"name":"release","decl":{"start":{"line":206,"column":4},"end":{"line":206,"column":20}},"loc":{"start":{"line":206,"column":20},"end":{"line":212,"column":null}},"line":206},"11":{"name":"saveFocus","decl":{"start":{"line":221,"column":16},"end":{"line":221,"column":48}},"loc":{"start":{"line":221,"column":48},"end":{"line":223,"column":null}},"line":221},"12":{"name":"restoreFocus","decl":{"start":{"line":229,"column":16},"end":{"line":229,"column":29}},"loc":{"start":{"line":229,"column":59},"end":{"line":236,"column":null}},"line":229},"13":{"name":"applyDialog","decl":{"start":{"line":244,"column":16},"end":{"line":244,"column":28}},"loc":{"start":{"line":244,"column":82},"end":{"line":256,"column":null}},"line":244},"14":{"name":"topLevelAncestor","decl":{"start":{"line":259,"column":9},"end":{"line":259,"column":26}},"loc":{"start":{"line":259,"column":82},"end":{"line":272,"column":null}},"line":259},"15":{"name":"setBackgroundInert","decl":{"start":{"line":283,"column":16},"end":{"line":283,"column":35}},"loc":{"start":{"line":283,"column":68},"end":{"line":321,"column":null}},"line":283},"16":{"name":"(anonymous_16)","decl":{"start":{"line":286,"column":20},"end":{"line":286,"column":26}},"loc":{"start":{"line":286,"column":26},"end":{"line":286,"column":null}},"line":286},"17":{"name":"(anonymous_17)","decl":{"start":{"line":295,"column":36},"end":{"line":295,"column":37}},"loc":{"start":{"line":295,"column":47},"end":{"line":307,"column":3}},"line":295},"18":{"name":"restore","decl":{"start":{"line":309,"column":18},"end":{"line":309,"column":34}},"loc":{"start":{"line":309,"column":34},"end":{"line":320,"column":null}},"line":309}},"branchMap":{"0":{"loc":{"start":{"line":57,"column":9},"end":{"line":57,"column":null}},"type":"binary-expr","locations":[{"start":{"line":57,"column":9},"end":{"line":57,"column":31}},{"start":{"line":57,"column":31},"end":{"line":57,"column":null}}],"line":57},"1":{"loc":{"start":{"line":61,"column":15},"end":{"line":61,"column":null}},"type":"cond-expr","locations":[{"start":{"line":61,"column":27},"end":{"line":61,"column":41}},{"start":{"line":61,"column":41},"end":{"line":61,"column":null}}],"line":61},"2":{"loc":{"start":{"line":65,"column":2},"end":{"line":65,"column":null}},"type":"if","locations":[{"start":{"line":65,"column":2},"end":{"line":65,"column":null}},{"start":{},"end":{}}],"line":65},"3":{"loc":{"start":{"line":70,"column":30},"end":{"line":70,"column":60}},"type":"cond-expr","locations":[{"start":{"line":70,"column":42},"end":{"line":70,"column":52}},{"start":{"line":70,"column":52},"end":{"line":70,"column":60}}],"line":70},"4":{"loc":{"start":{"line":71,"column":35},"end":{"line":71,"column":69}},"type":"cond-expr","locations":[{"start":{"line":71,"column":47},"end":{"line":71,"column":61}},{"start":{"line":71,"column":61},"end":{"line":71,"column":69}}],"line":71},"5":{"loc":{"start":{"line":89,"column":2},"end":{"line":89,"column":null}},"type":"default-arg","locations":[{"start":{"line":89,"column":26},"end":{"line":89,"column":null}}],"line":89},"6":{"loc":{"start":{"line":98,"column":2},"end":{"line":98,"column":null}},"type":"if","locations":[{"start":{"line":98,"column":2},"end":{"line":98,"column":null}},{"start":{},"end":{}}],"line":98},"7":{"loc":{"start":{"line":106,"column":4},"end":{"line":106,"column":null}},"type":"if","locations":[{"start":{"line":106,"column":4},"end":{"line":106,"column":null}},{"start":{},"end":{}}],"line":106},"8":{"loc":{"start":{"line":108,"column":4},"end":{"line":115,"column":null}},"type":"if","locations":[{"start":{"line":108,"column":4},"end":{"line":115,"column":null}},{"start":{},"end":{}}],"line":108},"9":{"loc":{"start":{"line":109,"column":6},"end":{"line":112,"column":null}},"type":"binary-expr","locations":[{"start":{"line":109,"column":6},"end":{"line":109,"column":null}},{"start":{"line":110,"column":7},"end":{"line":110,"column":null}},{"start":{"line":111,"column":8},"end":{"line":111,"column":null}},{"start":{"line":112,"column":8},"end":{"line":112,"column":null}}],"line":109},"10":{"loc":{"start":{"line":132,"column":4},"end":{"line":132,"column":null}},"type":"if","locations":[{"start":{"line":132,"column":4},"end":{"line":132,"column":null}},{"start":{},"end":{}}],"line":132},"11":{"loc":{"start":{"line":133,"column":4},"end":{"line":133,"column":null}},"type":"if","locations":[{"start":{"line":133,"column":4},"end":{"line":133,"column":null}},{"start":{},"end":{}}],"line":133},"12":{"loc":{"start":{"line":133,"column":8},"end":{"line":133,"column":64}},"type":"binary-expr","locations":[{"start":{"line":133,"column":8},"end":{"line":133,"column":42}},{"start":{"line":133,"column":42},"end":{"line":133,"column":64}}],"line":133},"13":{"loc":{"start":{"line":134,"column":4},"end":{"line":134,"column":null}},"type":"if","locations":[{"start":{"line":134,"column":4},"end":{"line":134,"column":null}},{"start":{},"end":{}}],"line":134},"14":{"loc":{"start":{"line":134,"column":8},"end":{"line":134,"column":69}},"type":"binary-expr","locations":[{"start":{"line":134,"column":8},"end":{"line":134,"column":43}},{"start":{"line":134,"column":43},"end":{"line":134,"column":69}}],"line":134},"15":{"loc":{"start":{"line":135,"column":4},"end":{"line":135,"column":null}},"type":"if","locations":[{"start":{"line":135,"column":4},"end":{"line":135,"column":null}},{"start":{},"end":{}}],"line":135},"16":{"loc":{"start":{"line":136,"column":4},"end":{"line":136,"column":null}},"type":"if","locations":[{"start":{"line":136,"column":4},"end":{"line":136,"column":null}},{"start":{},"end":{}}],"line":136},"17":{"loc":{"start":{"line":144,"column":9},"end":{"line":144,"column":73}},"type":"binary-expr","locations":[{"start":{"line":144,"column":9},"end":{"line":144,"column":19}},{"start":{"line":144,"column":19},"end":{"line":144,"column":40}},{"start":{"line":144,"column":40},"end":{"line":144,"column":73}}],"line":144},"18":{"loc":{"start":{"line":147,"column":9},"end":{"line":147,"column":null}},"type":"cond-expr","locations":[{"start":{"line":147,"column":41},"end":{"line":147,"column":50}},{"start":{"line":147,"column":50},"end":{"line":147,"column":null}}],"line":147},"19":{"loc":{"start":{"line":160,"column":14},"end":{"line":160,"column":null}},"type":"binary-expr","locations":[{"start":{"line":160,"column":14},"end":{"line":160,"column":41}},{"start":{"line":160,"column":41},"end":{"line":160,"column":null}}],"line":160},"20":{"loc":{"start":{"line":164,"column":4},"end":{"line":164,"column":null}},"type":"if","locations":[{"start":{"line":164,"column":4},"end":{"line":164,"column":null}},{"start":{},"end":{}}],"line":164},"21":{"loc":{"start":{"line":167,"column":4},"end":{"line":172,"column":null}},"type":"if","locations":[{"start":{"line":167,"column":4},"end":{"line":172,"column":null}},{"start":{},"end":{}}],"line":167},"22":{"loc":{"start":{"line":177,"column":23},"end":{"line":177,"column":null}},"type":"cond-expr","locations":[{"start":{"line":177,"column":32},"end":{"line":177,"column":67}},{"start":{"line":177,"column":67},"end":{"line":177,"column":null}}],"line":177},"23":{"loc":{"start":{"line":179,"column":4},"end":{"line":189,"column":null}},"type":"if","locations":[{"start":{"line":179,"column":4},"end":{"line":189,"column":null}},{"start":{"line":184,"column":11},"end":{"line":189,"column":null}}],"line":179},"24":{"loc":{"start":{"line":180,"column":6},"end":{"line":183,"column":null}},"type":"if","locations":[{"start":{"line":180,"column":6},"end":{"line":183,"column":null}},{"start":{},"end":{}}],"line":180},"25":{"loc":{"start":{"line":180,"column":10},"end":{"line":180,"column":43}},"type":"binary-expr","locations":[{"start":{"line":180,"column":10},"end":{"line":180,"column":25}},{"start":{"line":180,"column":25},"end":{"line":180,"column":43}}],"line":180},"26":{"loc":{"start":{"line":185,"column":6},"end":{"line":188,"column":null}},"type":"if","locations":[{"start":{"line":185,"column":6},"end":{"line":188,"column":null}},{"start":{},"end":{}}],"line":185},"27":{"loc":{"start":{"line":185,"column":10},"end":{"line":185,"column":42}},"type":"binary-expr","locations":[{"start":{"line":185,"column":10},"end":{"line":185,"column":25}},{"start":{"line":185,"column":25},"end":{"line":185,"column":42}}],"line":185},"28":{"loc":{"start":{"line":195,"column":2},"end":{"line":203,"column":null}},"type":"if","locations":[{"start":{"line":195,"column":2},"end":{"line":203,"column":null}},{"start":{"line":197,"column":9},"end":{"line":203,"column":null}}],"line":195},"29":{"loc":{"start":{"line":198,"column":4},"end":{"line":201,"column":null}},"type":"if","locations":[{"start":{"line":198,"column":4},"end":{"line":201,"column":null}},{"start":{},"end":{}}],"line":198},"30":{"loc":{"start":{"line":208,"column":6},"end":{"line":211,"column":null}},"type":"if","locations":[{"start":{"line":208,"column":6},"end":{"line":211,"column":null}},{"start":{},"end":{}}],"line":208},"31":{"loc":{"start":{"line":230,"column":2},"end":{"line":230,"column":null}},"type":"if","locations":[{"start":{"line":230,"column":2},"end":{"line":230,"column":null}},{"start":{},"end":{}}],"line":230},"32":{"loc":{"start":{"line":230,"column":6},"end":{"line":230,"column":45}},"type":"binary-expr","locations":[{"start":{"line":230,"column":6},"end":{"line":230,"column":13}},{"start":{"line":230,"column":13},"end":{"line":230,"column":45}}],"line":230},"33":{"loc":{"start":{"line":244,"column":45},"end":{"line":244,"column":82}},"type":"default-arg","locations":[{"start":{"line":244,"column":72},"end":{"line":244,"column":82}}],"line":244},"34":{"loc":{"start":{"line":247,"column":2},"end":{"line":249,"column":null}},"type":"if","locations":[{"start":{"line":247,"column":2},"end":{"line":249,"column":null}},{"start":{},"end":{}}],"line":247},"35":{"loc":{"start":{"line":250,"column":2},"end":{"line":252,"column":null}},"type":"if","locations":[{"start":{"line":250,"column":2},"end":{"line":252,"column":null}},{"start":{},"end":{}}],"line":250},"36":{"loc":{"start":{"line":253,"column":2},"end":{"line":255,"column":null}},"type":"if","locations":[{"start":{"line":253,"column":2},"end":{"line":255,"column":null}},{"start":{},"end":{}}],"line":253},"37":{"loc":{"start":{"line":261,"column":9},"end":{"line":261,"column":32}},"type":"binary-expr","locations":[{"start":{"line":261,"column":9},"end":{"line":261,"column":17}},{"start":{"line":261,"column":17},"end":{"line":261,"column":32}}],"line":261},"38":{"loc":{"start":{"line":263,"column":4},"end":{"line":263,"column":null}},"type":"if","locations":[{"start":{"line":263,"column":4},"end":{"line":263,"column":null}},{"start":{},"end":{}}],"line":263},"39":{"loc":{"start":{"line":264,"column":4},"end":{"line":267,"column":null}},"type":"if","locations":[{"start":{"line":264,"column":4},"end":{"line":267,"column":null}},{"start":{},"end":{}}],"line":264},"40":{"loc":{"start":{"line":264,"column":8},"end":{"line":264,"column":47}},"type":"binary-expr","locations":[{"start":{"line":264,"column":8},"end":{"line":264,"column":19}},{"start":{"line":264,"column":19},"end":{"line":264,"column":47}}],"line":264},"41":{"loc":{"start":{"line":268,"column":4},"end":{"line":268,"column":null}},"type":"if","locations":[{"start":{"line":268,"column":4},"end":{"line":268,"column":null}},{"start":{},"end":{}}],"line":268},"42":{"loc":{"start":{"line":284,"column":14},"end":{"line":284,"column":null}},"type":"binary-expr","locations":[{"start":{"line":284,"column":14},"end":{"line":284,"column":38}},{"start":{"line":284,"column":38},"end":{"line":284,"column":null}}],"line":284},"43":{"loc":{"start":{"line":286,"column":2},"end":{"line":286,"column":null}},"type":"if","locations":[{"start":{"line":286,"column":2},"end":{"line":286,"column":null}},{"start":{},"end":{}}],"line":286},"44":{"loc":{"start":{"line":296,"column":4},"end":{"line":296,"column":null}},"type":"if","locations":[{"start":{"line":296,"column":4},"end":{"line":296,"column":null}},{"start":{},"end":{}}],"line":296},"45":{"loc":{"start":{"line":297,"column":4},"end":{"line":297,"column":null}},"type":"if","locations":[{"start":{"line":297,"column":4},"end":{"line":297,"column":null}},{"start":{},"end":{}}],"line":297},"46":{"loc":{"start":{"line":297,"column":8},"end":{"line":297,"column":32}},"type":"binary-expr","locations":[{"start":{"line":297,"column":8},"end":{"line":297,"column":16}},{"start":{"line":297,"column":16},"end":{"line":297,"column":32}}],"line":297},"47":{"loc":{"start":{"line":302,"column":4},"end":{"line":302,"column":null}},"type":"if","locations":[{"start":{"line":302,"column":4},"end":{"line":302,"column":null}},{"start":{},"end":{}}],"line":302},"48":{"loc":{"start":{"line":302,"column":8},"end":{"line":302,"column":48}},"type":"binary-expr","locations":[{"start":{"line":302,"column":8},"end":{"line":302,"column":21}},{"start":{"line":302,"column":21},"end":{"line":302,"column":48}}],"line":302},"49":{"loc":{"start":{"line":314,"column":6},"end":{"line":318,"column":null}},"type":"if","locations":[{"start":{"line":314,"column":6},"end":{"line":318,"column":null}},{"start":{"line":316,"column":13},"end":{"line":318,"column":null}}],"line":314}},"s":{"0":4,"1":4,"2":4,"3":96,"4":121,"5":121,"6":121,"7":25,"8":96,"9":96,"10":96,"11":96,"12":121,"13":121,"14":121,"15":121,"16":121,"17":121,"18":121,"19":121,"20":287,"21":2,"22":285,"23":285,"24":285,"25":285,"26":1060,"27":1,"28":1059,"29":1059,"30":2,"31":1057,"32":282,"33":96,"34":96,"35":290,"36":1,"37":289,"38":1,"39":288,"40":1,"41":287,"42":2,"43":285,"44":3,"45":282,"46":82,"47":82,"48":24,"49":82,"50":81,"51":81,"52":81,"53":6,"54":1,"55":5,"56":5,"57":1,"58":1,"59":1,"60":4,"61":4,"62":4,"63":4,"64":6,"65":1,"66":1,"67":1,"68":3,"69":2,"70":2,"71":81,"72":81,"73":81,"74":79,"75":2,"76":1,"77":1,"78":2,"79":81,"80":67,"81":67,"82":1,"83":1,"84":78,"85":320,"86":260,"87":60,"88":60,"89":75,"90":75,"91":75,"92":73,"93":75,"94":45,"95":75,"96":1,"97":80,"98":80,"99":180,"100":180,"101":78,"102":102,"103":73,"104":73,"105":29,"106":1,"107":28,"108":1,"109":81,"110":81,"111":81,"112":1,"113":80,"114":80,"115":80,"116":163,"117":1,"118":162,"119":78,"120":84,"121":84,"122":84,"123":15,"124":69,"125":69,"126":69,"127":80,"128":66,"129":55,"130":55,"131":55,"132":54,"133":1},"f":{"0":96,"1":121,"2":121,"3":287,"4":285,"5":96,"6":290,"7":82,"8":81,"9":6,"10":67,"11":78,"12":320,"13":75,"14":80,"15":81,"16":1,"17":163,"18":66},"b":{"0":[96,0],"1":[5,116],"2":[25,96],"3":[5,91],"4":[5,91],"5":[121],"6":[2,285],"7":[1,1059],"8":[2,1057],"9":[1059,1059,1058,1057],"10":[1,289],"11":[1,288],"12":[289,3],"13":[1,287],"14":[288,2],"15":[2,285],"16":[3,282],"17":[82,106,24],"18":[82,0],"19":[81,0],"20":[1,5],"21":[1,4],"22":[4,0],"23":[1,3],"24":[1,0],"25":[1,1],"26":[2,1],"27":[3,2],"28":[79,2],"29":[1,1],"30":[1,66],"31":[260,60],"32":[320,60],"33":[75],"34":[73,2],"35":[45,30],"36":[1,74],"37":[80,181],"38":[78,102],"39":[73,29],"40":[102,101],"41":[1,28],"42":[81,0],"43":[1,80],"44":[1,162],"45":[78,84],"46":[162,159],"47":[15,69],"48":[84,15],"49":[54,1]},"meta":{"lastBranch":50,"lastFunction":19,"lastStatement":134,"seen":{"s:36:20:36:Infinity":0,"s:39:2:39:Infinity":1,"s:47:27:54:Infinity":2,"f:56:9:56:18":0,"s:57:2:57:Infinity":3,"b:57:9:57:31:57:31:57:Infinity":0,"f:60:9:60:23":1,"s:61:15:61:Infinity":4,"b:61:27:61:41:61:41:61:Infinity":1,"s:62:19:64:Infinity":5,"b:65:2:65:Infinity:undefined:undefined:undefined:undefined":2,"s:65:2:65:Infinity":6,"s:65:16:65:Infinity":7,"s:67:14:67:Infinity":8,"s:68:17:68:Infinity":9,"s:69:2:69:Infinity":10,"s:70:2:70:Infinity":11,"b:70:42:70:52:70:52:70:60":3,"s:71:2:71:Infinity":12,"b:71:47:71:61:71:61:71:69":4,"s:72:2:72:Infinity":13,"s:73:2:73:Infinity":14,"s:74:2:74:Infinity":15,"s:75:2:75:Infinity":16,"f:86:16:86:Infinity":2,"b:89:26:89:Infinity":5,"s:91:17:91:Infinity":17,"s:93:2:93:Infinity":18,"s:94:2:94:Infinity":19,"f:97:9:97:20":3,"b:98:2:98:Infinity:undefined:undefined:undefined:undefined":6,"s:98:2:98:Infinity":20,"s:98:35:98:Infinity":21,"s:99:18:99:Infinity":22,"s:100:2:100:Infinity":23,"f:103:9:103:18":4,"s:104:33:104:Infinity":24,"s:105:2:117:Infinity":25,"b:106:4:106:Infinity:undefined:undefined:undefined:undefined":7,"s:106:4:106:Infinity":26,"s:106:37:106:Infinity":27,"s:107:18:107:Infinity":28,"b:108:4:115:Infinity:undefined:undefined:undefined:undefined":8,"s:108:4:115:Infinity":29,"b:109:6:109:Infinity:110:7:110:Infinity:111:8:111:Infinity:112:8:112:Infinity":9,"s:114:6:114:Infinity":30,"s:116:4:116:Infinity":31,"s:118:2:118:Infinity":32,"f:127:16:127:29":5,"s:128:16:130:Infinity":33,"s:131:2:138:Infinity":34,"f:131:22:131:23":6,"b:132:4:132:Infinity:undefined:undefined:undefined:undefined":10,"s:132:4:132:Infinity":35,"s:132:46:132:Infinity":36,"b:133:4:133:Infinity:undefined:undefined:undefined:undefined":11,"s:133:4:133:Infinity":37,"b:133:8:133:42:133:42:133:64":12,"s:133:64:133:Infinity":38,"b:134:4:134:Infinity:undefined:undefined:undefined:undefined":13,"s:134:4:134:Infinity":39,"b:134:8:134:43:134:43:134:69":14,"s:134:69:134:Infinity":40,"b:135:4:135:Infinity:undefined:undefined:undefined:undefined":15,"s:135:4:135:Infinity":41,"s:135:24:135:Infinity":42,"b:136:4:136:Infinity:undefined:undefined:undefined:undefined":16,"s:136:4:136:Infinity":43,"s:136:22:136:Infinity":44,"s:137:4:137:Infinity":45,"f:142:9:142:30":7,"s:143:31:143:Infinity":46,"s:144:2:146:Infinity":47,"b:144:9:144:19:144:19:144:40:144:40:144:73":17,"s:145:4:145:Infinity":48,"s:147:2:147:Infinity":49,"b:147:41:147:50:147:50:147:Infinity":18,"f:159:16:159:32":8,"s:160:14:160:Infinity":50,"b:160:14:160:41:160:41:160:Infinity":19,"s:161:22:161:Infinity":51,"s:163:20:190:Infinity":52,"f:163:20:163:21":9,"b:164:4:164:Infinity:undefined:undefined:undefined:undefined":20,"s:164:4:164:Infinity":53,"s:164:29:164:Infinity":54,"s:166:22:166:Infinity":55,"b:167:4:172:Infinity:undefined:undefined:undefined:undefined":21,"s:167:4:172:Infinity":56,"s:169:6:169:Infinity":57,"s:170:6:170:Infinity":58,"s:171:6:171:Infinity":59,"s:174:18:174:Infinity":60,"s:175:17:175:Infinity":61,"s:176:19:176:Infinity":62,"s:177:23:177:Infinity":63,"b:177:32:177:67:177:67:177:Infinity":22,"b:179:4:189:Infinity:184:11:189:Infinity":23,"s:179:4:189:Infinity":64,"b:180:6:183:Infinity:undefined:undefined:undefined:undefined":24,"s:180:6:183:Infinity":65,"b:180:10:180:25:180:25:180:43":25,"s:181:8:181:Infinity":66,"s:182:8:182:Infinity":67,"b:185:6:188:Infinity:undefined:undefined:undefined:undefined":26,"s:185:6:188:Infinity":68,"b:185:10:185:25:185:25:185:42":27,"s:186:8:186:Infinity":69,"s:187:8:187:Infinity":70,"s:192:2:192:Infinity":71,"s:194:18:194:Infinity":72,"b:195:2:203:Infinity:197:9:203:Infinity":28,"s:195:2:203:Infinity":73,"s:196:4:196:Infinity":74,"b:198:4:201:Infinity:undefined:undefined:undefined:undefined":29,"s:198:4:201:Infinity":75,"s:199:6:199:Infinity":76,"s:200:6:200:Infinity":77,"s:202:4:202:Infinity":78,"s:205:2:213:Infinity":79,"f:206:4:206:20":10,"s:207:6:207:Infinity":80,"b:208:6:211:Infinity:undefined:undefined:undefined:undefined":30,"s:208:6:211:Infinity":81,"s:209:8:209:Infinity":82,"s:210:8:210:Infinity":83,"f:221:16:221:48":11,"s:222:2:222:Infinity":84,"f:229:16:229:29":12,"b:230:2:230:Infinity:undefined:undefined:undefined:undefined":31,"s:230:2:230:Infinity":85,"b:230:6:230:13:230:13:230:45":32,"s:230:45:230:Infinity":86,"s:231:2:235:Infinity":87,"s:232:4:232:Infinity":88,"f:244:16:244:28":13,"b:244:72:244:82":33,"s:245:2:245:Infinity":89,"s:246:2:246:Infinity":90,"b:247:2:249:Infinity:undefined:undefined:undefined:undefined":34,"s:247:2:249:Infinity":91,"s:248:4:248:Infinity":92,"b:250:2:252:Infinity:undefined:undefined:undefined:undefined":35,"s:250:2:252:Infinity":93,"s:251:4:251:Infinity":94,"b:253:2:255:Infinity:undefined:undefined:undefined:undefined":36,"s:253:2:255:Infinity":95,"s:254:4:254:Infinity":96,"f:259:9:259:26":14,"s:260:26:260:Infinity":97,"s:261:2:270:Infinity":98,"b:261:9:261:17:261:17:261:32":37,"s:262:32:262:Infinity":99,"b:263:4:263:Infinity:undefined:undefined:undefined:undefined":38,"s:263:4:263:Infinity":100,"s:263:25:263:Infinity":101,"b:264:4:267:Infinity:undefined:undefined:undefined:undefined":39,"s:264:4:267:Infinity":102,"b:264:8:264:19:264:19:264:47":40,"s:265:6:265:Infinity":103,"s:266:6:266:Infinity":104,"b:268:4:268:Infinity:undefined:undefined:undefined:undefined":41,"s:268:4:268:Infinity":105,"s:268:17:268:Infinity":106,"s:269:4:269:Infinity":107,"s:271:2:271:Infinity":108,"f:283:16:283:35":15,"s:284:14:284:Infinity":109,"b:284:14:284:38:284:38:284:Infinity":42,"s:285:15:285:Infinity":110,"b:286:2:286:Infinity:undefined:undefined:undefined:undefined":43,"s:286:2:286:Infinity":111,"s:286:13:286:Infinity":112,"f:286:20:286:26":16,"s:288:15:288:Infinity":113,"s:293:7:293:Infinity":114,"s:295:2:307:Infinity":115,"f:295:36:295:37":17,"b:296:4:296:Infinity:undefined:undefined:undefined:undefined":44,"s:296:4:296:Infinity":116,"s:296:41:296:Infinity":117,"b:297:4:297:Infinity:undefined:undefined:undefined:undefined":45,"s:297:4:297:Infinity":118,"b:297:8:297:16:297:16:297:32":46,"s:297:32:297:Infinity":119,"s:299:22:299:Infinity":120,"s:300:27:300:Infinity":121,"b:302:4:302:Infinity:undefined:undefined:undefined:undefined":47,"s:302:4:302:Infinity":122,"b:302:8:302:21:302:21:302:48":48,"s:302:48:302:Infinity":123,"s:304:4:304:Infinity":124,"s:305:4:305:Infinity":125,"s:306:4:306:Infinity":126,"s:309:2:320:Infinity":127,"f:309:18:309:34":18,"s:310:4:319:Infinity":128,"s:312:20:312:Infinity":129,"s:313:6:313:Infinity":130,"b:314:6:318:Infinity:316:13:318:Infinity":49,"s:314:6:318:Infinity":131,"s:315:8:315:Infinity":132,"s:317:8:317:Infinity":133},"fnNames":{}}}
,"/Users/law/Programming/Web/qaid-feedback/thumbs-embed/src/console-capture.ts": {"path":"/Users/law/Programming/Web/qaid-feedback/thumbs-embed/src/console-capture.ts","statementMap":{"0":{"start":{"line":7,"column":21},"end":{"line":7,"column":null}},"1":{"start":{"line":22,"column":33},"end":{"line":22,"column":null}},"2":{"start":{"line":23,"column":24},"end":{"line":23,"column":null}},"3":{"start":{"line":24,"column":23},"end":{"line":24,"column":null}},"4":{"start":{"line":25,"column":22},"end":{"line":25,"column":null}},"5":{"start":{"line":27,"column":18},"end":{"line":44,"column":null}},"6":{"start":{"line":28,"column":32},"end":{"line":32,"column":null}},"7":{"start":{"line":29,"column":33},"end":{"line":29,"column":44}},"8":{"start":{"line":35,"column":4},"end":{"line":37,"column":null}},"9":{"start":{"line":36,"column":6},"end":{"line":36,"column":null}},"10":{"start":{"line":38,"column":4},"end":{"line":38,"column":null}},"11":{"start":{"line":41,"column":4},"end":{"line":43,"column":null}},"12":{"start":{"line":42,"column":6},"end":{"line":42,"column":null}},"13":{"start":{"line":46,"column":2},"end":{"line":49,"column":null}},"14":{"start":{"line":47,"column":4},"end":{"line":47,"column":null}},"15":{"start":{"line":48,"column":4},"end":{"line":48,"column":null}},"16":{"start":{"line":51,"column":2},"end":{"line":54,"column":null}},"17":{"start":{"line":52,"column":4},"end":{"line":52,"column":null}},"18":{"start":{"line":53,"column":4},"end":{"line":53,"column":null}},"19":{"start":{"line":56,"column":2},"end":{"line":59,"column":null}},"20":{"start":{"line":57,"column":4},"end":{"line":57,"column":null}},"21":{"start":{"line":58,"column":4},"end":{"line":58,"column":null}},"22":{"start":{"line":61,"column":2},"end":{"line":68,"column":null}},"23":{"start":{"line":64,"column":6},"end":{"line":64,"column":null}},"24":{"start":{"line":65,"column":6},"end":{"line":65,"column":null}},"25":{"start":{"line":66,"column":6},"end":{"line":66,"column":null}},"26":{"start":{"line":75,"column":2},"end":{"line":77,"column":null}},"27":{"start":{"line":76,"column":4},"end":{"line":76,"column":null}},"28":{"start":{"line":78,"column":2},"end":{"line":78,"column":null}},"29":{"start":{"line":85,"column":15},"end":{"line":85,"column":null}},"30":{"start":{"line":86,"column":15},"end":{"line":86,"column":null}},"31":{"start":{"line":87,"column":22},"end":{"line":87,"column":null}},"32":{"start":{"line":88,"column":2},"end":{"line":88,"column":null}}},"fnMap":{"0":{"name":"captureConsoleErrors","decl":{"start":{"line":19,"column":16},"end":{"line":19,"column":null}},"loc":{"start":{"line":21,"column":18},"end":{"line":69,"column":null}},"line":21},"1":{"name":"(anonymous_1)","decl":{"start":{"line":27,"column":18},"end":{"line":27,"column":19}},"loc":{"start":{"line":27,"column":60},"end":{"line":44,"column":null}},"line":27},"2":{"name":"(anonymous_2)","decl":{"start":{"line":29,"column":24},"end":{"line":29,"column":25}},"loc":{"start":{"line":29,"column":33},"end":{"line":29,"column":44}},"line":29},"3":{"name":"(anonymous_3)","decl":{"start":{"line":46,"column":18},"end":{"line":46,"column":31}},"loc":{"start":{"line":46,"column":48},"end":{"line":49,"column":null}},"line":46},"4":{"name":"(anonymous_4)","decl":{"start":{"line":51,"column":17},"end":{"line":51,"column":30}},"loc":{"start":{"line":51,"column":47},"end":{"line":54,"column":null}},"line":51},"5":{"name":"(anonymous_5)","decl":{"start":{"line":56,"column":16},"end":{"line":56,"column":29}},"loc":{"start":{"line":56,"column":46},"end":{"line":59,"column":null}},"line":56},"6":{"name":"(anonymous_6)","decl":{"start":{"line":63,"column":13},"end":{"line":63,"column":19}},"loc":{"start":{"line":63,"column":19},"end":{"line":67,"column":null}},"line":63},"7":{"name":"addError","decl":{"start":{"line":74,"column":16},"end":{"line":74,"column":25}},"loc":{"start":{"line":74,"column":76},"end":{"line":79,"column":null}},"line":74},"8":{"name":"formatError","decl":{"start":{"line":84,"column":16},"end":{"line":84,"column":28}},"loc":{"start":{"line":84,"column":57},"end":{"line":89,"column":null}},"line":84}},"branchMap":{"0":{"loc":{"start":{"line":35,"column":4},"end":{"line":37,"column":null}},"type":"if","locations":[{"start":{"line":35,"column":4},"end":{"line":37,"column":null}},{"start":{},"end":{}}],"line":35},"1":{"loc":{"start":{"line":41,"column":4},"end":{"line":43,"column":null}},"type":"if","locations":[{"start":{"line":41,"column":4},"end":{"line":43,"column":null}},{"start":{},"end":{}}],"line":41},"2":{"loc":{"start":{"line":75,"column":2},"end":{"line":77,"column":null}},"type":"if","locations":[{"start":{"line":75,"column":2},"end":{"line":77,"column":null}},{"start":{},"end":{}}],"line":75},"3":{"loc":{"start":{"line":87,"column":22},"end":{"line":87,"column":null}},"type":"cond-expr","locations":[{"start":{"line":87,"column":48},"end":{"line":87,"column":56}},{"start":{"line":87,"column":56},"end":{"line":87,"column":null}}],"line":87},"4":{"loc":{"start":{"line":87,"column":56},"end":{"line":87,"column":null}},"type":"cond-expr","locations":[{"start":{"line":87,"column":81},"end":{"line":87,"column":89}},{"start":{"line":87,"column":89},"end":{"line":87,"column":null}}],"line":87}},"s":{"0":4,"1":141,"2":141,"3":141,"4":141,"5":141,"6":41,"7":49,"8":41,"9":5,"10":41,"11":41,"12":8,"13":141,"14":37,"15":37,"16":141,"17":2,"18":2,"19":141,"20":2,"21":2,"22":141,"23":141,"24":141,"25":141,"26":22,"27":1,"28":22,"29":5,"30":5,"31":5,"32":5},"f":{"0":141,"1":41,"2":49,"3":37,"4":2,"5":2,"6":141,"7":22,"8":5},"b":{"0":[5,36],"1":[8,33],"2":[1,21],"3":[1,4],"4":[1,3]},"meta":{"lastBranch":5,"lastFunction":9,"lastStatement":33,"seen":{"s:7:21:7:Infinity":0,"f:19:16:19:Infinity":0,"s:22:33:22:Infinity":1,"s:23:24:23:Infinity":2,"s:24:23:24:Infinity":3,"s:25:22:25:Infinity":4,"s:27:18:44:Infinity":5,"f:27:18:27:19":1,"s:28:32:32:Infinity":6,"f:29:24:29:25":2,"s:29:33:29:44":7,"b:35:4:37:Infinity:undefined:undefined:undefined:undefined":0,"s:35:4:37:Infinity":8,"s:36:6:36:Infinity":9,"s:38:4:38:Infinity":10,"b:41:4:43:Infinity:undefined:undefined:undefined:undefined":1,"s:41:4:43:Infinity":11,"s:42:6:42:Infinity":12,"s:46:2:49:Infinity":13,"f:46:18:46:31":3,"s:47:4:47:Infinity":14,"s:48:4:48:Infinity":15,"s:51:2:54:Infinity":16,"f:51:17:51:30":4,"s:52:4:52:Infinity":17,"s:53:4:53:Infinity":18,"s:56:2:59:Infinity":19,"f:56:16:56:29":5,"s:57:4:57:Infinity":20,"s:58:4:58:Infinity":21,"s:61:2:68:Infinity":22,"f:63:13:63:19":6,"s:64:6:64:Infinity":23,"s:65:6:65:Infinity":24,"s:66:6:66:Infinity":25,"f:74:16:74:25":7,"b:75:2:77:Infinity:undefined:undefined:undefined:undefined":2,"s:75:2:77:Infinity":26,"s:76:4:76:Infinity":27,"s:78:2:78:Infinity":28,"f:84:16:84:28":8,"s:85:15:85:Infinity":29,"s:86:15:86:Infinity":30,"s:87:22:87:Infinity":31,"b:87:48:87:56:87:56:87:Infinity":3,"b:87:81:87:89:87:89:87:Infinity":4,"s:88:2:88:Infinity":32},"fnNames":{}}}
,"/Users/law/Programming/Web/qaid-feedback/thumbs-embed/src/dom-utils.ts": {"path":"/Users/law/Programming/Web/qaid-feedback/thumbs-embed/src/dom-utils.ts","statementMap":{"0":{"start":{"line":13,"column":13},"end":{"line":13,"column":null}},"1":{"start":{"line":15,"column":2},"end":{"line":23,"column":null}},"2":{"start":{"line":16,"column":4},"end":{"line":22,"column":null}},"3":{"start":{"line":17,"column":6},"end":{"line":21,"column":null}},"4":{"start":{"line":18,"column":8},"end":{"line":18,"column":null}},"5":{"start":{"line":20,"column":8},"end":{"line":20,"column":null}},"6":{"start":{"line":25,"column":2},"end":{"line":33,"column":null}},"7":{"start":{"line":26,"column":4},"end":{"line":32,"column":null}},"8":{"start":{"line":27,"column":6},"end":{"line":31,"column":null}},"9":{"start":{"line":28,"column":8},"end":{"line":28,"column":null}},"10":{"start":{"line":30,"column":8},"end":{"line":30,"column":null}},"11":{"start":{"line":35,"column":2},"end":{"line":35,"column":null}},"12":{"start":{"line":42,"column":2},"end":{"line":42,"column":null}},"13":{"start":{"line":56,"column":16},"end":{"line":56,"column":null}},"14":{"start":{"line":56,"column":33},"end":{"line":56,"column":51}},"15":{"start":{"line":57,"column":2},"end":{"line":57,"column":null}},"16":{"start":{"line":57,"column":24},"end":{"line":57,"column":54}},"17":{"start":{"line":58,"column":18},"end":{"line":58,"column":null}},"18":{"start":{"line":59,"column":2},"end":{"line":59,"column":null}},"19":{"start":{"line":59,"column":27},"end":{"line":59,"column":57}},"20":{"start":{"line":60,"column":2},"end":{"line":60,"column":null}},"21":{"start":{"line":69,"column":2},"end":{"line":69,"column":null}},"22":{"start":{"line":69,"column":16},"end":{"line":69,"column":null}},"23":{"start":{"line":71,"column":2},"end":{"line":71,"column":null}},"24":{"start":{"line":71,"column":98},"end":{"line":71,"column":null}},"25":{"start":{"line":73,"column":2},"end":{"line":73,"column":null}},"26":{"start":{"line":83,"column":15},"end":{"line":83,"column":null}},"27":{"start":{"line":84,"column":2},"end":{"line":89,"column":null}},"28":{"start":{"line":96,"column":2},"end":{"line":98,"column":null}},"29":{"start":{"line":97,"column":4},"end":{"line":97,"column":null}}},"fnMap":{"0":{"name":"createElement","decl":{"start":{"line":8,"column":16},"end":{"line":8,"column":null}},"loc":{"start":{"line":12,"column":28},"end":{"line":36,"column":null}},"line":12},"1":{"name":"isMobileViewport","decl":{"start":{"line":41,"column":16},"end":{"line":41,"column":33}},"loc":{"start":{"line":41,"column":60},"end":{"line":43,"column":null}},"line":41},"2":{"name":"getElementAtPointUnderOverlay","decl":{"start":{"line":51,"column":16},"end":{"line":51,"column":null}},"loc":{"start":{"line":55,"column":18},"end":{"line":61,"column":null}},"line":55},"3":{"name":"(anonymous_3)","decl":{"start":{"line":56,"column":26},"end":{"line":56,"column":27}},"loc":{"start":{"line":56,"column":33},"end":{"line":56,"column":51}},"line":56},"4":{"name":"(anonymous_4)","decl":{"start":{"line":57,"column":16},"end":{"line":57,"column":17}},"loc":{"start":{"line":57,"column":24},"end":{"line":57,"column":54}},"line":57},"5":{"name":"(anonymous_5)","decl":{"start":{"line":59,"column":16},"end":{"line":59,"column":17}},"loc":{"start":{"line":59,"column":27},"end":{"line":59,"column":57}},"line":59},"6":{"name":"isEmbedElement","decl":{"start":{"line":68,"column":16},"end":{"line":68,"column":31}},"loc":{"start":{"line":68,"column":65},"end":{"line":74,"column":null}},"line":68},"7":{"name":"getElementBounds","decl":{"start":{"line":79,"column":16},"end":{"line":79,"column":null}},"loc":{"start":{"line":82,"column":59},"end":{"line":90,"column":null}},"line":82},"8":{"name":"removeAllByClass","decl":{"start":{"line":95,"column":16},"end":{"line":95,"column":33}},"loc":{"start":{"line":95,"column":58},"end":{"line":99,"column":null}},"line":95},"9":{"name":"(anonymous_9)","decl":{"start":{"line":96,"column":53},"end":{"line":96,"column":54}},"loc":{"start":{"line":96,"column":61},"end":{"line":98,"column":3}},"line":96}},"branchMap":{"0":{"loc":{"start":{"line":15,"column":2},"end":{"line":23,"column":null}},"type":"if","locations":[{"start":{"line":15,"column":2},"end":{"line":23,"column":null}},{"start":{},"end":{}}],"line":15},"1":{"loc":{"start":{"line":17,"column":6},"end":{"line":21,"column":null}},"type":"if","locations":[{"start":{"line":17,"column":6},"end":{"line":21,"column":null}},{"start":{"line":19,"column":13},"end":{"line":21,"column":null}}],"line":17},"2":{"loc":{"start":{"line":25,"column":2},"end":{"line":33,"column":null}},"type":"if","locations":[{"start":{"line":25,"column":2},"end":{"line":33,"column":null}},{"start":{},"end":{}}],"line":25},"3":{"loc":{"start":{"line":27,"column":6},"end":{"line":31,"column":null}},"type":"if","locations":[{"start":{"line":27,"column":6},"end":{"line":31,"column":null}},{"start":{"line":29,"column":13},"end":{"line":31,"column":null}}],"line":27},"4":{"loc":{"start":{"line":41,"column":33},"end":{"line":41,"column":60}},"type":"default-arg","locations":[{"start":{"line":41,"column":46},"end":{"line":41,"column":60}}],"line":41},"5":{"loc":{"start":{"line":42,"column":9},"end":{"line":42,"column":null}},"type":"binary-expr","locations":[{"start":{"line":42,"column":9},"end":{"line":42,"column":42}},{"start":{"line":42,"column":42},"end":{"line":42,"column":null}}],"line":42},"6":{"loc":{"start":{"line":69,"column":2},"end":{"line":69,"column":null}},"type":"if","locations":[{"start":{"line":69,"column":2},"end":{"line":69,"column":null}},{"start":{},"end":{}}],"line":69},"7":{"loc":{"start":{"line":71,"column":2},"end":{"line":71,"column":null}},"type":"if","locations":[{"start":{"line":71,"column":2},"end":{"line":71,"column":null}},{"start":{},"end":{}}],"line":71},"8":{"loc":{"start":{"line":71,"column":6},"end":{"line":71,"column":98}},"type":"binary-expr","locations":[{"start":{"line":71,"column":6},"end":{"line":71,"column":49}},{"start":{"line":71,"column":49},"end":{"line":71,"column":98}}],"line":71},"9":{"loc":{"start":{"line":81,"column":2},"end":{"line":81,"column":null}},"type":"default-arg","locations":[{"start":{"line":81,"column":12},"end":{"line":81,"column":null}}],"line":81}},"s":{"0":6,"1":6,"2":5,"3":3,"4":1,"5":2,"6":6,"7":3,"8":6,"9":4,"10":2,"11":6,"12":136,"13":9,"14":15,"15":9,"16":15,"17":9,"18":9,"19":15,"20":9,"21":12,"22":1,"23":11,"24":3,"25":8,"26":5,"27":5,"28":2,"29":2},"f":{"0":6,"1":136,"2":9,"3":15,"4":15,"5":15,"6":12,"7":5,"8":2,"9":2},"b":{"0":[5,1],"1":[1,2],"2":[3,3],"3":[4,2],"4":[136],"5":[136,136],"6":[1,11],"7":[3,8],"8":[11,9],"9":[5]},"meta":{"lastBranch":10,"lastFunction":10,"lastStatement":30,"seen":{"f:8:16:8:Infinity":0,"s:13:13:13:Infinity":0,"b:15:2:23:Infinity:undefined:undefined:undefined:undefined":0,"s:15:2:23:Infinity":1,"s:16:4:22:Infinity":2,"b:17:6:21:Infinity:19:13:21:Infinity":1,"s:17:6:21:Infinity":3,"s:18:8:18:Infinity":4,"s:20:8:20:Infinity":5,"b:25:2:33:Infinity:undefined:undefined:undefined:undefined":2,"s:25:2:33:Infinity":6,"s:26:4:32:Infinity":7,"b:27:6:31:Infinity:29:13:31:Infinity":3,"s:27:6:31:Infinity":8,"s:28:8:28:Infinity":9,"s:30:8:30:Infinity":10,"s:35:2:35:Infinity":11,"f:41:16:41:33":1,"b:41:46:41:60":4,"s:42:2:42:Infinity":12,"b:42:9:42:42:42:42:42:Infinity":5,"f:51:16:51:Infinity":2,"s:56:16:56:Infinity":13,"f:56:26:56:27":3,"s:56:33:56:51":14,"s:57:2:57:Infinity":15,"f:57:16:57:17":4,"s:57:24:57:54":16,"s:58:18:58:Infinity":17,"s:59:2:59:Infinity":18,"f:59:16:59:17":5,"s:59:27:59:57":19,"s:60:2:60:Infinity":20,"f:68:16:68:31":6,"b:69:2:69:Infinity:undefined:undefined:undefined:undefined":6,"s:69:2:69:Infinity":21,"s:69:16:69:Infinity":22,"b:71:2:71:Infinity:undefined:undefined:undefined:undefined":7,"s:71:2:71:Infinity":23,"b:71:6:71:49:71:49:71:98":8,"s:71:98:71:Infinity":24,"s:73:2:73:Infinity":25,"f:79:16:79:Infinity":7,"b:81:12:81:Infinity":9,"s:83:15:83:Infinity":26,"s:84:2:89:Infinity":27,"f:95:16:95:33":8,"s:96:2:98:Infinity":28,"f:96:53:96:54":9,"s:97:4:97:Infinity":29},"fnNames":{}}}
,"/Users/law/Programming/Web/qaid-feedback/thumbs-embed/src/element-selector.ts": {"path":"/Users/law/Programming/Web/qaid-feedback/thumbs-embed/src/element-selector.ts","statementMap":{"0":{"start":{"line":6,"column":26},"end":{"line":6,"column":null}},"1":{"start":{"line":21,"column":32},"end":{"line":21,"column":null}},"2":{"start":{"line":23,"column":2},"end":{"line":31,"column":null}},"3":{"start":{"line":24,"column":4},"end":{"line":29,"column":null}},"4":{"start":{"line":25,"column":20},"end":{"line":25,"column":null}},"5":{"start":{"line":26,"column":6},"end":{"line":28,"column":null}},"6":{"start":{"line":27,"column":8},"end":{"line":27,"column":null}},"7":{"start":{"line":30,"column":4},"end":{"line":30,"column":null}},"8":{"start":{"line":33,"column":2},"end":{"line":33,"column":null}},"9":{"start":{"line":40,"column":22},"end":{"line":40,"column":null}},"10":{"start":{"line":41,"column":2},"end":{"line":41,"column":null}},"11":{"start":{"line":48,"column":14},"end":{"line":48,"column":null}},"12":{"start":{"line":49,"column":16},"end":{"line":49,"column":null}},"13":{"start":{"line":50,"column":2},"end":{"line":53,"column":null}},"14":{"start":{"line":51,"column":4},"end":{"line":51,"column":null}},"15":{"start":{"line":52,"column":4},"end":{"line":52,"column":null}},"16":{"start":{"line":54,"column":2},"end":{"line":54,"column":null}},"17":{"start":{"line":63,"column":25},"end":{"line":63,"column":null}},"18":{"start":{"line":64,"column":32},"end":{"line":64,"column":null}},"19":{"start":{"line":66,"column":2},"end":{"line":71,"column":null}},"20":{"start":{"line":67,"column":16},"end":{"line":67,"column":null}},"21":{"start":{"line":68,"column":18},"end":{"line":68,"column":null}},"22":{"start":{"line":69,"column":4},"end":{"line":69,"column":null}},"23":{"start":{"line":70,"column":4},"end":{"line":70,"column":null}},"24":{"start":{"line":73,"column":2},"end":{"line":73,"column":null}},"25":{"start":{"line":80,"column":2},"end":{"line":80,"column":null}},"26":{"start":{"line":89,"column":19},"end":{"line":89,"column":null}},"27":{"start":{"line":90,"column":2},"end":{"line":92,"column":null}},"28":{"start":{"line":91,"column":4},"end":{"line":91,"column":null}},"29":{"start":{"line":95,"column":2},"end":{"line":97,"column":null}},"30":{"start":{"line":96,"column":4},"end":{"line":96,"column":null}},"31":{"start":{"line":100,"column":2},"end":{"line":100,"column":null}},"32":{"start":{"line":107,"column":15},"end":{"line":107,"column":null}},"33":{"start":{"line":108,"column":19},"end":{"line":108,"column":null}},"34":{"start":{"line":109,"column":19},"end":{"line":109,"column":null}},"35":{"start":{"line":111,"column":2},"end":{"line":111,"column":null}},"36":{"start":{"line":132,"column":43},"end":{"line":152,"column":null}},"37":{"start":{"line":151,"column":30},"end":{"line":151,"column":41}},"38":{"start":{"line":155,"column":27},"end":{"line":155,"column":null}},"39":{"start":{"line":165,"column":2},"end":{"line":165,"column":null}},"40":{"start":{"line":165,"column":38},"end":{"line":165,"column":null}},"41":{"start":{"line":166,"column":2},"end":{"line":166,"column":null}},"42":{"start":{"line":166,"column":54},"end":{"line":166,"column":null}},"43":{"start":{"line":167,"column":15},"end":{"line":167,"column":null}},"44":{"start":{"line":168,"column":2},"end":{"line":171,"column":null}},"45":{"start":{"line":169,"column":18},"end":{"line":169,"column":null}},"46":{"start":{"line":170,"column":4},"end":{"line":170,"column":null}},"47":{"start":{"line":170,"column":67},"end":{"line":170,"column":null}},"48":{"start":{"line":172,"column":2},"end":{"line":172,"column":null}},"49":{"start":{"line":193,"column":15},"end":{"line":193,"column":null}},"50":{"start":{"line":194,"column":19},"end":{"line":194,"column":null}},"51":{"start":{"line":195,"column":21},"end":{"line":195,"column":null}},"52":{"start":{"line":195,"column":50},"end":{"line":195,"column":null}},"53":{"start":{"line":196,"column":20},"end":{"line":196,"column":null}},"54":{"start":{"line":198,"column":2},"end":{"line":200,"column":null}},"55":{"start":{"line":199,"column":17},"end":{"line":199,"column":null}},"56":{"start":{"line":275,"column":4},"end":{"line":281,"column":null}},"57":{"start":{"line":283,"column":20},"end":{"line":283,"column":null}},"58":{"start":{"line":284,"column":30},"end":{"line":284,"column":null}},"59":{"start":{"line":285,"column":24},"end":{"line":285,"column":null}},"60":{"start":{"line":287,"column":14},"end":{"line":287,"column":null}},"61":{"start":{"line":288,"column":16},"end":{"line":288,"column":null}},"62":{"start":{"line":294,"column":4},"end":{"line":298,"column":null}},"63":{"start":{"line":299,"column":2},"end":{"line":302,"column":null}},"64":{"start":{"line":300,"column":22},"end":{"line":300,"column":null}},"65":{"start":{"line":301,"column":4},"end":{"line":301,"column":null}},"66":{"start":{"line":301,"column":24},"end":{"line":301,"column":null}},"67":{"start":{"line":303,"column":2},"end":{"line":303,"column":null}},"68":{"start":{"line":303,"column":42},"end":{"line":303,"column":null}},"69":{"start":{"line":306,"column":4},"end":{"line":306,"column":null}},"70":{"start":{"line":306,"column":20},"end":{"line":306,"column":null}},"71":{"start":{"line":307,"column":22},"end":{"line":307,"column":null}},"72":{"start":{"line":308,"column":4},"end":{"line":308,"column":null}},"73":{"start":{"line":308,"column":47},"end":{"line":308,"column":null}},"74":{"start":{"line":311,"column":4},"end":{"line":317,"column":null}},"75":{"start":{"line":315,"column":6},"end":{"line":315,"column":null}},"76":{"start":{"line":316,"column":6},"end":{"line":316,"column":null}},"77":{"start":{"line":318,"column":4},"end":{"line":322,"column":null}},"78":{"start":{"line":319,"column":6},"end":{"line":319,"column":null}},"79":{"start":{"line":326,"column":20},"end":{"line":326,"column":null}},"80":{"start":{"line":327,"column":4},"end":{"line":327,"column":null}},"81":{"start":{"line":327,"column":18},"end":{"line":327,"column":null}},"82":{"start":{"line":328,"column":4},"end":{"line":328,"column":null}},"83":{"start":{"line":329,"column":4},"end":{"line":329,"column":null}},"84":{"start":{"line":333,"column":4},"end":{"line":333,"column":null}},"85":{"start":{"line":333,"column":44},"end":{"line":333,"column":null}},"86":{"start":{"line":334,"column":16},"end":{"line":334,"column":null}},"87":{"start":{"line":335,"column":4},"end":{"line":335,"column":null}},"88":{"start":{"line":336,"column":4},"end":{"line":336,"column":null}},"89":{"start":{"line":340,"column":4},"end":{"line":340,"column":null}},"90":{"start":{"line":344,"column":4},"end":{"line":344,"column":null}},"91":{"start":{"line":348,"column":4},"end":{"line":348,"column":null}},"92":{"start":{"line":352,"column":4},"end":{"line":352,"column":null}},"93":{"start":{"line":352,"column":17},"end":{"line":352,"column":null}},"94":{"start":{"line":353,"column":4},"end":{"line":353,"column":null}},"95":{"start":{"line":354,"column":4},"end":{"line":354,"column":null}},"96":{"start":{"line":355,"column":4},"end":{"line":355,"column":null}},"97":{"start":{"line":355,"column":39},"end":{"line":355,"column":74}},"98":{"start":{"line":356,"column":4},"end":{"line":356,"column":null}},"99":{"start":{"line":360,"column":4},"end":{"line":360,"column":null}},"100":{"start":{"line":360,"column":17},"end":{"line":360,"column":null}},"101":{"start":{"line":361,"column":20},"end":{"line":361,"column":null}},"102":{"start":{"line":362,"column":4},"end":{"line":362,"column":null}},"103":{"start":{"line":363,"column":4},"end":{"line":363,"column":null}},"104":{"start":{"line":363,"column":17},"end":{"line":363,"column":null}},"105":{"start":{"line":367,"column":4},"end":{"line":367,"column":null}},"106":{"start":{"line":367,"column":17},"end":{"line":367,"column":null}},"107":{"start":{"line":368,"column":4},"end":{"line":368,"column":null}},"108":{"start":{"line":369,"column":4},"end":{"line":369,"column":null}},"109":{"start":{"line":373,"column":4},"end":{"line":373,"column":null}},"110":{"start":{"line":373,"column":17},"end":{"line":373,"column":null}},"111":{"start":{"line":374,"column":4},"end":{"line":408,"column":null}},"112":{"start":{"line":376,"column":8},"end":{"line":376,"column":null}},"113":{"start":{"line":377,"column":8},"end":{"line":377,"column":null}},"114":{"start":{"line":378,"column":8},"end":{"line":379,"column":null}},"115":{"start":{"line":378,"column":28},"end":{"line":378,"column":null}},"116":{"start":{"line":379,"column":13},"end":{"line":379,"column":null}},"117":{"start":{"line":380,"column":8},"end":{"line":380,"column":null}},"118":{"start":{"line":383,"column":8},"end":{"line":383,"column":null}},"119":{"start":{"line":384,"column":8},"end":{"line":384,"column":null}},"120":{"start":{"line":385,"column":8},"end":{"line":385,"column":null}},"121":{"start":{"line":386,"column":8},"end":{"line":386,"column":null}},"122":{"start":{"line":389,"column":8},"end":{"line":389,"column":null}},"123":{"start":{"line":390,"column":8},"end":{"line":390,"column":null}},"124":{"start":{"line":391,"column":8},"end":{"line":391,"column":null}},"125":{"start":{"line":392,"column":8},"end":{"line":392,"column":null}},"126":{"start":{"line":396,"column":8},"end":{"line":396,"column":null}},"127":{"start":{"line":397,"column":8},"end":{"line":397,"column":null}},"128":{"start":{"line":398,"column":8},"end":{"line":398,"column":null}},"129":{"start":{"line":399,"column":8},"end":{"line":399,"column":null}},"130":{"start":{"line":402,"column":8},"end":{"line":402,"column":null}},"131":{"start":{"line":403,"column":8},"end":{"line":403,"column":null}},"132":{"start":{"line":404,"column":8},"end":{"line":404,"column":null}},"133":{"start":{"line":405,"column":8},"end":{"line":405,"column":null}},"134":{"start":{"line":407,"column":8},"end":{"line":407,"column":null}},"135":{"start":{"line":411,"column":2},"end":{"line":411,"column":null}},"136":{"start":{"line":414,"column":2},"end":{"line":414,"column":null}},"137":{"start":{"line":414,"column":18},"end":{"line":414,"column":null}},"138":{"start":{"line":416,"column":2},"end":{"line":427,"column":null}},"139":{"start":{"line":418,"column":20},"end":{"line":418,"column":null}}},"fnMap":{"0":{"name":"findDataAttribute","decl":{"start":{"line":17,"column":16},"end":{"line":17,"column":null}},"loc":{"start":{"line":20,"column":17},"end":{"line":34,"column":null}},"line":20},"1":{"name":"getTruncatedText","decl":{"start":{"line":39,"column":16},"end":{"line":39,"column":33}},"loc":{"start":{"line":39,"column":76},"end":{"line":42,"column":null}},"line":39},"2":{"name":"getNthChildIndex","decl":{"start":{"line":47,"column":9},"end":{"line":47,"column":26}},"loc":{"start":{"line":47,"column":52},"end":{"line":55,"column":null}},"line":47},"3":{"name":"generateNthChildPath","decl":{"start":{"line":62,"column":16},"end":{"line":62,"column":37}},"loc":{"start":{"line":62,"column":63},"end":{"line":74,"column":null}},"line":62},"4":{"name":"escapeCSSIdentifier","decl":{"start":{"line":79,"column":9},"end":{"line":79,"column":29}},"loc":{"start":{"line":79,"column":50},"end":{"line":81,"column":null}},"line":79},"5":{"name":"generateSelector","decl":{"start":{"line":87,"column":16},"end":{"line":87,"column":33}},"loc":{"start":{"line":87,"column":59},"end":{"line":101,"column":null}},"line":87},"6":{"name":"generateElementInfo","decl":{"start":{"line":106,"column":16},"end":{"line":106,"column":36}},"loc":{"start":{"line":106,"column":67},"end":{"line":112,"column":null}},"line":106},"7":{"name":"(anonymous_7)","decl":{"start":{"line":151,"column":20},"end":{"line":151,"column":21}},"loc":{"start":{"line":151,"column":30},"end":{"line":151,"column":41}},"line":151},"8":{"name":"isElementVisible","decl":{"start":{"line":164,"column":16},"end":{"line":164,"column":33}},"loc":{"start":{"line":164,"column":60},"end":{"line":173,"column":null}},"line":164},"9":{"name":"collectTargetableElements","decl":{"start":{"line":190,"column":16},"end":{"line":190,"column":null}},"loc":{"start":{"line":192,"column":13},"end":{"line":201,"column":null}},"line":192},"10":{"name":"(anonymous_10)","decl":{"start":{"line":195,"column":44},"end":{"line":195,"column":50}},"loc":{"start":{"line":195,"column":50},"end":{"line":195,"column":null}},"line":195},"11":{"name":"(anonymous_11)","decl":{"start":{"line":199,"column":4},"end":{"line":199,"column":5}},"loc":{"start":{"line":199,"column":17},"end":{"line":199,"column":null}},"line":199},"12":{"name":"startKeyboardTargeting","decl":{"start":{"line":271,"column":16},"end":{"line":271,"column":null}},"loc":{"start":{"line":273,"column":31},"end":{"line":428,"column":null}},"line":273},"13":{"name":"focusCurrent","decl":{"start":{"line":305,"column":11},"end":{"line":305,"column":24}},"loc":{"start":{"line":305,"column":48},"end":{"line":323,"column":null}},"line":305},"14":{"name":"emitHighlight","decl":{"start":{"line":325,"column":11},"end":{"line":325,"column":33}},"loc":{"start":{"line":325,"column":33},"end":{"line":330,"column":null}},"line":325},"15":{"name":"moveTo","decl":{"start":{"line":332,"column":11},"end":{"line":332,"column":18}},"loc":{"start":{"line":332,"column":43},"end":{"line":337,"column":null}},"line":332},"16":{"name":"next","decl":{"start":{"line":339,"column":11},"end":{"line":339,"column":24}},"loc":{"start":{"line":339,"column":24},"end":{"line":341,"column":null}},"line":339},"17":{"name":"prev","decl":{"start":{"line":343,"column":11},"end":{"line":343,"column":24}},"loc":{"start":{"line":343,"column":24},"end":{"line":345,"column":null}},"line":343},"18":{"name":"getCurrent","decl":{"start":{"line":347,"column":11},"end":{"line":347,"column":40}},"loc":{"start":{"line":347,"column":40},"end":{"line":349,"column":null}},"line":347},"19":{"name":"stop","decl":{"start":{"line":351,"column":11},"end":{"line":351,"column":24}},"loc":{"start":{"line":351,"column":24},"end":{"line":357,"column":null}},"line":351},"20":{"name":"(anonymous_20)","decl":{"start":{"line":355,"column":26},"end":{"line":355,"column":27}},"loc":{"start":{"line":355,"column":39},"end":{"line":355,"column":74}},"line":355},"21":{"name":"select","decl":{"start":{"line":359,"column":11},"end":{"line":359,"column":26}},"loc":{"start":{"line":359,"column":26},"end":{"line":364,"column":null}},"line":359},"22":{"name":"cancel","decl":{"start":{"line":366,"column":11},"end":{"line":366,"column":26}},"loc":{"start":{"line":366,"column":26},"end":{"line":370,"column":null}},"line":366},"23":{"name":"handleKey","decl":{"start":{"line":372,"column":11},"end":{"line":372,"column":21}},"loc":{"start":{"line":372,"column":49},"end":{"line":409,"column":null}},"line":372},"24":{"name":"(anonymous_24)","decl":{"start":{"line":418,"column":14},"end":{"line":418,"column":20}},"loc":{"start":{"line":418,"column":20},"end":{"line":418,"column":null}},"line":418}},"branchMap":{"0":{"loc":{"start":{"line":19,"column":2},"end":{"line":19,"column":null}},"type":"default-arg","locations":[{"start":{"line":19,"column":20},"end":{"line":19,"column":null}}],"line":19},"1":{"loc":{"start":{"line":23,"column":9},"end":{"line":23,"column":40}},"type":"binary-expr","locations":[{"start":{"line":23,"column":9},"end":{"line":23,"column":20}},{"start":{"line":23,"column":20},"end":{"line":23,"column":40}}],"line":23},"2":{"loc":{"start":{"line":26,"column":6},"end":{"line":28,"column":null}},"type":"if","locations":[{"start":{"line":26,"column":6},"end":{"line":28,"column":null}},{"start":{},"end":{}}],"line":26},"3":{"loc":{"start":{"line":39,"column":51},"end":{"line":39,"column":76}},"type":"default-arg","locations":[{"start":{"line":39,"column":63},"end":{"line":39,"column":76}}],"line":39},"4":{"loc":{"start":{"line":40,"column":22},"end":{"line":40,"column":null}},"type":"binary-expr","locations":[{"start":{"line":40,"column":22},"end":{"line":40,"column":73}},{"start":{"line":40,"column":73},"end":{"line":40,"column":null}}],"line":40},"5":{"loc":{"start":{"line":41,"column":9},"end":{"line":41,"column":null}},"type":"cond-expr","locations":[{"start":{"line":41,"column":44},"end":{"line":41,"column":66}},{"start":{"line":41,"column":66},"end":{"line":41,"column":null}}],"line":41},"6":{"loc":{"start":{"line":66,"column":9},"end":{"line":66,"column":87}},"type":"binary-expr","locations":[{"start":{"line":66,"column":9},"end":{"line":66,"column":20}},{"start":{"line":66,"column":20},"end":{"line":66,"column":49}},{"start":{"line":66,"column":49},"end":{"line":66,"column":87}}],"line":66},"7":{"loc":{"start":{"line":73,"column":9},"end":{"line":73,"column":null}},"type":"cond-expr","locations":[{"start":{"line":73,"column":27},"end":{"line":73,"column":58}},{"start":{"line":73,"column":58},"end":{"line":73,"column":null}}],"line":73},"8":{"loc":{"start":{"line":90,"column":2},"end":{"line":92,"column":null}},"type":"if","locations":[{"start":{"line":90,"column":2},"end":{"line":92,"column":null}},{"start":{},"end":{}}],"line":90},"9":{"loc":{"start":{"line":95,"column":2},"end":{"line":97,"column":null}},"type":"if","locations":[{"start":{"line":95,"column":2},"end":{"line":97,"column":null}},{"start":{},"end":{}}],"line":95},"10":{"loc":{"start":{"line":165,"column":2},"end":{"line":165,"column":null}},"type":"if","locations":[{"start":{"line":165,"column":2},"end":{"line":165,"column":null}},{"start":{},"end":{}}],"line":165},"11":{"loc":{"start":{"line":166,"column":2},"end":{"line":166,"column":null}},"type":"if","locations":[{"start":{"line":166,"column":2},"end":{"line":166,"column":null}},{"start":{},"end":{}}],"line":166},"12":{"loc":{"start":{"line":168,"column":2},"end":{"line":171,"column":null}},"type":"if","locations":[{"start":{"line":168,"column":2},"end":{"line":171,"column":null}},{"start":{},"end":{}}],"line":168},"13":{"loc":{"start":{"line":168,"column":6},"end":{"line":168,"column":59}},"type":"binary-expr","locations":[{"start":{"line":168,"column":6},"end":{"line":168,"column":14}},{"start":{"line":168,"column":14},"end":{"line":168,"column":59}}],"line":168},"14":{"loc":{"start":{"line":170,"column":4},"end":{"line":170,"column":null}},"type":"if","locations":[{"start":{"line":170,"column":4},"end":{"line":170,"column":null}},{"start":{},"end":{}}],"line":170},"15":{"loc":{"start":{"line":170,"column":8},"end":{"line":170,"column":67}},"type":"binary-expr","locations":[{"start":{"line":170,"column":8},"end":{"line":170,"column":36}},{"start":{"line":170,"column":36},"end":{"line":170,"column":67}}],"line":170},"16":{"loc":{"start":{"line":191,"column":2},"end":{"line":191,"column":null}},"type":"default-arg","locations":[{"start":{"line":191,"column":38},"end":{"line":191,"column":null}}],"line":191},"17":{"loc":{"start":{"line":193,"column":15},"end":{"line":193,"column":null}},"type":"binary-expr","locations":[{"start":{"line":193,"column":15},"end":{"line":193,"column":31}},{"start":{"line":193,"column":31},"end":{"line":193,"column":null}}],"line":193},"18":{"loc":{"start":{"line":194,"column":19},"end":{"line":194,"column":null}},"type":"binary-expr","locations":[{"start":{"line":194,"column":19},"end":{"line":194,"column":39}},{"start":{"line":194,"column":39},"end":{"line":194,"column":null}}],"line":194},"19":{"loc":{"start":{"line":195,"column":21},"end":{"line":195,"column":null}},"type":"binary-expr","locations":[{"start":{"line":195,"column":21},"end":{"line":195,"column":44}},{"start":{"line":195,"column":44},"end":{"line":195,"column":null}}],"line":195},"20":{"loc":{"start":{"line":196,"column":20},"end":{"line":196,"column":null}},"type":"binary-expr","locations":[{"start":{"line":196,"column":20},"end":{"line":196,"column":41}},{"start":{"line":196,"column":41},"end":{"line":196,"column":null}}],"line":196},"21":{"loc":{"start":{"line":199,"column":17},"end":{"line":199,"column":null}},"type":"binary-expr","locations":[{"start":{"line":199,"column":17},"end":{"line":199,"column":41}},{"start":{"line":199,"column":41},"end":{"line":199,"column":null}}],"line":199},"22":{"loc":{"start":{"line":275,"column":4},"end":{"line":281,"column":null}},"type":"binary-expr","locations":[{"start":{"line":275,"column":4},"end":{"line":275,"column":null}},{"start":{"line":276,"column":4},"end":{"line":281,"column":null}}],"line":275},"23":{"loc":{"start":{"line":283,"column":20},"end":{"line":283,"column":null}},"type":"binary-expr","locations":[{"start":{"line":283,"column":20},"end":{"line":283,"column":41}},{"start":{"line":283,"column":41},"end":{"line":283,"column":null}}],"line":283},"24":{"loc":{"start":{"line":284,"column":30},"end":{"line":284,"column":null}},"type":"binary-expr","locations":[{"start":{"line":284,"column":30},"end":{"line":284,"column":53}},{"start":{"line":284,"column":53},"end":{"line":284,"column":null}}],"line":284},"25":{"loc":{"start":{"line":294,"column":4},"end":{"line":298,"column":null}},"type":"cond-expr","locations":[{"start":{"line":295,"column":8},"end":{"line":295,"column":null}},{"start":{"line":296,"column":8},"end":{"line":298,"column":null}}],"line":294},"26":{"loc":{"start":{"line":296,"column":8},"end":{"line":298,"column":null}},"type":"cond-expr","locations":[{"start":{"line":297,"column":10},"end":{"line":297,"column":null}},{"start":{"line":298,"column":10},"end":{"line":298,"column":null}}],"line":296},"27":{"loc":{"start":{"line":299,"column":2},"end":{"line":302,"column":null}},"type":"if","locations":[{"start":{"line":299,"column":2},"end":{"line":302,"column":null}},{"start":{},"end":{}}],"line":299},"28":{"loc":{"start":{"line":301,"column":4},"end":{"line":301,"column":null}},"type":"if","locations":[{"start":{"line":301,"column":4},"end":{"line":301,"column":null}},{"start":{},"end":{}}],"line":301},"29":{"loc":{"start":{"line":303,"column":2},"end":{"line":303,"column":null}},"type":"if","locations":[{"start":{"line":303,"column":2},"end":{"line":303,"column":null}},{"start":{},"end":{}}],"line":303},"30":{"loc":{"start":{"line":303,"column":6},"end":{"line":303,"column":42}},"type":"binary-expr","locations":[{"start":{"line":303,"column":6},"end":{"line":303,"column":19}},{"start":{"line":303,"column":19},"end":{"line":303,"column":42}}],"line":303},"31":{"loc":{"start":{"line":306,"column":4},"end":{"line":306,"column":null}},"type":"if","locations":[{"start":{"line":306,"column":4},"end":{"line":306,"column":null}},{"start":{},"end":{}}],"line":306},"32":{"loc":{"start":{"line":308,"column":4},"end":{"line":308,"column":null}},"type":"if","locations":[{"start":{"line":308,"column":4},"end":{"line":308,"column":null}},{"start":{},"end":{}}],"line":308},"33":{"loc":{"start":{"line":311,"column":4},"end":{"line":317,"column":null}},"type":"if","locations":[{"start":{"line":311,"column":4},"end":{"line":317,"column":null}},{"start":{},"end":{}}],"line":311},"34":{"loc":{"start":{"line":312,"column":6},"end":{"line":313,"column":null}},"type":"binary-expr","locations":[{"start":{"line":312,"column":6},"end":{"line":312,"column":null}},{"start":{"line":313,"column":6},"end":{"line":313,"column":null}}],"line":312},"35":{"loc":{"start":{"line":327,"column":4},"end":{"line":327,"column":null}},"type":"if","locations":[{"start":{"line":327,"column":4},"end":{"line":327,"column":null}},{"start":{},"end":{}}],"line":327},"36":{"loc":{"start":{"line":333,"column":4},"end":{"line":333,"column":null}},"type":"if","locations":[{"start":{"line":333,"column":4},"end":{"line":333,"column":null}},{"start":{},"end":{}}],"line":333},"37":{"loc":{"start":{"line":333,"column":8},"end":{"line":333,"column":44}},"type":"binary-expr","locations":[{"start":{"line":333,"column":8},"end":{"line":333,"column":19}},{"start":{"line":333,"column":19},"end":{"line":333,"column":44}}],"line":333},"38":{"loc":{"start":{"line":348,"column":11},"end":{"line":348,"column":null}},"type":"binary-expr","locations":[{"start":{"line":348,"column":11},"end":{"line":348,"column":32}},{"start":{"line":348,"column":32},"end":{"line":348,"column":null}}],"line":348},"39":{"loc":{"start":{"line":352,"column":4},"end":{"line":352,"column":null}},"type":"if","locations":[{"start":{"line":352,"column":4},"end":{"line":352,"column":null}},{"start":{},"end":{}}],"line":352},"40":{"loc":{"start":{"line":360,"column":4},"end":{"line":360,"column":null}},"type":"if","locations":[{"start":{"line":360,"column":4},"end":{"line":360,"column":null}},{"start":{},"end":{}}],"line":360},"41":{"loc":{"start":{"line":363,"column":4},"end":{"line":363,"column":null}},"type":"if","locations":[{"start":{"line":363,"column":4},"end":{"line":363,"column":null}},{"start":{},"end":{}}],"line":363},"42":{"loc":{"start":{"line":367,"column":4},"end":{"line":367,"column":null}},"type":"if","locations":[{"start":{"line":367,"column":4},"end":{"line":367,"column":null}},{"start":{},"end":{}}],"line":367},"43":{"loc":{"start":{"line":373,"column":4},"end":{"line":373,"column":null}},"type":"if","locations":[{"start":{"line":373,"column":4},"end":{"line":373,"column":null}},{"start":{},"end":{}}],"line":373},"44":{"loc":{"start":{"line":374,"column":4},"end":{"line":408,"column":null}},"type":"switch","locations":[{"start":{"line":375,"column":6},"end":{"line":380,"column":null}},{"start":{"line":381,"column":6},"end":{"line":381,"column":null}},{"start":{"line":382,"column":6},"end":{"line":386,"column":null}},{"start":{"line":387,"column":6},"end":{"line":387,"column":null}},{"start":{"line":388,"column":6},"end":{"line":392,"column":null}},{"start":{"line":393,"column":6},"end":{"line":393,"column":null}},{"start":{"line":394,"column":6},"end":{"line":394,"column":null}},{"start":{"line":395,"column":6},"end":{"line":399,"column":null}},{"start":{"line":400,"column":6},"end":{"line":400,"column":null}},{"start":{"line":401,"column":6},"end":{"line":405,"column":null}},{"start":{"line":406,"column":6},"end":{"line":407,"column":null}}],"line":374},"45":{"loc":{"start":{"line":378,"column":8},"end":{"line":379,"column":null}},"type":"if","locations":[{"start":{"line":378,"column":8},"end":{"line":379,"column":null}},{"start":{"line":379,"column":13},"end":{"line":379,"column":null}}],"line":378},"46":{"loc":{"start":{"line":414,"column":2},"end":{"line":414,"column":null}},"type":"if","locations":[{"start":{"line":414,"column":2},"end":{"line":414,"column":null}},{"start":{},"end":{}}],"line":414}},"s":{"0":4,"1":25,"2":25,"3":36,"4":128,"5":128,"6":9,"7":27,"8":16,"9":11,"10":11,"11":19,"12":19,"13":19,"14":3,"15":3,"16":19,"17":11,"18":11,"19":11,"20":19,"21":19,"22":19,"23":19,"24":11,"25":6,"26":12,"27":12,"28":3,"29":9,"30":6,"31":3,"32":6,"33":6,"34":6,"35":6,"36":4,"37":16,"38":4,"39":16,"40":2,"41":14,"42":1,"43":13,"44":16,"45":13,"46":13,"47":2,"48":11,"49":9,"50":9,"51":9,"52":9,"53":9,"54":9,"55":12,"56":29,"57":29,"58":29,"59":29,"60":29,"61":29,"62":29,"63":29,"64":29,"65":29,"66":23,"67":29,"68":3,"69":37,"70":1,"71":36,"72":36,"73":1,"74":35,"75":1,"76":1,"77":35,"78":35,"79":38,"80":38,"81":1,"82":37,"83":37,"84":15,"85":3,"86":12,"87":12,"88":12,"89":7,"90":4,"91":21,"92":41,"93":12,"94":29,"95":29,"96":29,"97":1,"98":29,"99":5,"100":1,"101":4,"102":4,"103":4,"104":3,"105":5,"106":1,"107":4,"108":4,"109":19,"110":2,"111":17,"112":3,"113":3,"114":3,"115":1,"116":2,"117":3,"118":3,"119":3,"120":3,"121":3,"122":2,"123":2,"124":2,"125":2,"126":4,"127":4,"128":4,"129":4,"130":4,"131":4,"132":4,"133":4,"134":1,"135":29,"136":29,"137":26,"138":29,"139":3},"f":{"0":25,"1":11,"2":19,"3":11,"4":6,"5":12,"6":6,"7":16,"8":16,"9":9,"10":9,"11":12,"12":29,"13":37,"14":38,"15":15,"16":7,"17":4,"18":21,"19":41,"20":1,"21":5,"22":5,"23":19,"24":3},"b":{"0":[25],"1":[25,52],"2":[9,119],"3":[11],"4":[11,1],"5":[4,7],"6":[11,30,20],"7":[9,2],"8":[3,9],"9":[6,3],"10":[2,14],"11":[1,13],"12":[13,3],"13":[16,13],"14":[2,11],"15":[13,12],"16":[9],"17":[9,3],"18":[9,8],"19":[9,9],"20":[9,9],"21":[12,11],"22":[29,3],"23":[29,28],"24":[29,28],"25":[23,6],"26":[6,0],"27":[29,0],"28":[23,6],"29":[3,26],"30":[29,6],"31":[1,36],"32":[1,35],"33":[1,34],"34":[35,34],"35":[1,37],"36":[3,12],"37":[15,15],"38":[21,2],"39":[12,29],"40":[1,4],"41":[3,1],"42":[1,4],"43":[2,17],"44":[17,2,3,1,2,3,4,4,4,4,1],"45":[1,2],"46":[26,3]},"meta":{"lastBranch":47,"lastFunction":25,"lastStatement":140,"seen":{"s:6:26:6:Infinity":0,"f:17:16:17:Infinity":0,"b:19:20:19:Infinity":0,"s:21:32:21:Infinity":1,"s:23:2:31:Infinity":2,"b:23:9:23:20:23:20:23:40":1,"s:24:4:29:Infinity":3,"s:25:20:25:Infinity":4,"b:26:6:28:Infinity:undefined:undefined:undefined:undefined":2,"s:26:6:28:Infinity":5,"s:27:8:27:Infinity":6,"s:30:4:30:Infinity":7,"s:33:2:33:Infinity":8,"f:39:16:39:33":1,"b:39:63:39:76":3,"s:40:22:40:Infinity":9,"b:40:22:40:73:40:73:40:Infinity":4,"s:41:2:41:Infinity":10,"b:41:44:41:66:41:66:41:Infinity":5,"f:47:9:47:26":2,"s:48:14:48:Infinity":11,"s:49:16:49:Infinity":12,"s:50:2:53:Infinity":13,"s:51:4:51:Infinity":14,"s:52:4:52:Infinity":15,"s:54:2:54:Infinity":16,"f:62:16:62:37":3,"s:63:25:63:Infinity":17,"s:64:32:64:Infinity":18,"s:66:2:71:Infinity":19,"b:66:9:66:20:66:20:66:49:66:49:66:87":6,"s:67:16:67:Infinity":20,"s:68:18:68:Infinity":21,"s:69:4:69:Infinity":22,"s:70:4:70:Infinity":23,"s:73:2:73:Infinity":24,"b:73:27:73:58:73:58:73:Infinity":7,"f:79:9:79:29":4,"s:80:2:80:Infinity":25,"f:87:16:87:33":5,"s:89:19:89:Infinity":26,"b:90:2:92:Infinity:undefined:undefined:undefined:undefined":8,"s:90:2:92:Infinity":27,"s:91:4:91:Infinity":28,"b:95:2:97:Infinity:undefined:undefined:undefined:undefined":9,"s:95:2:97:Infinity":29,"s:96:4:96:Infinity":30,"s:100:2:100:Infinity":31,"f:106:16:106:36":6,"s:107:15:107:Infinity":32,"s:108:19:108:Infinity":33,"s:109:19:109:Infinity":34,"s:111:2:111:Infinity":35,"s:132:43:152:Infinity":36,"f:151:20:151:21":7,"s:151:30:151:41":37,"s:155:27:155:Infinity":38,"f:164:16:164:33":8,"b:165:2:165:Infinity:undefined:undefined:undefined:undefined":10,"s:165:2:165:Infinity":39,"s:165:38:165:Infinity":40,"b:166:2:166:Infinity:undefined:undefined:undefined:undefined":11,"s:166:2:166:Infinity":41,"s:166:54:166:Infinity":42,"s:167:15:167:Infinity":43,"b:168:2:171:Infinity:undefined:undefined:undefined:undefined":12,"s:168:2:171:Infinity":44,"b:168:6:168:14:168:14:168:59":13,"s:169:18:169:Infinity":45,"b:170:4:170:Infinity:undefined:undefined:undefined:undefined":14,"s:170:4:170:Infinity":46,"b:170:8:170:36:170:36:170:67":15,"s:170:67:170:Infinity":47,"s:172:2:172:Infinity":48,"f:190:16:190:Infinity":9,"b:191:38:191:Infinity":16,"s:193:15:193:Infinity":49,"b:193:15:193:31:193:31:193:Infinity":17,"s:194:19:194:Infinity":50,"b:194:19:194:39:194:39:194:Infinity":18,"s:195:21:195:Infinity":51,"b:195:21:195:44:195:44:195:Infinity":19,"f:195:44:195:50":10,"s:195:50:195:Infinity":52,"s:196:20:196:Infinity":53,"b:196:20:196:41:196:41:196:Infinity":20,"s:198:2:200:Infinity":54,"f:199:4:199:5":11,"s:199:17:199:Infinity":55,"b:199:17:199:41:199:41:199:Infinity":21,"f:271:16:271:Infinity":12,"s:275:4:281:Infinity":56,"b:275:4:275:Infinity:276:4:281:Infinity":22,"s:283:20:283:Infinity":57,"b:283:20:283:41:283:41:283:Infinity":23,"s:284:30:284:Infinity":58,"b:284:30:284:53:284:53:284:Infinity":24,"s:285:24:285:Infinity":59,"s:287:14:287:Infinity":60,"s:288:16:288:Infinity":61,"s:294:4:298:Infinity":62,"b:295:8:295:Infinity:296:8:298:Infinity":25,"b:297:10:297:Infinity:298:10:298:Infinity":26,"b:299:2:302:Infinity:undefined:undefined:undefined:undefined":27,"s:299:2:302:Infinity":63,"s:300:22:300:Infinity":64,"b:301:4:301:Infinity:undefined:undefined:undefined:undefined":28,"s:301:4:30
[...]
,"/Users/law/Programming/Web/qaid-feedback/thumbs-embed/src/types.ts": {"path":"/Users/law/Programming/Web/qaid-feedback/thumbs-embed/src/types.ts","statementMap":{},"fnMap":{},"branchMap":{},"s":{},"f":{},"b":{},"meta":{"lastBranch":0,"lastFunction":0,"lastStatement":0,"seen":{},"fnNames":{}}}
,"/Users/law/Programming/Web/qaid-feedback/thumbs-embed/src/video-capture.ts": {"path":"/Users/law/Programming/Web/qaid-feedback/thumbs-embed/src/video-capture.ts","statementMap":{"0":{"start":{"line":30,"column":2},"end":{"line":34,"column":null}},"1":{"start":{"line":42,"column":2},"end":{"line":42,"column":null}},"2":{"start":{"line":42,"column":44},"end":{"line":42,"column":null}},"3":{"start":{"line":44,"column":21},"end":{"line":49,"column":null}},"4":{"start":{"line":51,"column":2},"end":{"line":55,"column":null}},"5":{"start":{"line":52,"column":4},"end":{"line":54,"column":null}},"6":{"start":{"line":53,"column":6},"end":{"line":53,"column":null}},"7":{"start":{"line":57,"column":2},"end":{"line":57,"column":null}},"8":{"start":{"line":64,"column":22},"end":{"line":64,"column":null}},"9":{"start":{"line":65,"column":29},"end":{"line":65,"column":null}},"10":{"start":{"line":67,"column":35},"end":{"line":67,"column":null}},"11":{"start":{"line":68,"column":39},"end":{"line":68,"column":null}},"12":{"start":{"line":69,"column":23},"end":{"line":69,"column":null}},"13":{"start":{"line":70,"column":57},"end":{"line":70,"column":null}},"14":{"start":{"line":71,"column":59},"end":{"line":71,"column":null}},"15":{"start":{"line":72,"column":60},"end":{"line":72,"column":null}},"16":{"start":{"line":73,"column":18},"end":{"line":73,"column":null}},"17":{"start":{"line":74,"column":51},"end":{"line":74,"column":null}},"18":{"start":{"line":75,"column":50},"end":{"line":75,"column":null}},"19":{"start":{"line":76,"column":16},"end":{"line":76,"column":null}},"20":{"start":{"line":77,"column":62},"end":{"line":77,"column":null}},"21":{"start":{"line":80,"column":4},"end":{"line":83,"column":null}},"22":{"start":{"line":81,"column":6},"end":{"line":81,"column":null}},"23":{"start":{"line":82,"column":6},"end":{"line":82,"column":null}},"24":{"start":{"line":84,"column":4},"end":{"line":87,"column":null}},"25":{"start":{"line":85,"column":6},"end":{"line":85,"column":null}},"26":{"start":{"line":86,"column":6},"end":{"line":86,"column":null}},"27":{"start":{"line":88,"column":4},"end":{"line":91,"column":null}},"28":{"start":{"line":89,"column":6},"end":{"line":89,"column":null}},"29":{"start":{"line":89,"column":40},"end":{"line":89,"column":48}},"30":{"start":{"line":90,"column":6},"end":{"line":90,"column":null}},"31":{"start":{"line":92,"column":4},"end":{"line":92,"column":null}},"32":{"start":{"line":93,"column":4},"end":{"line":93,"column":null}},"33":{"start":{"line":94,"column":4},"end":{"line":94,"column":null}},"34":{"start":{"line":95,"column":4},"end":{"line":95,"column":null}},"35":{"start":{"line":96,"column":4},"end":{"line":96,"column":null}},"36":{"start":{"line":97,"column":4},"end":{"line":97,"column":null}},"37":{"start":{"line":101,"column":4},"end":{"line":101,"column":null}},"38":{"start":{"line":101,"column":17},"end":{"line":101,"column":null}},"39":{"start":{"line":102,"column":4},"end":{"line":102,"column":null}},"40":{"start":{"line":104,"column":4},"end":{"line":106,"column":null}},"41":{"start":{"line":105,"column":6},"end":{"line":105,"column":null}},"42":{"start":{"line":109,"column":2},"end":{"line":206,"column":null}},"43":{"start":{"line":111,"column":6},"end":{"line":111,"column":null}},"44":{"start":{"line":112,"column":6},"end":{"line":112,"column":null}},"45":{"start":{"line":114,"column":23},"end":{"line":114,"column":null}},"46":{"start":{"line":115,"column":6},"end":{"line":117,"column":null}},"47":{"start":{"line":116,"column":8},"end":{"line":116,"column":null}},"48":{"start":{"line":120,"column":6},"end":{"line":127,"column":null}},"49":{"start":{"line":130,"column":25},"end":{"line":130,"column":null}},"50":{"start":{"line":131,"column":6},"end":{"line":135,"column":null}},"51":{"start":{"line":132,"column":8},"end":{"line":134,"column":null}},"52":{"start":{"line":133,"column":10},"end":{"line":133,"column":null}},"53":{"start":{"line":137,"column":6},"end":{"line":140,"column":null}},"54":{"start":{"line":142,"column":6},"end":{"line":146,"column":null}},"55":{"start":{"line":143,"column":8},"end":{"line":145,"column":null}},"56":{"start":{"line":144,"column":10},"end":{"line":144,"column":null}},"57":{"start":{"line":148,"column":6},"end":{"line":161,"column":null}},"58":{"start":{"line":149,"column":21},"end":{"line":149,"column":null}},"59":{"start":{"line":150,"column":8},"end":{"line":152,"column":null}},"60":{"start":{"line":151,"column":10},"end":{"line":151,"column":null}},"61":{"start":{"line":154,"column":8},"end":{"line":156,"column":null}},"62":{"start":{"line":155,"column":10},"end":{"line":155,"column":null}},"63":{"start":{"line":158,"column":8},"end":{"line":160,"column":null}},"64":{"start":{"line":159,"column":10},"end":{"line":159,"column":null}},"65":{"start":{"line":159,"column":44},"end":{"line":159,"column":52}},"66":{"start":{"line":163,"column":6},"end":{"line":167,"column":null}},"67":{"start":{"line":164,"column":8},"end":{"line":166,"column":null}},"68":{"start":{"line":165,"column":10},"end":{"line":165,"column":null}},"69":{"start":{"line":169,"column":6},"end":{"line":169,"column":null}},"70":{"start":{"line":170,"column":6},"end":{"line":170,"column":null}},"71":{"start":{"line":173,"column":6},"end":{"line":178,"column":null}},"72":{"start":{"line":174,"column":24},"end":{"line":174,"column":null}},"73":{"start":{"line":175,"column":8},"end":{"line":177,"column":null}},"74":{"start":{"line":176,"column":10},"end":{"line":176,"column":null}},"75":{"start":{"line":181,"column":6},"end":{"line":183,"column":null}},"76":{"start":{"line":182,"column":8},"end":{"line":182,"column":null}},"77":{"start":{"line":187,"column":6},"end":{"line":191,"column":null}},"78":{"start":{"line":188,"column":8},"end":{"line":188,"column":null}},"79":{"start":{"line":189,"column":8},"end":{"line":189,"column":null}},"80":{"start":{"line":190,"column":8},"end":{"line":190,"column":null}},"81":{"start":{"line":195,"column":6},"end":{"line":195,"column":null}},"82":{"start":{"line":199,"column":6},"end":{"line":199,"column":null}},"83":{"start":{"line":203,"column":6},"end":{"line":203,"column":null}},"84":{"start":{"line":204,"column":6},"end":{"line":204,"column":null}}},"fnMap":{"0":{"name":"isVideoRecordingSupported","decl":{"start":{"line":29,"column":16},"end":{"line":29,"column":53}},"loc":{"start":{"line":29,"column":53},"end":{"line":36,"column":null}},"line":29},"1":{"name":"getSupportedMimeType","decl":{"start":{"line":41,"column":16},"end":{"line":41,"column":47}},"loc":{"start":{"line":41,"column":47},"end":{"line":58,"column":null}},"line":41},"2":{"name":"createVideoRecorder","decl":{"start":{"line":63,"column":16},"end":{"line":63,"column":36}},"loc":{"start":{"line":63,"column":87},"end":{"line":207,"column":null}},"line":63},"3":{"name":"cleanup","decl":{"start":{"line":79,"column":11},"end":{"line":79,"column":27}},"loc":{"start":{"line":79,"column":27},"end":{"line":98,"column":null}},"line":79},"4":{"name":"(anonymous_4)","decl":{"start":{"line":89,"column":33},"end":{"line":89,"column":34}},"loc":{"start":{"line":89,"column":40},"end":{"line":89,"column":48}},"line":89},"5":{"name":"finishRecording","decl":{"start":{"line":100,"column":11},"end":{"line":100,"column":35}},"loc":{"start":{"line":100,"column":35},"end":{"line":107,"column":null}},"line":100},"6":{"name":"start","decl":{"start":{"line":110,"column":10},"end":{"line":110,"column":33}},"loc":{"start":{"line":110,"column":33},"end":{"line":184,"column":null}},"line":110},"7":{"name":"(anonymous_7)","decl":{"start":{"line":132,"column":45},"end":{"line":132,"column":51}},"loc":{"start":{"line":132,"column":51},"end":{"line":134,"column":9}},"line":132},"8":{"name":"(anonymous_8)","decl":{"start":{"line":142,"column":33},"end":{"line":142,"column":34}},"loc":{"start":{"line":142,"column":51},"end":{"line":146,"column":null}},"line":142},"9":{"name":"(anonymous_9)","decl":{"start":{"line":148,"column":24},"end":{"line":148,"column":30}},"loc":{"start":{"line":148,"column":30},"end":{"line":161,"column":null}},"line":148},"10":{"name":"(anonymous_10)","decl":{"start":{"line":159,"column":37},"end":{"line":159,"column":38}},"loc":{"start":{"line":159,"column":44},"end":{"line":159,"column":52}},"line":159},"11":{"name":"(anonymous_11)","decl":{"start":{"line":163,"column":25},"end":{"line":163,"column":31}},"loc":{"start":{"line":163,"column":31},"end":{"line":167,"column":null}},"line":163},"12":{"name":"(anonymous_12)","decl":{"start":{"line":173,"column":33},"end":{"line":173,"column":39}},"loc":{"start":{"line":173,"column":39},"end":{"line":178,"column":9}},"line":173},"13":{"name":"(anonymous_13)","decl":{"start":{"line":181,"column":35},"end":{"line":181,"column":41}},"loc":{"start":{"line":181,"column":41},"end":{"line":183,"column":9}},"line":181},"14":{"name":"stop","decl":{"start":{"line":186,"column":4},"end":{"line":186,"column":26}},"loc":{"start":{"line":186,"column":26},"end":{"line":192,"column":null}},"line":186},"15":{"name":"(anonymous_15)","decl":{"start":{"line":187,"column":31},"end":{"line":187,"column":32}},"loc":{"start":{"line":187,"column":52},"end":{"line":191,"column":7}},"line":187},"16":{"name":"onTick","decl":{"start":{"line":194,"column":4},"end":{"line":194,"column":11}},"loc":{"start":{"line":194,"column":54},"end":{"line":196,"column":null}},"line":194},"17":{"name":"onStop","decl":{"start":{"line":198,"column":4},"end":{"line":198,"column":11}},"loc":{"start":{"line":198,"column":56},"end":{"line":200,"column":null}},"line":198},"18":{"name":"destroy","decl":{"start":{"line":202,"column":4},"end":{"line":202,"column":20}},"loc":{"start":{"line":202,"column":20},"end":{"line":205,"column":null}},"line":202}},"branchMap":{"0":{"loc":{"start":{"line":31,"column":4},"end":{"line":34,"column":null}},"type":"binary-expr","locations":[{"start":{"line":31,"column":4},"end":{"line":31,"column":null}},{"start":{"line":32,"column":4},"end":{"line":32,"column":null}},{"start":{"line":33,"column":4},"end":{"line":33,"column":null}},{"start":{"line":34,"column":4},"end":{"line":34,"column":null}}],"line":31},"1":{"loc":{"start":{"line":42,"column":2},"end":{"line":42,"column":null}},"type":"if","locations":[{"start":{"line":42,"column":2},"end":{"line":42,"column":null}},{"start":{},"end":{}}],"line":42},"2":{"loc":{"start":{"line":52,"column":4},"end":{"line":54,"column":null}},"type":"if","locations":[{"start":{"line":52,"column":4},"end":{"line":54,"column":null}},{"start":{},"end":{}}],"line":52},"3":{"loc":{"start":{"line":63,"column":36},"end":{"line":63,"column":87}},"type":"default-arg","locations":[{"start":{"line":63,"column":68},"end":{"line":63,"column":87}}],"line":63},"4":{"loc":{"start":{"line":64,"column":22},"end":{"line":64,"column":null}},"type":"binary-expr","locations":[{"start":{"line":64,"column":22},"end":{"line":64,"column":45}},{"start":{"line":64,"column":45},"end":{"line":64,"column":null}}],"line":64},"5":{"loc":{"start":{"line":65,"column":29},"end":{"line":65,"column":null}},"type":"binary-expr","locations":[{"start":{"line":65,"column":29},"end":{"line":65,"column":59}},{"start":{"line":65,"column":59},"end":{"line":65,"column":null}}],"line":65},"6":{"loc":{"start":{"line":80,"column":4},"end":{"line":83,"column":null}},"type":"if","locations":[{"start":{"line":80,"column":4},"end":{"line":83,"column":null}},{"start":{},"end":{}}],"line":80},"7":{"loc":{"start":{"line":84,"column":4},"end":{"line":87,"column":null}},"type":"if","locations":[{"start":{"line":84,"column":4},"end":{"line":87,"column":null}},{"start":{},"end":{}}],"line":84},"8":{"loc":{"start":{"line":88,"column":4},"end":{"line":91,"column":null}},"type":"if","locations":[{"start":{"line":88,"column":4},"end":{"line":91,"column":null}},{"start":{},"end":{}}],"line":88},"9":{"loc":{"start":{"line":101,"column":4},"end":{"line":101,"column":null}},"type":"if","locations":[{"start":{"line":101,"column":4},"end":{"line":101,"column":null}},{"start":{},"end":{}}],"line":101},"10":{"loc":{"start":{"line":104,"column":4},"end":{"line":106,"column":null}},"type":"if","locations":[{"start":{"line":104,"column":4},"end":{"line":106,"column":null}},{"start":{},"end":{}}],"line":104},"11":{"loc":{"start":{"line":104,"column":8},"end":{"line":104,"column":51}},"type":"binary-expr","locations":[{"start":{"line":104,"column":8},"end":{"line":104,"column":20}},{"start":{"line":104,"column":20},"end":{"line":104,"column":51}}],"line":104},"12":{"loc":{"start":{"line":115,"column":6},"end":{"line":117,"column":null}},"type":"if","locations":[{"start":{"line":115,"column":6},"end":{"line":117,"column":null}},{"start":{},"end":{}}],"line":115},"13":{"loc":{"start":{"line":131,"column":6},"end":{"line":135,"column":null}},"type":"if","locations":[{"start":{"line":131,"column":6},"end":{"line":135,"column":null}},{"start":{},"end":{}}],"line":131},"14":{"loc":{"start":{"line":143,"column":8},"end":{"line":145,"column":null}},"type":"if","locations":[{"start":{"line":143,"column":8},"end":{"line":145,"column":null}},{"start":{},"end":{}}],"line":143},"15":{"loc":{"start":{"line":150,"column":8},"end":{"line":152,"column":null}},"type":"if","locations":[{"start":{"line":150,"column":8},"end":{"line":152,"column":null}},{"start":{},"end":{}}],"line":150},"16":{"loc":{"start":{"line":154,"column":8},"end":{"line":156,"column":null}},"type":"if","locations":[{"start":{"line":154,"column":8},"end":{"line":156,"column":null}},{"start":{},"end":{}}],"line":154},"17":{"loc":{"start":{"line":158,"column":8},"end":{"line":160,"column":null}},"type":"if","locations":[{"start":{"line":158,"column":8},"end":{"line":160,"column":null}},{"start":{},"end":{}}],"line":158},"18":{"loc":{"start":{"line":164,"column":8},"end":{"line":166,"column":null}},"type":"if","locations":[{"start":{"line":164,"column":8},"end":{"line":166,"column":null}},{"start":{},"end":{}}],"line":164},"19":{"loc":{"start":{"line":175,"column":8},"end":{"line":177,"column":null}},"type":"if","locations":[{"start":{"line":175,"column":8},"end":{"line":177,"column":null}},{"start":{},"end":{}}],"line":175}},"s":{"0":31,"1":38,"2":1,"3":37,"4":37,"5":45,"6":35,"7":2,"8":36,"9":36,"10":36,"11":36,"12":36,"13":36,"14":36,"15":36,"16":36,"17":36,"18":36,"19":36,"20":36,"21":34,"22":32,"23":32,"24":34,"25":32,"26":32,"27":34,"28":32,"29":31,"30":32,"31":34,"32":34,"33":34,"34":34,"35":34,"36":34,"37":54,"38":20,"39":34,"40":34,"41":32,"42":36,"43":34,"44":34,"45":34,"46":34,"47":1,"48":33,"49":32,"50":32,"51":31,"52":1,"53":32,"54":32,"55":31,"56":30,"57":32,"58":29,"59":29,"60":17,"61":29,"62":17,"63":29,"64":18,"65":18,"66":32,"67":2,"68":1,"69":32,"70":32,"71":32,"72":10,"73":10,"74":5,"75":32,"76":1,"77":18,"78":18,"79":18,"80":18,"81":25,"82":26,"83":34,"84":34},"f":{"0":31,"1":38,"2":36,"3":34,"4":31,"5":54,"6":34,"7":1,"8":31,"9":29,"10":18,"11":2,"12":10,"13":1,"14":18,"15":18,"16":25,"17":26,"18":34},"b":{"0":[31,31,29,28],"1":[1,37],"2":[35,10],"3":[36],"4":[36,10],"5":[36,36],"6":[32,2],"7":[32,2],"8":[32,2],"9":[20,34],"10":[32,2],"11":[34,32],"12":[1,33],"13":[31,1],"14":[30,1],"15":[17,12],"16":[17,12],"17":[18,11],"18":[1,1],"19":[5,5]},"meta":{"lastBranch":20,"lastFunction":19,"lastStatement":85,"seen":{"f:29:16:29:53":0,"s:30:2:34:Infinity":0,"b:31:4:31:Infinity:32:4:32:Infinity:33:4:33:Infinity:34:4:34:Infinity":0,"f:41:16:41:47":1,"b:42:2:42:Infinity:undefined:undefined:undefined:undefined":1,"s:42:2:42:Infinity":1,"s:42:44:42:Infinity":2,"s:44:21:49:Infinity":3,"s:51:2:55:Infinity":4,"b:52:4:54:Infinity:undefined:undefined:undefined:undefined":2,"s:52:4:54:Infinity":5,"s:53:6:53:Infinity":6,"s:57:2:57:Infinity":7,"f:63:16:63:36":2,"b:63:68:63:87":3,"s:64:22:64:Infinity":8,"b:64:22:64:45:64:45:64:Infinity":4,"s:65:29:65:Infinity":9,"b:65:29:65:59:65:59:65:Infinity":5,"s:67:35:67:Infinity":10,"s:68:39:68:Infinity":11,"s:69:23:69:Infinity":12,"s:70:57:70:Infinity":13,"s:71:59:71:Infinity":14,"s:72:60:72:Infinity":15,"s:73:18:73:Infinity":16,"s:74:51:74:Infinity":17,"s:75:50:75:Infinity":18,"s:76:16:76:Infinity":19,"s:77:62:77:Infinity":20,"f:79:11:79:27":3,"b:80:4:83:Infinity:undefined:undefined:undefined:undefined":6,"s:80:4:83:Infinity":21,"s:81:6:81:Infinity":22,"s:82:6:82:Infinity":23,"b:84:4:87:Infinity:undefined:undefined:undefined:undefined":7,"s:84:4:87:Infinity":24,"s:85:6:85:Infinity":25,"s:86:6:86:Infinity":26,"b:88:4:91:Infinity:undefined:undefined:undefined:undefined":8,"s:88:4:91:Infinity":27,"s:89:6:89:Infinity":28,"f:89:33:89:34":4,"s:89:40:89:48":29,"s:90:6:90:Infinity":30,"s:92:4:92:Infinity":31,"s:93:4:93:Infinity":32,"s:94:4:94:Infinity":33,"s:95:4:95:Infinity":34,"s:96:4:96:Infinity":35,"s:97:4:97:Infinity":36,"f:100:11:100:35":5,"b:101:4:101:Infinity:undefined:undefined:undefined:undefined":9,"s:101:4:101:Infinity":37,"s:101:17:101:Infinity":38,"s:102:4:102:Infinity":39,"b:104:4:106:Infinity:undefined:undefined:undefined:undefined":10,"s:104:4:106:Infinity":40,"b:104:8:104:20:104:20:104:51":11,"s:105:6:105:Infinity":41,"s:109:2:206:Infinity":42,"f:110:10:110:33":6,"s:111:6:111:Infinity":43,"s:112:6:112:Infinity":44,"s:114:23:114:Infinity":45,"b:115:6:117:Infinity:undefined:undefined:undefined:undefined":12,"s:115:6:117:Infinity":46,"s:116:8:116:Infinity":47,"s:120:6:127:Infinity":48,"s:130:25:130:Infinity":49,"b:131:6:135:Infinity:undefined:undefined:undefined:undefined":13,"s:131:6:135:Infinity":50,"s:132:8:134:Infinity":51,"f:132:45:132:51":7,"s:133:10:133:Infinity":52,"s:137:6:140:Infinity":53,"s:142:6:146:Infinity":54,"f:142:33:142:34":8,"b:143:8:145:Infinity:undefined:undefined:undefined:undefined":14,"s:143:8:145:Infinity":55,"s:144:10:144:Infinity":56,"s:148:6:161:Infinity":57,"f:148:24:148:30":9,"s:149:21:149:Infinity":58,"b:150:8:152:Infinity:undefined:undefined:undefined:undefined":15,"s:150:8:152:Infinity":59,"s:151:10:151:Infinity":60,"b:154:8:156:Infinity:undefined:undefined:undefined:undefined":16,"s:154:8:156:Infinity":61,"s:155:10:155:Infinity":62,"b:158:8:160:Infinity:undefined:undefined:undefined:undefined":17,"s:158:8:160:Infinity":63,"s:159:10:159:Infinity":64,"f:159:37:159:38":10,"s:159:44:159:52":65,"s:163:6:167:Infinity":66,"f:163:25:163:31":11,"b:164:8:166:Infinity:undefined:undefined:undefined:undefined":18,"s:164:8:166:Infinity":67,"s:165:10:165:Infinity":68,"s:169:6:169:Infinity":69,"s:170:6:170:Infinity":70,"s:173:6:178:Infinity":71,"f:173:33:173:39":12,"s:174:24:174:Infinity":72,"b:175:8:177:Infinity:undefined:undefined:undefined:undefined":19,"s:175:8:177:Infinity":73,"s:176:10:176:Infinity":74,"s:181:6:183:Infinity":75,"f:181:35:181:41":13,"s:182:8:182:Infinity":76,"f:186:4:186:26":14,"s:187:6:191:Infinity":77,"f:187:31:187:32":15,"s:188:8:188:Infinity":78,"s:189:8:189:Infinity":79,"s:190:8:190:Infinity":80,"f:194:4:194:11":16,"s:195:6:195:Infinity":81,"f:198:4:198:11":17,"s:199:6:199:Infinity":82,"f:202:4:202:20":18,"s:203:6:203:Infinity":83,"s:204:6:204:Infinity":84},"fnNames":{}}}
,"/Users/law/Programming/Web/qaid-feedback/thumbs-embed/src/vite-env.d.ts": {"path":"/Users/law/Programming/Web/qaid-feedback/thumbs-embed/src/vite-env.d.ts","statementMap":{},"fnMap":{},"branchMap":{},"s":{},"f":{},"b":{},"meta":{"lastBranch":0,"lastFunction":0,"lastStatement":0,"seen":{},"fnNames":{}}}
}
