{"/Users/lawrence/Programming/Web/qaid-feedback/thumbs-embed/src/a11y.ts": {"path":"/Users/lawrence/Programming/Web/qaid-feedback/thumbs-embed/src/a11y.ts","statementMap":{"0":{"start":{"line":36,"column":20},"end":{"line":36,"column":null}},"1":{"start":{"line":39,"column":2},"end":{"line":39,"column":null}},"2":{"start":{"line":47,"column":27},"end":{"line":54,"column":null}},"3":{"start":{"line":57,"column":2},"end":{"line":57,"column":null}},"4":{"start":{"line":61,"column":15},"end":{"line":61,"column":null}},"5":{"start":{"line":62,"column":19},"end":{"line":64,"column":null}},"6":{"start":{"line":65,"column":2},"end":{"line":65,"column":null}},"7":{"start":{"line":65,"column":16},"end":{"line":65,"column":null}},"8":{"start":{"line":67,"column":14},"end":{"line":67,"column":null}},"9":{"start":{"line":68,"column":17},"end":{"line":68,"column":null}},"10":{"start":{"line":69,"column":2},"end":{"line":69,"column":null}},"11":{"start":{"line":70,"column":2},"end":{"line":70,"column":null}},"12":{"start":{"line":71,"column":2},"end":{"line":71,"column":null}},"13":{"start":{"line":72,"column":2},"end":{"line":72,"column":null}},"14":{"start":{"line":73,"column":2},"end":{"line":73,"column":null}},"15":{"start":{"line":74,"column":2},"end":{"line":74,"column":null}},"16":{"start":{"line":75,"column":2},"end":{"line":75,"column":null}},"17":{"start":{"line":91,"column":17},"end":{"line":91,"column":null}},"18":{"start":{"line":93,"column":2},"end":{"line":93,"column":null}},"19":{"start":{"line":94,"column":2},"end":{"line":94,"column":null}},"20":{"start":{"line":98,"column":2},"end":{"line":98,"column":null}},"21":{"start":{"line":98,"column":35},"end":{"line":98,"column":null}},"22":{"start":{"line":99,"column":18},"end":{"line":99,"column":null}},"23":{"start":{"line":100,"column":2},"end":{"line":100,"column":null}},"24":{"start":{"line":104,"column":33},"end":{"line":104,"column":null}},"25":{"start":{"line":105,"column":2},"end":{"line":117,"column":null}},"26":{"start":{"line":106,"column":4},"end":{"line":106,"column":null}},"27":{"start":{"line":106,"column":37},"end":{"line":106,"column":null}},"28":{"start":{"line":107,"column":18},"end":{"line":107,"column":null}},"29":{"start":{"line":108,"column":4},"end":{"line":115,"column":null}},"30":{"start":{"line":114,"column":6},"end":{"line":114,"column":null}},"31":{"start":{"line":116,"column":4},"end":{"line":116,"column":null}},"32":{"start":{"line":118,"column":2},"end":{"line":118,"column":null}},"33":{"start":{"line":128,"column":16},"end":{"line":130,"column":null}},"34":{"start":{"line":131,"column":2},"end":{"line":138,"column":null}},"35":{"start":{"line":132,"column":4},"end":{"line":132,"column":null}},"36":{"start":{"line":132,"column":46},"end":{"line":132,"column":null}},"37":{"start":{"line":133,"column":4},"end":{"line":133,"column":null}},"38":{"start":{"line":133,"column":64},"end":{"line":133,"column":null}},"39":{"start":{"line":134,"column":4},"end":{"line":134,"column":null}},"40":{"start":{"line":134,"column":69},"end":{"line":134,"column":null}},"41":{"start":{"line":135,"column":4},"end":{"line":135,"column":null}},"42":{"start":{"line":135,"column":24},"end":{"line":135,"column":null}},"43":{"start":{"line":136,"column":4},"end":{"line":136,"column":null}},"44":{"start":{"line":136,"column":22},"end":{"line":136,"column":null}},"45":{"start":{"line":137,"column":4},"end":{"line":137,"column":null}},"46":{"start":{"line":143,"column":31},"end":{"line":143,"column":null}},"47":{"start":{"line":144,"column":2},"end":{"line":146,"column":null}},"48":{"start":{"line":145,"column":4},"end":{"line":145,"column":null}},"49":{"start":{"line":147,"column":2},"end":{"line":147,"column":null}},"50":{"start":{"line":160,"column":14},"end":{"line":160,"column":null}},"51":{"start":{"line":161,"column":22},"end":{"line":161,"column":null}},"52":{"start":{"line":163,"column":20},"end":{"line":190,"column":null}},"53":{"start":{"line":164,"column":4},"end":{"line":164,"column":null}},"54":{"start":{"line":164,"column":29},"end":{"line":164,"column":null}},"55":{"start":{"line":166,"column":22},"end":{"line":166,"column":null}},"56":{"start":{"line":167,"column":4},"end":{"line":172,"column":null}},"57":{"start":{"line":169,"column":6},"end":{"line":169,"column":null}},"58":{"start":{"line":170,"column":6},"end":{"line":170,"column":null}},"59":{"start":{"line":171,"column":6},"end":{"line":171,"column":null}},"60":{"start":{"line":174,"column":18},"end":{"line":174,"column":null}},"61":{"start":{"line":175,"column":17},"end":{"line":175,"column":null}},"62":{"start":{"line":176,"column":19},"end":{"line":176,"column":null}},"63":{"start":{"line":177,"column":23},"end":{"line":177,"column":null}},"64":{"start":{"line":179,"column":4},"end":{"line":189,"column":null}},"65":{"start":{"line":180,"column":6},"end":{"line":183,"column":null}},"66":{"start":{"line":181,"column":8},"end":{"line":181,"column":null}},"67":{"start":{"line":182,"column":8},"end":{"line":182,"column":null}},"68":{"start":{"line":185,"column":6},"end":{"line":188,"column":null}},"69":{"start":{"line":186,"column":8},"end":{"line":186,"column":null}},"70":{"start":{"line":187,"column":8},"end":{"line":187,"column":null}},"71":{"start":{"line":192,"column":2},"end":{"line":192,"column":null}},"72":{"start":{"line":194,"column":18},"end":{"line":194,"column":null}},"73":{"start":{"line":195,"column":2},"end":{"line":203,"column":null}},"74":{"start":{"line":196,"column":4},"end":{"line":196,"column":null}},"75":{"start":{"line":198,"column":4},"end":{"line":201,"column":null}},"76":{"start":{"line":199,"column":6},"end":{"line":199,"column":null}},"77":{"start":{"line":200,"column":6},"end":{"line":200,"column":null}},"78":{"start":{"line":202,"column":4},"end":{"line":202,"column":null}},"79":{"start":{"line":205,"column":2},"end":{"line":213,"column":null}},"80":{"start":{"line":207,"column":6},"end":{"line":207,"column":null}},"81":{"start":{"line":208,"column":6},"end":{"line":211,"column":null}},"82":{"start":{"line":209,"column":8},"end":{"line":209,"column":null}},"83":{"start":{"line":210,"column":8},"end":{"line":210,"column":null}},"84":{"start":{"line":222,"column":2},"end":{"line":222,"column":null}},"85":{"start":{"line":230,"column":2},"end":{"line":230,"column":null}},"86":{"start":{"line":230,"column":45},"end":{"line":230,"column":null}},"87":{"start":{"line":231,"column":2},"end":{"line":235,"column":null}},"88":{"start":{"line":232,"column":4},"end":{"line":232,"column":null}},"89":{"start":{"line":245,"column":2},"end":{"line":245,"column":null}},"90":{"start":{"line":246,"column":2},"end":{"line":246,"column":null}},"91":{"start":{"line":247,"column":2},"end":{"line":249,"column":null}},"92":{"start":{"line":248,"column":4},"end":{"line":248,"column":null}},"93":{"start":{"line":250,"column":2},"end":{"line":252,"column":null}},"94":{"start":{"line":251,"column":4},"end":{"line":251,"column":null}},"95":{"start":{"line":253,"column":2},"end":{"line":255,"column":null}},"96":{"start":{"line":254,"column":4},"end":{"line":254,"column":null}},"97":{"start":{"line":260,"column":26},"end":{"line":260,"column":null}},"98":{"start":{"line":261,"column":2},"end":{"line":270,"column":null}},"99":{"start":{"line":262,"column":32},"end":{"line":262,"column":null}},"100":{"start":{"line":263,"column":4},"end":{"line":263,"column":null}},"101":{"start":{"line":263,"column":25},"end":{"line":263,"column":null}},"102":{"start":{"line":264,"column":4},"end":{"line":267,"column":null}},"103":{"start":{"line":265,"column":6},"end":{"line":265,"column":null}},"104":{"start":{"line":266,"column":6},"end":{"line":266,"column":null}},"105":{"start":{"line":268,"column":4},"end":{"line":268,"column":null}},"106":{"start":{"line":268,"column":17},"end":{"line":268,"column":null}},"107":{"start":{"line":269,"column":4},"end":{"line":269,"column":null}},"108":{"start":{"line":271,"column":2},"end":{"line":271,"column":null}},"109":{"start":{"line":284,"column":14},"end":{"line":284,"column":null}},"110":{"start":{"line":285,"column":15},"end":{"line":285,"column":null}},"111":{"start":{"line":286,"column":2},"end":{"line":286,"column":null}},"112":{"start":{"line":286,"column":13},"end":{"line":286,"column":null}},"113":{"start":{"line":288,"column":15},"end":{"line":288,"column":null}},"114":{"start":{"line":293,"column":7},"end":{"line":293,"column":null}},"115":{"start":{"line":295,"column":2},"end":{"line":307,"column":null}},"116":{"start":{"line":296,"column":4},"end":{"line":296,"column":null}},"117":{"start":{"line":296,"column":41},"end":{"line":296,"column":null}},"118":{"start":{"line":297,"column":4},"end":{"line":297,"column":null}},"119":{"start":{"line":297,"column":32},"end":{"line":297,"column":null}},"120":{"start":{"line":299,"column":22},"end":{"line":299,"column":null}},"121":{"start":{"line":300,"column":27},"end":{"line":300,"column":null}},"122":{"start":{"line":302,"column":4},"end":{"line":302,"column":null}},"123":{"start":{"line":302,"column":48},"end":{"line":302,"column":null}},"124":{"start":{"line":304,"column":4},"end":{"line":304,"column":null}},"125":{"start":{"line":305,"column":4},"end":{"line":305,"column":null}},"126":{"start":{"line":306,"column":4},"end":{"line":306,"column":null}},"127":{"start":{"line":309,"column":2},"end":{"line":320,"column":null}},"128":{"start":{"line":310,"column":4},"end":{"line":319,"column":null}},"129":{"start":{"line":312,"column":20},"end":{"line":312,"column":null}},"130":{"start":{"line":313,"column":6},"end":{"line":313,"column":null}},"131":{"start":{"line":314,"column":6},"end":{"line":318,"column":null}},"132":{"start":{"line":315,"column":8},"end":{"line":315,"column":null}},"133":{"start":{"line":317,"column":8},"end":{"line":317,"column":null}}},"fnMap":{"0":{"name":"ownerDoc","decl":{"start":{"line":56,"column":9},"end":{"line":56,"column":18}},"loc":{"start":{"line":56,"column":48},"end":{"line":58,"column":null}},"line":56},"1":{"name":"getLiveRegion","decl":{"start":{"line":60,"column":9},"end":{"line":60,"column":23}},"loc":{"start":{"line":60,"column":76},"end":{"line":76,"column":null}},"line":60},"2":{"name":"announce","decl":{"start":{"line":86,"column":16},"end":{"line":86,"column":null}},"loc":{"start":{"line":90,"column":8},"end":{"line":95,"column":null}},"line":90},"3":{"name":"isDisabled","decl":{"start":{"line":97,"column":9},"end":{"line":97,"column":20}},"loc":{"start":{"line":97,"column":46},"end":{"line":101,"column":null}},"line":97},"4":{"name":"isHidden","decl":{"start":{"line":103,"column":9},"end":{"line":103,"column":18}},"loc":{"start":{"line":103,"column":44},"end":{"line":119,"column":null}},"line":103},"5":{"name":"getFocusable","decl":{"start":{"line":127,"column":16},"end":{"line":127,"column":29}},"loc":{"start":{"line":127,"column":68},"end":{"line":139,"column":null}},"line":127},"6":{"name":"(anonymous_6)","decl":{"start":{"line":131,"column":22},"end":{"line":131,"column":23}},"loc":{"start":{"line":131,"column":30},"end":{"line":138,"column":3}},"line":131},"7":{"name":"getDeepActiveElement","decl":{"start":{"line":142,"column":9},"end":{"line":142,"column":30}},"loc":{"start":{"line":142,"column":65},"end":{"line":148,"column":null}},"line":142},"8":{"name":"createFocusTrap","decl":{"start":{"line":159,"column":16},"end":{"line":159,"column":32}},"loc":{"start":{"line":159,"column":67},"end":{"line":214,"column":null}},"line":159},"9":{"name":"(anonymous_9)","decl":{"start":{"line":163,"column":20},"end":{"line":163,"column":21}},"loc":{"start":{"line":163,"column":52},"end":{"line":190,"column":null}},"line":163},"10":{"name":"(anonymous_10)","decl":{"start":{"line":206,"column":4},"end":{"line":206,"column":20}},"loc":{"start":{"line":206,"column":20},"end":{"line":212,"column":null}},"line":206},"11":{"name":"saveFocus","decl":{"start":{"line":221,"column":16},"end":{"line":221,"column":48}},"loc":{"start":{"line":221,"column":48},"end":{"line":223,"column":null}},"line":221},"12":{"name":"restoreFocus","decl":{"start":{"line":229,"column":16},"end":{"line":229,"column":29}},"loc":{"start":{"line":229,"column":59},"end":{"line":236,"column":null}},"line":229},"13":{"name":"applyDialog","decl":{"start":{"line":244,"column":16},"end":{"line":244,"column":28}},"loc":{"start":{"line":244,"column":82},"end":{"line":256,"column":null}},"line":244},"14":{"name":"topLevelAncestor","decl":{"start":{"line":259,"column":9},"end":{"line":259,"column":26}},"loc":{"start":{"line":259,"column":82},"end":{"line":272,"column":null}},"line":259},"15":{"name":"setBackgroundInert","decl":{"start":{"line":283,"column":16},"end":{"line":283,"column":35}},"loc":{"start":{"line":283,"column":68},"end":{"line":321,"column":null}},"line":283},"16":{"name":"(anonymous_16)","decl":{"start":{"line":286,"column":20},"end":{"line":286,"column":26}},"loc":{"start":{"line":286,"column":26},"end":{"line":286,"column":null}},"line":286},"17":{"name":"(anonymous_17)","decl":{"start":{"line":295,"column":36},"end":{"line":295,"column":37}},"loc":{"start":{"line":295,"column":47},"end":{"line":307,"column":3}},"line":295},"18":{"name":"restore","decl":{"start":{"line":309,"column":18},"end":{"line":309,"column":34}},"loc":{"start":{"line":309,"column":34},"end":{"line":320,"column":null}},"line":309}},"branchMap":{"0":{"loc":{"start":{"line":57,"column":9},"end":{"line":57,"column":null}},"type":"binary-expr","locations":[{"start":{"line":57,"column":9},"end":{"line":57,"column":31}},{"start":{"line":57,"column":31},"end":{"line":57,"column":null}}],"line":57},"1":{"loc":{"start":{"line":61,"column":15},"end":{"line":61,"column":null}},"type":"cond-expr","locations":[{"start":{"line":61,"column":27},"end":{"line":61,"column":41}},{"start":{"line":61,"column":41},"end":{"line":61,"column":null}}],"line":61},"2":{"loc":{"start":{"line":65,"column":2},"end":{"line":65,"column":null}},"type":"if","locations":[{"start":{"line":65,"column":2},"end":{"line":65,"column":null}},{"start":{},"end":{}}],"line":65},"3":{"loc":{"start":{"line":70,"column":30},"end":{"line":70,"column":60}},"type":"cond-expr","locations":[{"start":{"line":70,"column":42},"end":{"line":70,"column":52}},{"start":{"line":70,"column":52},"end":{"line":70,"column":60}}],"line":70},"4":{"loc":{"start":{"line":71,"column":35},"end":{"line":71,"column":69}},"type":"cond-expr","locations":[{"start":{"line":71,"column":47},"end":{"line":71,"column":61}},{"start":{"line":71,"column":61},"end":{"line":71,"column":69}}],"line":71},"5":{"loc":{"start":{"line":89,"column":2},"end":{"line":89,"column":null}},"type":"default-arg","locations":[{"start":{"line":89,"column":26},"end":{"line":89,"column":null}}],"line":89},"6":{"loc":{"start":{"line":98,"column":2},"end":{"line":98,"column":null}},"type":"if","locations":[{"start":{"line":98,"column":2},"end":{"line":98,"column":null}},{"start":{},"end":{}}],"line":98},"7":{"loc":{"start":{"line":106,"column":4},"end":{"line":106,"column":null}},"type":"if","locations":[{"start":{"line":106,"column":4},"end":{"line":106,"column":null}},{"start":{},"end":{}}],"line":106},"8":{"loc":{"start":{"line":108,"column":4},"end":{"line":115,"column":null}},"type":"if","locations":[{"start":{"line":108,"column":4},"end":{"line":115,"column":null}},{"start":{},"end":{}}],"line":108},"9":{"loc":{"start":{"line":109,"column":6},"end":{"line":112,"column":null}},"type":"binary-expr","locations":[{"start":{"line":109,"column":6},"end":{"line":109,"column":null}},{"start":{"line":110,"column":7},"end":{"line":110,"column":null}},{"start":{"line":111,"column":8},"end":{"line":111,"column":null}},{"start":{"line":112,"column":8},"end":{"line":112,"column":null}}],"line":109},"10":{"loc":{"start":{"line":132,"column":4},"end":{"line":132,"column":null}},"type":"if","locations":[{"start":{"line":132,"column":4},"end":{"line":132,"column":null}},{"start":{},"end":{}}],"line":132},"11":{"loc":{"start":{"line":133,"column":4},"end":{"line":133,"column":null}},"type":"if","locations":[{"start":{"line":133,"column":4},"end":{"line":133,"column":null}},{"start":{},"end":{}}],"line":133},"12":{"loc":{"start":{"line":133,"column":8},"end":{"line":133,"column":64}},"type":"binary-expr","locations":[{"start":{"line":133,"column":8},"end":{"line":133,"column":42}},{"start":{"line":133,"column":42},"end":{"line":133,"column":64}}],"line":133},"13":{"loc":{"start":{"line":134,"column":4},"end":{"line":134,"column":null}},"type":"if","locations":[{"start":{"line":134,"column":4},"end":{"line":134,"column":null}},{"start":{},"end":{}}],"line":134},"14":{"loc":{"start":{"line":134,"column":8},"end":{"line":134,"column":69}},"type":"binary-expr","locations":[{"start":{"line":134,"column":8},"end":{"line":134,"column":43}},{"start":{"line":134,"column":43},"end":{"line":134,"column":69}}],"line":134},"15":{"loc":{"start":{"line":135,"column":4},"end":{"line":135,"column":null}},"type":"if","locations":[{"start":{"line":135,"column":4},"end":{"line":135,"column":null}},{"start":{},"end":{}}],"line":135},"16":{"loc":{"start":{"line":136,"column":4},"end":{"line":136,"column":null}},"type":"if","locations":[{"start":{"line":136,"column":4},"end":{"line":136,"column":null}},{"start":{},"end":{}}],"line":136},"17":{"loc":{"start":{"line":144,"column":9},"end":{"line":144,"column":73}},"type":"binary-expr","locations":[{"start":{"line":144,"column":9},"end":{"line":144,"column":19}},{"start":{"line":144,"column":19},"end":{"line":144,"column":40}},{"start":{"line":144,"column":40},"end":{"line":144,"column":73}}],"line":144},"18":{"loc":{"start":{"line":147,"column":9},"end":{"line":147,"column":null}},"type":"cond-expr","locations":[{"start":{"line":147,"column":41},"end":{"line":147,"column":50}},{"start":{"line":147,"column":50},"end":{"line":147,"column":null}}],"line":147},"19":{"loc":{"start":{"line":160,"column":14},"end":{"line":160,"column":null}},"type":"binary-expr","locations":[{"start":{"line":160,"column":14},"end":{"line":160,"column":41}},{"start":{"line":160,"column":41},"end":{"line":160,"column":null}}],"line":160},"20":{"loc":{"start":{"line":164,"column":4},"end":{"line":164,"column":null}},"type":"if","locations":[{"start":{"line":164,"column":4},"end":{"line":164,"column":null}},{"start":{},"end":{}}],"line":164},"21":{"loc":{"start":{"line":167,"column":4},"end":{"line":172,"column":null}},"type":"if","locations":[{"start":{"line":167,"column":4},"end":{"line":172,"column":null}},{"start":{},"end":{}}],"line":167},"22":{"loc":{"start":{"line":177,"column":23},"end":{"line":177,"column":null}},"type":"cond-expr","locations":[{"start":{"line":177,"column":32},"end":{"line":177,"column":67}},{"start":{"line":177,"column":67},"end":{"line":177,"column":null}}],"line":177},"23":{"loc":{"start":{"line":179,"column":4},"end":{"line":189,"column":null}},"type":"if","locations":[{"start":{"line":179,"column":4},"end":{"line":189,"column":null}},{"start":{"line":184,"column":11},"end":{"line":189,"column":null}}],"line":179},"24":{"loc":{"start":{"line":180,"column":6},"end":{"line":183,"column":null}},"type":"if","locations":[{"start":{"line":180,"column":6},"end":{"line":183,"column":null}},{"start":{},"end":{}}],"line":180},"25":{"loc":{"start":{"line":180,"column":10},"end":{"line":180,"column":43}},"type":"binary-expr","locations":[{"start":{"line":180,"column":10},"end":{"line":180,"column":25}},{"start":{"line":180,"column":25},"end":{"line":180,"column":43}}],"line":180},"26":{"loc":{"start":{"line":185,"column":6},"end":{"line":188,"column":null}},"type":"if","locations":[{"start":{"line":185,"column":6},"end":{"line":188,"column":null}},{"start":{},"end":{}}],"line":185},"27":{"loc":{"start":{"line":185,"column":10},"end":{"line":185,"column":42}},"type":"binary-expr","locations":[{"start":{"line":185,"column":10},"end":{"line":185,"column":25}},{"start":{"line":185,"column":25},"end":{"line":185,"column":42}}],"line":185},"28":{"loc":{"start":{"line":195,"column":2},"end":{"line":203,"column":null}},"type":"if","locations":[{"start":{"line":195,"column":2},"end":{"line":203,"column":null}},{"start":{"line":197,"column":9},"end":{"line":203,"column":null}}],"line":195},"29":{"loc":{"start":{"line":198,"column":4},"end":{"line":201,"column":null}},"type":"if","locations":[{"start":{"line":198,"column":4},"end":{"line":201,"column":null}},{"start":{},"end":{}}],"line":198},"30":{"loc":{"start":{"line":208,"column":6},"end":{"line":211,"column":null}},"type":"if","locations":[{"start":{"line":208,"column":6},"end":{"line":211,"column":null}},{"start":{},"end":{}}],"line":208},"31":{"loc":{"start":{"line":230,"column":2},"end":{"line":230,"column":null}},"type":"if","locations":[{"start":{"line":230,"column":2},"end":{"line":230,"column":null}},{"start":{},"end":{}}],"line":230},"32":{"loc":{"start":{"line":230,"column":6},"end":{"line":230,"column":45}},"type":"binary-expr","locations":[{"start":{"line":230,"column":6},"end":{"line":230,"column":13}},{"start":{"line":230,"column":13},"end":{"line":230,"column":45}}],"line":230},"33":{"loc":{"start":{"line":244,"column":45},"end":{"line":244,"column":82}},"type":"default-arg","locations":[{"start":{"line":244,"column":72},"end":{"line":244,"column":82}}],"line":244},"34":{"loc":{"start":{"line":247,"column":2},"end":{"line":249,"column":null}},"type":"if","locations":[{"start":{"line":247,"column":2},"end":{"line":249,"column":null}},{"start":{},"end":{}}],"line":247},"35":{"loc":{"start":{"line":250,"column":2},"end":{"line":252,"column":null}},"type":"if","locations":[{"start":{"line":250,"column":2},"end":{"line":252,"column":null}},{"start":{},"end":{}}],"line":250},"36":{"loc":{"start":{"line":253,"column":2},"end":{"line":255,"column":null}},"type":"if","locations":[{"start":{"line":253,"column":2},"end":{"line":255,"column":null}},{"start":{},"end":{}}],"line":253},"37":{"loc":{"start":{"line":261,"column":9},"end":{"line":261,"column":32}},"type":"binary-expr","locations":[{"start":{"line":261,"column":9},"end":{"line":261,"column":17}},{"start":{"line":261,"column":17},"end":{"line":261,"column":32}}],"line":261},"38":{"loc":{"start":{"line":263,"column":4},"end":{"line":263,"column":null}},"type":"if","locations":[{"start":{"line":263,"column":4},"end":{"line":263,"column":null}},{"start":{},"end":{}}],"line":263},"39":{"loc":{"start":{"line":264,"column":4},"end":{"line":267,"column":null}},"type":"if","locations":[{"start":{"line":264,"column":4},"end":{"line":267,"column":null}},{"start":{},"end":{}}],"line":264},"40":{"loc":{"start":{"line":264,"column":8},"end":{"line":264,"column":47}},"type":"binary-expr","locations":[{"start":{"line":264,"column":8},"end":{"line":264,"column":19}},{"start":{"line":264,"column":19},"end":{"line":264,"column":47}}],"line":264},"41":{"loc":{"start":{"line":268,"column":4},"end":{"line":268,"column":null}},"type":"if","locations":[{"start":{"line":268,"column":4},"end":{"line":268,"column":null}},{"start":{},"end":{}}],"line":268},"42":{"loc":{"start":{"line":284,"column":14},"end":{"line":284,"column":null}},"type":"binary-expr","locations":[{"start":{"line":284,"column":14},"end":{"line":284,"column":38}},{"start":{"line":284,"column":38},"end":{"line":284,"column":null}}],"line":284},"43":{"loc":{"start":{"line":286,"column":2},"end":{"line":286,"column":null}},"type":"if","locations":[{"start":{"line":286,"column":2},"end":{"line":286,"column":null}},{"start":{},"end":{}}],"line":286},"44":{"loc":{"start":{"line":296,"column":4},"end":{"line":296,"column":null}},"type":"if","locations":[{"start":{"line":296,"column":4},"end":{"line":296,"column":null}},{"start":{},"end":{}}],"line":296},"45":{"loc":{"start":{"line":297,"column":4},"end":{"line":297,"column":null}},"type":"if","locations":[{"start":{"line":297,"column":4},"end":{"line":297,"column":null}},{"start":{},"end":{}}],"line":297},"46":{"loc":{"start":{"line":297,"column":8},"end":{"line":297,"column":32}},"type":"binary-expr","locations":[{"start":{"line":297,"column":8},"end":{"line":297,"column":16}},{"start":{"line":297,"column":16},"end":{"line":297,"column":32}}],"line":297},"47":{"loc":{"start":{"line":302,"column":4},"end":{"line":302,"column":null}},"type":"if","locations":[{"start":{"line":302,"column":4},"end":{"line":302,"column":null}},{"start":{},"end":{}}],"line":302},"48":{"loc":{"start":{"line":302,"column":8},"end":{"line":302,"column":48}},"type":"binary-expr","locations":[{"start":{"line":302,"column":8},"end":{"line":302,"column":21}},{"start":{"line":302,"column":21},"end":{"line":302,"column":48}}],"line":302},"49":{"loc":{"start":{"line":314,"column":6},"end":{"line":318,"column":null}},"type":"if","locations":[{"start":{"line":314,"column":6},"end":{"line":318,"column":null}},{"start":{"line":316,"column":13},"end":{"line":318,"column":null}}],"line":314}},"s":{"0":4,"1":4,"2":4,"3":116,"4":141,"5":141,"6":141,"7":25,"8":116,"9":116,"10":116,"11":116,"12":141,"13":141,"14":141,"15":141,"16":141,"17":141,"18":141,"19":141,"20":317,"21":2,"22":315,"23":315,"24":315,"25":315,"26":1170,"27":1,"28":1169,"29":1169,"30":2,"31":1167,"32":312,"33":107,"34":107,"35":320,"36":1,"37":319,"38":1,"39":318,"40":1,"41":317,"42":2,"43":315,"44":3,"45":312,"46":93,"47":93,"48":24,"49":93,"50":92,"51":92,"52":92,"53":6,"54":1,"55":5,"56":5,"57":1,"58":1,"59":1,"60":4,"61":4,"62":4,"63":4,"64":6,"65":1,"66":1,"67":1,"68":3,"69":2,"70":2,"71":92,"72":92,"73":92,"74":89,"75":3,"76":2,"77":2,"78":3,"79":92,"80":78,"81":78,"82":2,"83":2,"84":89,"85":358,"86":287,"87":71,"88":71,"89":87,"90":87,"91":87,"92":85,"93":87,"94":56,"95":87,"96":1,"97":91,"98":91,"99":201,"100":201,"101":88,"102":113,"103":83,"104":83,"105":30,"106":2,"107":28,"108":1,"109":92,"110":92,"111":92,"112":1,"113":91,"114":91,"115":91,"116":186,"117":1,"118":185,"119":88,"120":97,"121":97,"122":97,"123":15,"124":82,"125":82,"126":82,"127":91,"128":77,"129":68,"130":68,"131":68,"132":67,"133":1},"f":{"0":116,"1":141,"2":141,"3":317,"4":315,"5":107,"6":320,"7":93,"8":92,"9":6,"10":78,"11":89,"12":358,"13":87,"14":91,"15":92,"16":1,"17":186,"18":77},"b":{"0":[116,0],"1":[5,136],"2":[25,116],"3":[5,111],"4":[5,111],"5":[141],"6":[2,315],"7":[1,1169],"8":[2,1167],"9":[1169,1169,1168,1167],"10":[1,319],"11":[1,318],"12":[319,3],"13":[1,317],"14":[318,2],"15":[2,315],"16":[3,312],"17":[93,117,24],"18":[93,0],"19":[92,0],"20":[1,5],"21":[1,4],"22":[4,0],"23":[1,3],"24":[1,0],"25":[1,1],"26":[2,1],"27":[3,2],"28":[89,3],"29":[2,1],"30":[2,76],"31":[287,71],"32":[358,71],"33":[87],"34":[85,2],"35":[56,31],"36":[1,86],"37":[91,202],"38":[88,113],"39":[83,30],"40":[113,111],"41":[2,28],"42":[92,0],"43":[1,91],"44":[1,185],"45":[88,97],"46":[185,180],"47":[15,82],"48":[97,15],"49":[67,1]},"meta":{"lastBranch":50,"lastFunction":19,"lastStatement":134,"seen":{"s:36:20:36:Infinity":0,"s:39:2:39:Infinity":1,"s:47:27:54:Infinity":2,"f:56:9:56:18":0,"s:57:2:57:Infinity":3,"b:57:9:57:31:57:31:57:Infinity":0,"f:60:9:60:23":1,"s:61:15:61:Infinity":4,"b:61:27:61:41:61:41:61:Infinity":1,"s:62:19:64:Infinity":5,"b:65:2:65:Infinity:undefined:undefined:undefined:undefined":2,"s:65:2:65:Infinity":6,"s:65:16:65:Infinity":7,"s:67:14:67:Infinity":8,"s:68:17:68:Infinity":9,"s:69:2:69:Infinity":10,"s:70:2:70:Infinity":11,"b:70:42:70:52:70:52:70:60":3,"s:71:2:71:Infinity":12,"b:71:47:71:61:71:61:71:69":4,"s:72:2:72:Infinity":13,"s:73:2:73:Infinity":14,"s:74:2:74:Infinity":15,"s:75:2:75:Infinity":16,"f:86:16:86:Infinity":2,"b:89:26:89:Infinity":5,"s:91:17:91:Infinity":17,"s:93:2:93:Infinity":18,"s:94:2:94:Infinity":19,"f:97:9:97:20":3,"b:98:2:98:Infinity:undefined:undefined:undefined:undefined":6,"s:98:2:98:Infinity":20,"s:98:35:98:Infinity":21,"s:99:18:99:Infinity":22,"s:100:2:100:Infinity":23,"f:103:9:103:18":4,"s:104:33:104:Infinity":24,"s:105:2:117:Infinity":25,"b:106:4:106:Infinity:undefined:undefined:undefined:undefined":7,"s:106:4:106:Infinity":26,"s:106:37:106:Infinity":27,"s:107:18:107:Infinity":28,"b:108:4:115:Infinity:undefined:undefined:undefined:undefined":8,"s:108:4:115:Infinity":29,"b:109:6:109:Infinity:110:7:110:Infinity:111:8:111:Infinity:112:8:112:Infinity":9,"s:114:6:114:Infinity":30,"s:116:4:116:Infinity":31,"s:118:2:118:Infinity":32,"f:127:16:127:29":5,"s:128:16:130:Infinity":33,"s:131:2:138:Infinity":34,"f:131:22:131:23":6,"b:132:4:132:Infinity:undefined:undefined:undefined:undefined":10,"s:132:4:132:Infinity":35,"s:132:46:132:Infinity":36,"b:133:4:133:Infinity:undefined:undefined:undefined:undefined":11,"s:133:4:133:Infinity":37,"b:133:8:133:42:133:42:133:64":12,"s:133:64:133:Infinity":38,"b:134:4:134:Infinity:undefined:undefined:undefined:undefined":13,"s:134:4:134:Infinity":39,"b:134:8:134:43:134:43:134:69":14,"s:134:69:134:Infinity":40,"b:135:4:135:Infinity:undefined:undefined:undefined:undefined":15,"s:135:4:135:Infinity":41,"s:135:24:135:Infinity":42,"b:136:4:136:Infinity:undefined:undefined:undefined:undefined":16,"s:136:4:136:Infinity":43,"s:136:22:136:Infinity":44,"s:137:4:137:Infinity":45,"f:142:9:142:30":7,"s:143:31:143:Infinity":46,"s:144:2:146:Infinity":47,"b:144:9:144:19:144:19:144:40:144:40:144:73":17,"s:145:4:145:Infinity":48,"s:147:2:147:Infinity":49,"b:147:41:147:50:147:50:147:Infinity":18,"f:159:16:159:32":8,"s:160:14:160:Infinity":50,"b:160:14:160:41:160:41:160:Infinity":19,"s:161:22:161:Infinity":51,"s:163:20:190:Infinity":52,"f:163:20:163:21":9,"b:164:4:164:Infinity:undefined:undefined:undefined:undefined":20,"s:164:4:164:Infinity":53,"s:164:29:164:Infinity":54,"s:166:22:166:Infinity":55,"b:167:4:172:Infinity:undefined:undefined:undefined:undefined":21,"s:167:4:172:Infinity":56,"s:169:6:169:Infinity":57,"s:170:6:170:Infinity":58,"s:171:6:171:Infinity":59,"s:174:18:174:Infinity":60,"s:175:17:175:Infinity":61,"s:176:19:176:Infinity":62,"s:177:23:177:Infinity":63,"b:177:32:177:67:177:67:177:Infinity":22,"b:179:4:189:Infinity:184:11:189:Infinity":23,"s:179:4:189:Infinity":64,"b:180:6:183:Infinity:undefined:undefined:undefined:undefined":24,"s:180:6:183:Infinity":65,"b:180:10:180:25:180:25:180:43":25,"s:181:8:181:Infinity":66,"s:182:8:182:Infinity":67,"b:185:6:188:Infinity:undefined:undefined:undefined:undefined":26,"s:185:6:188:Infinity":68,"b:185:10:185:25:185:25:185:42":27,"s:186:8:186:Infinity":69,"s:187:8:187:Infinity":70,"s:192:2:192:Infinity":71,"s:194:18:194:Infinity":72,"b:195:2:203:Infinity:197:9:203:Infinity":28,"s:195:2:203:Infinity":73,"s:196:4:196:Infinity":74,"b:198:4:201:Infinity:undefined:undefined:undefined:undefined":29,"s:198:4:201:Infinity":75,"s:199:6:199:Infinity":76,"s:200:6:200:Infinity":77,"s:202:4:202:Infinity":78,"s:205:2:213:Infinity":79,"f:206:4:206:20":10,"s:207:6:207:Infinity":80,"b:208:6:211:Infinity:undefined:undefined:undefined:undefined":30,"s:208:6:211:Infinity":81,"s:209:8:209:Infinity":82,"s:210:8:210:Infinity":83,"f:221:16:221:48":11,"s:222:2:222:Infinity":84,"f:229:16:229:29":12,"b:230:2:230:Infinity:undefined:undefined:undefined:undefined":31,"s:230:2:230:Infinity":85,"b:230:6:230:13:230:13:230:45":32,"s:230:45:230:Infinity":86,"s:231:2:235:Infinity":87,"s:232:4:232:Infinity":88,"f:244:16:244:28":13,"b:244:72:244:82":33,"s:245:2:245:Infinity":89,"s:246:2:246:Infinity":90,"b:247:2:249:Infinity:undefined:undefined:undefined:undefined":34,"s:247:2:249:Infinity":91,"s:248:4:248:Infinity":92,"b:250:2:252:Infinity:undefined:undefined:undefined:undefined":35,"s:250:2:252:Infinity":93,"s:251:4:251:Infinity":94,"b:253:2:255:Infinity:undefined:undefined:undefined:undefined":36,"s:253:2:255:Infinity":95,"s:254:4:254:Infinity":96,"f:259:9:259:26":14,"s:260:26:260:Infinity":97,"s:261:2:270:Infinity":98,"b:261:9:261:17:261:17:261:32":37,"s:262:32:262:Infinity":99,"b:263:4:263:Infinity:undefined:undefined:undefined:undefined":38,"s:263:4:263:Infinity":100,"s:263:25:263:Infinity":101,"b:264:4:267:Infinity:undefined:undefined:undefined:undefined":39,"s:264:4:267:Infinity":102,"b:264:8:264:19:264:19:264:47":40,"s:265:6:265:Infinity":103,"s:266:6:266:Infinity":104,"b:268:4:268:Infinity:undefined:undefined:undefined:undefined":41,"s:268:4:268:Infinity":105,"s:268:17:268:Infinity":106,"s:269:4:269:Infinity":107,"s:271:2:271:Infinity":108,"f:283:16:283:35":15,"s:284:14:284:Infinity":109,"b:284:14:284:38:284:38:284:Infinity":42,"s:285:15:285:Infinity":110,"b:286:2:286:Infinity:undefined:undefined:undefined:undefined":43,"s:286:2:286:Infinity":111,"s:286:13:286:Infinity":112,"f:286:20:286:26":16,"s:288:15:288:Infinity":113,"s:293:7:293:Infinity":114,"s:295:2:307:Infinity":115,"f:295:36:295:37":17,"b:296:4:296:Infinity:undefined:undefined:undefined:undefined":44,"s:296:4:296:Infinity":116,"s:296:41:296:Infinity":117,"b:297:4:297:Infinity:undefined:undefined:undefined:undefined":45,"s:297:4:297:Infinity":118,"b:297:8:297:16:297:16:297:32":46,"s:297:32:297:Infinity":119,"s:299:22:299:Infinity":120,"s:300:27:300:Infinity":121,"b:302:4:302:Infinity:undefined:undefined:undefined:undefined":47,"s:302:4:302:Infinity":122,"b:302:8:302:21:302:21:302:48":48,"s:302:48:302:Infinity":123,"s:304:4:304:Infinity":124,"s:305:4:305:Infinity":125,"s:306:4:306:Infinity":126,"s:309:2:320:Infinity":127,"f:309:18:309:34":18,"s:310:4:319:Infinity":128,"s:312:20:312:Infinity":129,"s:313:6:313:Infinity":130,"b:314:6:318:Infinity:316:13:318:Infinity":49,"s:314:6:318:Infinity":131,"s:315:8:315:Infinity":132,"s:317:8:317:Infinity":133}}}
,"/Users/lawrence/Programming/Web/qaid-feedback/thumbs-embed/src/annotate.ts": {"path":"/Users/lawrence/Programming/Web/qaid-feedback/thumbs-embed/src/annotate.ts","statementMap":{"0":{"start":{"line":50,"column":18},"end":{"line":50,"column":null}},"1":{"start":{"line":53,"column":23},"end":{"line":53,"column":null}},"2":{"start":{"line":55,"column":29},"end":{"line":55,"column":null}},"3":{"start":{"line":57,"column":24},"end":{"line":57,"column":null}},"4":{"start":{"line":72,"column":41},"end":{"line":83,"column":null}},"5":{"start":{"line":93,"column":2},"end":{"line":98,"column":null}},"6":{"start":{"line":103,"column":2},"end":{"line":103,"column":null}},"7":{"start":{"line":103,"column":28},"end":{"line":103,"column":null}},"8":{"start":{"line":104,"column":12},"end":{"line":104,"column":null}},"9":{"start":{"line":105,"column":2},"end":{"line":105,"column":null}},"10":{"start":{"line":114,"column":2},"end":{"line":114,"column":null}},"11":{"start":{"line":115,"column":2},"end":{"line":115,"column":null}},"12":{"start":{"line":116,"column":2},"end":{"line":116,"column":null}},"13":{"start":{"line":117,"column":2},"end":{"line":117,"column":null}},"14":{"start":{"line":119,"column":16},"end":{"line":119,"column":null}},"15":{"start":{"line":120,"column":15},"end":{"line":120,"column":null}},"16":{"start":{"line":121,"column":2},"end":{"line":121,"column":null}},"17":{"start":{"line":122,"column":2},"end":{"line":122,"column":null}},"18":{"start":{"line":123,"column":2},"end":{"line":126,"column":null}},"19":{"start":{"line":127,"column":2},"end":{"line":127,"column":null}},"20":{"start":{"line":128,"column":2},"end":{"line":131,"column":null}},"21":{"start":{"line":132,"column":2},"end":{"line":132,"column":null}},"22":{"start":{"line":136,"column":2},"end":{"line":136,"column":null}},"23":{"start":{"line":136,"column":27},"end":{"line":136,"column":null}},"24":{"start":{"line":137,"column":2},"end":{"line":137,"column":null}},"25":{"start":{"line":138,"column":2},"end":{"line":138,"column":null}},"26":{"start":{"line":139,"column":2},"end":{"line":141,"column":null}},"27":{"start":{"line":139,"column":15},"end":{"line":139,"column":18}},"28":{"start":{"line":140,"column":4},"end":{"line":140,"column":null}},"29":{"start":{"line":142,"column":2},"end":{"line":142,"column":null}},"30":{"start":{"line":160,"column":2},"end":{"line":160,"column":null}},"31":{"start":{"line":161,"column":2},"end":{"line":161,"column":null}},"32":{"start":{"line":162,"column":2},"end":{"line":162,"column":null}},"33":{"start":{"line":163,"column":2},"end":{"line":178,"column":null}},"34":{"start":{"line":163,"column":16},"end":{"line":163,"column":19}},"35":{"start":{"line":164,"column":4},"end":{"line":177,"column":null}},"36":{"start":{"line":164,"column":18},"end":{"line":164,"column":21}},"37":{"start":{"line":165,"column":12},"end":{"line":168,"column":null}},"38":{"start":{"line":169,"column":6},"end":{"line":176,"column":null}},"39":{"start":{"line":170,"column":8},"end":{"line":175,"column":null}},"40":{"start":{"line":187,"column":2},"end":{"line":187,"column":null}},"41":{"start":{"line":188,"column":2},"end":{"line":188,"column":null}},"42":{"start":{"line":189,"column":2},"end":{"line":189,"column":null}},"43":{"start":{"line":190,"column":2},"end":{"line":190,"column":null}},"44":{"start":{"line":191,"column":2},"end":{"line":191,"column":null}},"45":{"start":{"line":192,"column":2},"end":{"line":192,"column":null}},"46":{"start":{"line":194,"column":2},"end":{"line":211,"column":null}},"47":{"start":{"line":196,"column":16},"end":{"line":196,"column":null}},"48":{"start":{"line":197,"column":6},"end":{"line":197,"column":null}},"49":{"start":{"line":198,"column":6},"end":{"line":198,"column":null}},"50":{"start":{"line":201,"column":6},"end":{"line":201,"column":null}},"51":{"start":{"line":202,"column":6},"end":{"line":202,"column":null}},"52":{"start":{"line":204,"column":6},"end":{"line":204,"column":null}},"53":{"start":{"line":205,"column":6},"end":{"line":205,"column":null}},"54":{"start":{"line":207,"column":16},"end":{"line":207,"column":null}},"55":{"start":{"line":208,"column":6},"end":{"line":208,"column":null}},"56":{"start":{"line":209,"column":6},"end":{"line":209,"column":null}},"57":{"start":{"line":213,"column":2},"end":{"line":213,"column":null}},"58":{"start":{"line":218,"column":2},"end":{"line":223,"column":null}},"59":{"start":{"line":219,"column":16},"end":{"line":219,"column":null}},"60":{"start":{"line":220,"column":4},"end":{"line":220,"column":null}},"61":{"start":{"line":220,"column":29},"end":{"line":220,"column":null}},"62":{"start":{"line":221,"column":4},"end":{"line":221,"column":null}},"63":{"start":{"line":221,"column":30},"end":{"line":221,"column":null}},"64":{"start":{"line":222,"column":4},"end":{"line":222,"column":null}},"65":{"start":{"line":237,"column":18},"end":{"line":237,"column":null}},"66":{"start":{"line":240,"column":2},"end":{"line":244,"column":null}},"67":{"start":{"line":241,"column":4},"end":{"line":241,"column":null}},"68":{"start":{"line":243,"column":4},"end":{"line":243,"column":null}},"69":{"start":{"line":246,"column":17},"end":{"line":246,"column":null}},"70":{"start":{"line":247,"column":2},"end":{"line":247,"column":null}},"71":{"start":{"line":248,"column":2},"end":{"line":248,"column":null}},"72":{"start":{"line":250,"column":14},"end":{"line":250,"column":null}},"73":{"start":{"line":251,"column":2},"end":{"line":251,"column":null}},"74":{"start":{"line":251,"column":12},"end":{"line":251,"column":null}},"75":{"start":{"line":253,"column":2},"end":{"line":253,"column":null}},"76":{"start":{"line":254,"column":2},"end":{"line":256,"column":null}},"77":{"start":{"line":255,"column":4},"end":{"line":255,"column":null}},"78":{"start":{"line":258,"column":2},"end":{"line":258,"column":null}},"79":{"start":{"line":288,"column":16},"end":{"line":288,"column":null}},"80":{"start":{"line":296,"column":29},"end":{"line":296,"column":null}},"81":{"start":{"line":297,"column":20},"end":{"line":297,"column":null}},"82":{"start":{"line":303,"column":25},"end":{"line":303,"column":null}},"83":{"start":{"line":307,"column":49},"end":{"line":307,"column":null}},"84":{"start":{"line":310,"column":41},"end":{"line":310,"column":null}},"85":{"start":{"line":312,"column":20},"end":{"line":312,"column":null}},"86":{"start":{"line":313,"column":34},"end":{"line":313,"column":null}},"87":{"start":{"line":314,"column":20},"end":{"line":314,"column":null}},"88":{"start":{"line":492,"column":27},"end":{"line":505,"column":null}},"89":{"start":{"line":507,"column":18},"end":{"line":518,"column":null}},"90":{"start":{"line":520,"column":18},"end":{"line":529,"column":null}},"91":{"start":{"line":531,"column":16},"end":{"line":544,"column":null}},"92":{"start":{"line":546,"column":14},"end":{"line":561,"column":null}},"93":{"start":{"line":320,"column":4},"end":{"line":320,"column":null}},"94":{"start":{"line":321,"column":4},"end":{"line":321,"column":null}},"95":{"start":{"line":322,"column":4},"end":{"line":322,"column":null}},"96":{"start":{"line":323,"column":4},"end":{"line":323,"column":null}},"97":{"start":{"line":328,"column":20},"end":{"line":330,"column":null}},"98":{"start":{"line":329,"column":6},"end":{"line":329,"column":null}},"99":{"start":{"line":331,"column":4},"end":{"line":331,"column":null}},"100":{"start":{"line":332,"column":4},"end":{"line":332,"column":null}},"101":{"start":{"line":336,"column":10},"end":{"line":343,"column":null}},"102":{"start":{"line":344,"column":4},"end":{"line":344,"column":null}},"103":{"start":{"line":345,"column":4},"end":{"line":345,"column":null}},"104":{"start":{"line":354,"column":10},"end":{"line":360,"column":null}},"105":{"start":{"line":361,"column":4},"end":{"line":361,"column":null}},"106":{"start":{"line":362,"column":4},"end":{"line":362,"column":null}},"107":{"start":{"line":366,"column":20},"end":{"line":366,"column":null}},"108":{"start":{"line":367,"column":19},"end":{"line":367,"column":null}},"109":{"start":{"line":369,"column":4},"end":{"line":369,"column":null}},"110":{"start":{"line":370,"column":4},"end":{"line":370,"column":null}},"111":{"start":{"line":372,"column":10},"end":{"line":375,"column":null}},"112":{"start":{"line":376,"column":4},"end":{"line":376,"column":null}},"113":{"start":{"line":378,"column":10},"end":{"line":381,"column":null}},"114":{"start":{"line":382,"column":4},"end":{"line":382,"column":null}},"115":{"start":{"line":384,"column":10},"end":{"line":384,"column":null}},"116":{"start":{"line":385,"column":4},"end":{"line":385,"column":null}},"117":{"start":{"line":386,"column":4},"end":{"line":386,"column":null}},"118":{"start":{"line":387,"column":4},"end":{"line":387,"column":null}},"119":{"start":{"line":388,"column":4},"end":{"line":388,"column":null}},"120":{"start":{"line":389,"column":4},"end":{"line":389,"column":null}},"121":{"start":{"line":390,"column":4},"end":{"line":390,"column":null}},"122":{"start":{"line":391,"column":4},"end":{"line":391,"column":null}},"123":{"start":{"line":392,"column":4},"end":{"line":392,"column":null}},"124":{"start":{"line":394,"column":4},"end":{"line":398,"column":null}},"125":{"start":{"line":400,"column":10},"end":{"line":400,"column":null}},"126":{"start":{"line":401,"column":4},"end":{"line":401,"column":null}},"127":{"start":{"line":402,"column":4},"end":{"line":402,"column":null}},"128":{"start":{"line":403,"column":4},"end":{"line":403,"column":null}},"129":{"start":{"line":404,"column":4},"end":{"line":404,"column":null}},"130":{"start":{"line":406,"column":4},"end":{"line":406,"column":null}},"131":{"start":{"line":407,"column":4},"end":{"line":407,"column":null}},"132":{"start":{"line":409,"column":20},"end":{"line":409,"column":null}},"133":{"start":{"line":410,"column":20},"end":{"line":410,"column":null}},"134":{"start":{"line":412,"column":10},"end":{"line":412,"column":null}},"135":{"start":{"line":413,"column":4},"end":{"line":413,"column":null}},"136":{"start":{"line":414,"column":4},"end":{"line":414,"column":null}},"137":{"start":{"line":415,"column":4},"end":{"line":415,"column":null}},"138":{"start":{"line":417,"column":4},"end":{"line":417,"column":null}},"139":{"start":{"line":418,"column":4},"end":{"line":418,"column":null}},"140":{"start":{"line":420,"column":4},"end":{"line":420,"column":null}},"141":{"start":{"line":421,"column":4},"end":{"line":421,"column":null}},"142":{"start":{"line":422,"column":4},"end":{"line":422,"column":null}},"143":{"start":{"line":423,"column":4},"end":{"line":423,"column":null}},"144":{"start":{"line":424,"column":4},"end":{"line":424,"column":null}},"145":{"start":{"line":426,"column":4},"end":{"line":426,"column":null}},"146":{"start":{"line":427,"column":4},"end":{"line":427,"column":null}},"147":{"start":{"line":428,"column":4},"end":{"line":428,"column":null}},"148":{"start":{"line":429,"column":4},"end":{"line":429,"column":null}},"149":{"start":{"line":430,"column":4},"end":{"line":430,"column":null}},"150":{"start":{"line":432,"column":4},"end":{"line":435,"column":null}},"151":{"start":{"line":436,"column":4},"end":{"line":436,"column":null}},"152":{"start":{"line":438,"column":4},"end":{"line":448,"column":null}},"153":{"start":{"line":440,"column":8},"end":{"line":440,"column":null}},"154":{"start":{"line":441,"column":8},"end":{"line":441,"column":null}},"155":{"start":{"line":442,"column":8},"end":{"line":442,"column":null}},"156":{"start":{"line":443,"column":8},"end":{"line":443,"column":null}},"157":{"start":{"line":446,"column":8},"end":{"line":446,"column":null}},"158":{"start":{"line":447,"column":8},"end":{"line":447,"column":null}},"159":{"start":{"line":453,"column":17},"end":{"line":453,"column":null}},"160":{"start":{"line":454,"column":19},"end":{"line":454,"column":null}},"161":{"start":{"line":455,"column":19},"end":{"line":455,"column":null}},"162":{"start":{"line":456,"column":4},"end":{"line":459,"column":null}},"163":{"start":{"line":464,"column":16},"end":{"line":464,"column":null}},"164":{"start":{"line":465,"column":4},"end":{"line":465,"column":null}},"165":{"start":{"line":465,"column":14},"end":{"line":465,"column":null}},"166":{"start":{"line":466,"column":4},"end":{"line":466,"column":null}},"167":{"start":{"line":467,"column":4},"end":{"line":469,"column":null}},"168":{"start":{"line":468,"column":6},"end":{"line":468,"column":null}},"169":{"start":{"line":470,"column":4},"end":{"line":472,"column":null}},"170":{"start":{"line":471,"column":6},"end":{"line":471,"column":null}},"171":{"start":{"line":473,"column":4},"end":{"line":475,"column":null}},"172":{"start":{"line":474,"column":6},"end":{"line":474,"column":null}},"173":{"start":{"line":480,"column":4},"end":{"line":480,"column":null}},"174":{"start":{"line":481,"column":20},"end":{"line":481,"column":null}},"175":{"start":{"line":482,"column":4},"end":{"line":487,"column":null}},"176":{"start":{"line":483,"column":6},"end":{"line":486,"column":null}},"177":{"start":{"line":488,"column":18},"end":{"line":488,"column":null}},"178":{"start":{"line":489,"column":4},"end":{"line":489,"column":null}},"179":{"start":{"line":493,"column":19},"end":{"line":493,"column":null}},"180":{"start":{"line":494,"column":16},"end":{"line":494,"column":null}},"181":{"start":{"line":495,"column":4},"end":{"line":495,"column":null}},"182":{"start":{"line":495,"column":14},"end":{"line":495,"column":null}},"183":{"start":{"line":496,"column":17},"end":{"line":496,"column":null}},"184":{"start":{"line":497,"column":4},"end":{"line":500,"column":null}},"185":{"start":{"line":498,"column":6},"end":{"line":498,"column":null}},"186":{"start":{"line":499,"column":6},"end":{"line":499,"column":null}},"187":{"start":{"line":501,"column":19},"end":{"line":501,"column":null}},"188":{"start":{"line":502,"column":4},"end":{"line":504,"column":null}},"189":{"start":{"line":502,"column":27},"end":{"line":502,"column":null}},"190":{"start":{"line":502,"column":37},"end":{"line":504,"column":null}},"191":{"start":{"line":503,"column":32},"end":{"line":503,"column":null}},"192":{"start":{"line":503,"column":42},"end":{"line":504,"column":null}},"193":{"start":{"line":504,"column":32},"end":{"line":504,"column":null}},"194":{"start":{"line":508,"column":4},"end":{"line":508,"column":null}},"195":{"start":{"line":509,"column":4},"end":{"line":509,"column":null}},"196":{"start":{"line":510,"column":14},"end":{"line":510,"column":null}},"197":{"start":{"line":511,"column":4},"end":{"line":516,"column":null}},"198":{"start":{"line":517,"column":4},"end":{"line":517,"column":null}},"199":{"start":{"line":521,"column":4},"end":{"line":521,"column":null}},"200":{"start":{"line":521,"column":40},"end":{"line":521,"column":null}},"201":{"start":{"line":522,"column":14},"end":{"line":522,"column":null}},"202":{"start":{"line":523,"column":4},"end":{"line":527,"column":null}},"203":{"start":{"line":524,"column":6},"end":{"line":524,"column":null}},"204":{"start":{"line":526,"column":6},"end":{"line":526,"column":null}},"205":{"start":{"line":528,"column":4},"end":{"line":528,"column":null}},"206":{"start":{"line":532,"column":4},"end":{"line":532,"column":null}},"207":{"start":{"line":532,"column":40},"end":{"line":532,"column":null}},"208":{"start":{"line":533,"column":4},"end":{"line":533,"column":null}},"209":{"start":{"line":534,"column":18},"end":{"line":534,"column":null}},"210":{"start":{"line":535,"column":4},"end":{"line":535,"column":null}},"211":{"start":{"line":536,"column":4},"end":{"line":539,"column":null}},"212":{"start":{"line":537,"column":6},"end":{"line":537,"column":null}},"213":{"start":{"line":538,"column":6},"end":{"line":538,"column":null}},"214":{"start":{"line":540,"column":4},"end":{"line":540,"column":null}},"215":{"start":{"line":541,"column":4},"end":{"line":541,"column":null}},"216":{"start":{"line":542,"column":4},"end":{"line":542,"column":null}},"217":{"start":{"line":543,"column":4},"end":{"line":543,"column":null}},"218":{"start":{"line":547,"column":4},"end":{"line":551,"column":null}},"219":{"start":{"line":548,"column":6},"end":{"line":548,"column":null}},"220":{"start":{"line":549,"column":6},"end":{"line":549,"column":null}},"221":{"start":{"line":550,"column":6},"end":{"line":550,"column":null}},"222":{"start":{"line":552,"column":4},"end":{"line":560,"column":null}},"223":{"start":{"line":553,"column":21},"end":{"line":553,"column":null}},"224":{"start":{"line":555,"column":6},"end":{"line":557,"column":null}},"225":{"start":{"line":556,"column":8},"end":{"line":556,"column":null}},"226":{"start":{"line":558,"column":6},"end":{"line":558,"column":null}},"227":{"start":{"line":559,"column":6},"end":{"line":559,"column":null}},"228":{"start":{"line":565,"column":4},"end":{"line":568,"column":null}},"229":{"start":{"line":566,"column":6},"end":{"line":566,"column":null}},"230":{"start":{"line":567,"column":6},"end":{"line":567,"column":null}},"231":{"start":{"line":569,"column":4},"end":{"line":569,"column":null}},"232":{"start":{"line":570,"column":4},"end":{"line":570,"column":null}},"233":{"start":{"line":571,"column":4},"end":{"line":571,"column":null}},"234":{"start":{"line":572,"column":4},"end":{"line":572,"column":null}},"235":{"start":{"line":577,"column":4},"end":{"line":577,"column":null}},"236":{"start":{"line":577,"column":22},"end":{"line":577,"column":null}},"237":{"start":{"line":578,"column":16},"end":{"line":580,"column":null}},"238":{"start":{"line":581,"column":4},"end":{"line":581,"column":null}},"239":{"start":{"line":582,"column":4},"end":{"line":582,"column":null}},"240":{"start":{"line":587,"column":4},"end":{"line":587,"column":null}},"241":{"start":{"line":587,"column":22},"end":{"line":587,"column":null}},"242":{"start":{"line":588,"column":4},"end":{"line":588,"column":null}},"243":{"start":{"line":589,"column":4},"end":{"line":589,"column":null}},"244":{"start":{"line":593,"column":4},"end":{"line":593,"column":null}},"245":{"start":{"line":594,"column":4},"end":{"line":594,"column":null}},"246":{"start":{"line":595,"column":4},"end":{"line":595,"column":null}},"247":{"start":{"line":599,"column":4},"end":{"line":599,"column":null}},"248":{"start":{"line":600,"column":4},"end":{"line":600,"column":null}},"249":{"start":{"line":601,"column":4},"end":{"line":601,"column":null}},"250":{"start":{"line":602,"column":4},"end":{"line":602,"column":null}},"251":{"start":{"line":603,"column":4},"end":{"line":603,"column":null}},"252":{"start":{"line":604,"column":4},"end":{"line":604,"column":null}},"253":{"start":{"line":605,"column":4},"end":{"line":605,"column":null}},"254":{"start":{"line":610,"column":61},"end":{"line":615,"column":null}},"255":{"start":{"line":624,"column":2},"end":{"line":624,"column":null}}},"fnMap":{"0":{"name":"rectFromPoints","decl":{"start":{"line":89,"column":16},"end":{"line":89,"column":null}},"loc":{"start":{"line":92,"column":50},"end":{"line":99,"column":null}},"line":92},"1":{"name":"isDegenerate","decl":{"start":{"line":102,"column":9},"end":{"line":102,"column":22}},"loc":{"start":{"line":102,"column":45},"end":{"line":106,"column":null}},"line":102},"2":{"name":"drawArrow","decl":{"start":{"line":108,"column":9},"end":{"line":108,"column":null}},"loc":{"start":{"line":113,"column":8},"end":{"line":133,"column":null}},"line":113},"3":{"name":"drawPen","decl":{"start":{"line":135,"column":9},"end":{"line":135,"column":17}},"loc":{"start":{"line":135,"column":71},"end":{"line":143,"column":null}},"line":135},"4":{"name":"drawBlur","decl":{"start":{"line":153,"column":9},"end":{"line":153,"column":null}},"loc":{"start":{"line":159,"column":8},"end":{"line":179,"column":null}},"line":159},"5":{"name":"drawShape","decl":{"start":{"line":186,"column":16},"end":{"line":186,"column":26}},"loc":{"start":{"line":186,"column":77},"end":{"line":214,"column":null}},"line":186},"6":{"name":"loadImage","decl":{"start":{"line":217,"column":9},"end":{"line":217,"column":19}},"loc":{"start":{"line":217,"column":59},"end":{"line":224,"column":null}},"line":217},"7":{"name":"(anonymous_7)","decl":{"start":{"line":218,"column":21},"end":{"line":218,"column":22}},"loc":{"start":{"line":218,"column":42},"end":{"line":223,"column":3}},"line":218},"8":{"name":"(anonymous_8)","decl":{"start":{"line":220,"column":17},"end":{"line":220,"column":29}},"loc":{"start":{"line":220,"column":29},"end":{"line":220,"column":null}},"line":220},"9":{"name":"(anonymous_9)","decl":{"start":{"line":221,"column":18},"end":{"line":221,"column":30}},"loc":{"start":{"line":221,"column":30},"end":{"line":221,"column":null}},"line":221},"10":{"name":"compositeAnnotations","decl":{"start":{"line":232,"column":22},"end":{"line":232,"column":null}},"loc":{"start":{"line":236,"column":19},"end":{"line":259,"column":null}},"line":236},"11":{"name":"(anonymous_11)","decl":{"start":{"line":319,"column":2},"end":{"line":319,"column":14}},"loc":{"start":{"line":319,"column":45},"end":{"line":324,"column":null}},"line":319},"12":{"name":"(anonymous_12)","decl":{"start":{"line":327,"column":2},"end":{"line":327,"column":33}},"loc":{"start":{"line":327,"column":33},"end":{"line":333,"column":null}},"line":327},"13":{"name":"(anonymous_13)","decl":{"start":{"line":328,"column":47},"end":{"line":328,"column":48}},"loc":{"start":{"line":328,"column":60},"end":{"line":330,"column":5}},"line":328},"14":{"name":"(anonymous_14)","decl":{"start":{"line":335,"column":10},"end":{"line":335,"column":21}},"loc":{"start":{"line":335,"column":86},"end":{"line":346,"column":null}},"line":335},"15":{"name":"(anonymous_15)","decl":{"start":{"line":348,"column":10},"end":{"line":348,"column":null}},"loc":{"start":{"line":353,"column":23},"end":{"line":363,"column":null}},"line":353},"16":{"name":"(anonymous_16)","decl":{"start":{"line":365,"column":10},"end":{"line":365,"column":24}},"loc":{"start":{"line":365,"column":24},"end":{"line":449,"column":null}},"line":365},"17":{"name":"(anonymous_17)","decl":{"start":{"line":439,"column":12},"end":{"line":439,"column":13}},"loc":{"start":{"line":439,"column":21},"end":{"line":444,"column":7}},"line":439},"18":{"name":"(anonymous_18)","decl":{"start":{"line":445,"column":13},"end":{"line":445,"column":19}},"loc":{"start":{"line":445,"column":19},"end":{"line":448,"column":7}},"line":445},"19":{"name":"(anonymous_19)","decl":{"start":{"line":452,"column":10},"end":{"line":452,"column":24}},"loc":{"start":{"line":452,"column":72},"end":{"line":460,"column":null}},"line":452},"20":{"name":"(anonymous_20)","decl":{"start":{"line":463,"column":2},"end":{"line":463,"column":17}},"loc":{"start":{"line":463,"column":17},"end":{"line":476,"column":null}},"line":463},"21":{"name":"(anonymous_21)","decl":{"start":{"line":479,"column":2},"end":{"line":479,"column":13}},"loc":{"start":{"line":479,"column":36},"end":{"line":490,"column":null}},"line":479},"22":{"name":"(anonymous_22)","decl":{"start":{"line":482,"column":20},"end":{"line":482,"column":21}},"loc":{"start":{"line":482,"column":29},"end":{"line":487,"column":5}},"line":482},"23":{"name":"(anonymous_23)","decl":{"start":{"line":492,"column":27},"end":{"line":492,"column":28}},"loc":{"start":{"line":492,"column":47},"end":{"line":505,"column":null}},"line":492},"24":{"name":"(anonymous_24)","decl":{"start":{"line":507,"column":18},"end":{"line":507,"column":19}},"loc":{"start":{"line":507,"column":45},"end":{"line":518,"column":null}},"line":507},"25":{"name":"(anonymous_25)","decl":{"start":{"line":520,"column":18},"end":{"line":520,"column":19}},"loc":{"start":{"line":520,"column":45},"end":{"line":529,"column":null}},"line":520},"26":{"name":"(anonymous_26)","decl":{"start":{"line":531,"column":16},"end":{"line":531,"column":28}},"loc":{"start":{"line":531,"column":28},"end":{"line":544,"column":null}},"line":531},"27":{"name":"(anonymous_27)","decl":{"start":{"line":546,"column":14},"end":{"line":546,"column":15}},"loc":{"start":{"line":546,"column":42},"end":{"line":561,"column":null}},"line":546},"28":{"name":"(anonymous_28)","decl":{"start":{"line":564,"column":2},"end":{"line":564,"column":15}},"loc":{"start":{"line":564,"column":15},"end":{"line":573,"column":null}},"line":564},"29":{"name":"(anonymous_29)","decl":{"start":{"line":576,"column":8},"end":{"line":576,"column":30}},"loc":{"start":{"line":576,"column":30},"end":{"line":583,"column":null}},"line":576},"30":{"name":"(anonymous_30)","decl":{"start":{"line":586,"column":2},"end":{"line":586,"column":15}},"loc":{"start":{"line":586,"column":15},"end":{"line":590,"column":null}},"line":586},"31":{"name":"(anonymous_31)","decl":{"start":{"line":592,"column":10},"end":{"line":592,"column":17}},"loc":{"start":{"line":592,"column":45},"end":{"line":596,"column":null}},"line":592},"32":{"name":"(anonymous_32)","decl":{"start":{"line":598,"column":10},"end":{"line":598,"column":27}},"loc":{"start":{"line":598,"column":27},"end":{"line":606,"column":null}},"line":598},"33":{"name":"openAnnotationEditor","decl":{"start":{"line":621,"column":16},"end":{"line":621,"column":null}},"loc":{"start":{"line":623,"column":26},"end":{"line":625,"column":null}},"line":623}},"branchMap":{"0":{"loc":{"start":{"line":103,"column":2},"end":{"line":103,"column":null}},"type":"if","locations":[{"start":{"line":103,"column":2},"end":{"line":103,"column":null}},{"start":{},"end":{}}],"line":103},"1":{"loc":{"start":{"line":105,"column":9},"end":{"line":105,"column":null}},"type":"binary-expr","locations":[{"start":{"line":105,"column":9},"end":{"line":105,"column":20}},{"start":{"line":105,"column":20},"end":{"line":105,"column":null}}],"line":105},"2":{"loc":{"start":{"line":136,"column":2},"end":{"line":136,"column":null}},"type":"if","locations":[{"start":{"line":136,"column":2},"end":{"line":136,"column":null}},{"start":{},"end":{}}],"line":136},"3":{"loc":{"start":{"line":169,"column":6},"end":{"line":176,"column":null}},"type":"if","locations":[{"start":{"line":169,"column":6},"end":{"line":176,"column":null}},{"start":{},"end":{}}],"line":169},"4":{"loc":{"start":{"line":194,"column":2},"end":{"line":211,"column":null}},"type":"switch","locations":[{"start":{"line":195,"column":4},"end":{"line":199,"column":null}},{"start":{"line":200,"column":4},"end":{"line":202,"column":null}},{"start":{"line":203,"column":4},"end":{"line":205,"column":null}},{"start":{"line":206,"column":4},"end":{"line":210,"column":null}}],"line":194},"5":{"loc":{"start":{"line":235,"column":2},"end":{"line":235,"column":null}},"type":"default-arg","locations":[{"start":{"line":235,"column":31},"end":{"line":235,"column":null}}],"line":235},"6":{"loc":{"start":{"line":237,"column":18},"end":{"line":237,"column":null}},"type":"binary-expr","locations":[{"start":{"line":237,"column":18},"end":{"line":237,"column":34}},{"start":{"line":237,"column":34},"end":{"line":237,"column":null}}],"line":237},"7":{"loc":{"start":{"line":247,"column":17},"end":{"line":247,"column":null}},"type":"binary-expr","locations":[{"start":{"line":247,"column":17},"end":{"line":247,"column":37}},{"start":{"line":247,"column":37},"end":{"line":247,"column":50}},{"start":{"line":247,"column":50},"end":{"line":247,"column":null}}],"line":247},"8":{"loc":{"start":{"line":248,"column":18},"end":{"line":248,"column":null}},"type":"binary-expr","locations":[{"start":{"line":248,"column":18},"end":{"line":248,"column":39}},{"start":{"line":248,"column":39},"end":{"line":248,"column":53}},{"start":{"line":248,"column":53},"end":{"line":248,"column":null}}],"line":248},"9":{"loc":{"start":{"line":251,"column":2},"end":{"line":251,"column":null}},"type":"if","locations":[{"start":{"line":251,"column":2},"end":{"line":251,"column":null}},{"start":{},"end":{}}],"line":251},"10":{"loc":{"start":{"line":321,"column":43},"end":{"line":321,"column":62}},"type":"binary-expr","locations":[{"start":{"line":321,"column":43},"end":{"line":321,"column":58}},{"start":{"line":321,"column":58},"end":{"line":321,"column":62}}],"line":321},"11":{"loc":{"start":{"line":322,"column":17},"end":{"line":322,"column":null}},"type":"binary-expr","locations":[{"start":{"line":322,"column":17},"end":{"line":322,"column":31}},{"start":{"line":322,"column":31},"end":{"line":322,"column":null}}],"line":322},"12":{"loc":{"start":{"line":323,"column":23},"end":{"line":323,"column":null}},"type":"binary-expr","locations":[{"start":{"line":323,"column":23},"end":{"line":323,"column":43}},{"start":{"line":323,"column":43},"end":{"line":323,"column":null}}],"line":323},"13":{"loc":{"start":{"line":340,"column":22},"end":{"line":340,"column":null}},"type":"cond-expr","locations":[{"start":{"line":340,"column":43},"end":{"line":340,"column":52}},{"start":{"line":340,"column":52},"end":{"line":340,"column":null}}],"line":340},"14":{"loc":{"start":{"line":441,"column":28},"end":{"line":441,"column":null}},"type":"binary-expr","locations":[{"start":{"line":441,"column":28},"end":{"line":441,"column":48}},{"start":{"line":441,"column":48},"end":{"line":441,"column":61}},{"start":{"line":441,"column":61},"end":{"line":441,"column":null}}],"line":441},"15":{"loc":{"start":{"line":442,"column":29},"end":{"line":442,"column":null}},"type":"binary-expr","locations":[{"start":{"line":442,"column":29},"end":{"line":442,"column":50}},{"start":{"line":442,"column":50},"end":{"line":442,"column":64}},{"start":{"line":442,"column":64},"end":{"line":442,"column":null}}],"line":442},"16":{"loc":{"start":{"line":454,"column":40},"end":{"line":454,"column":null}},"type":"binary-expr","locations":[{"start":{"line":454,"column":40},"end":{"line":454,"column":54}},{"start":{"line":454,"column":54},"end":{"line":454,"column":null}}],"line":454},"17":{"loc":{"start":{"line":455,"column":41},"end":{"line":455,"column":null}},"type":"binary-expr","locations":[{"start":{"line":455,"column":41},"end":{"line":455,"column":56}},{"start":{"line":455,"column":56},"end":{"line":455,"column":null}}],"line":455},"18":{"loc":{"start":{"line":465,"column":4},"end":{"line":465,"column":null}},"type":"if","locations":[{"start":{"line":465,"column":4},"end":{"line":465,"column":null}},{"start":{},"end":{}}],"line":465},"19":{"loc":{"start":{"line":467,"column":4},"end":{"line":469,"column":null}},"type":"if","locations":[{"start":{"line":467,"column":4},"end":{"line":469,"column":null}},{"start":{},"end":{}}],"line":467},"20":{"loc":{"start":{"line":473,"column":4},"end":{"line":475,"column":null}},"type":"if","locations":[{"start":{"line":473,"column":4},"end":{"line":475,"column":null}},{"start":{},"end":{}}],"line":473},"21":{"loc":{"start":{"line":485,"column":8},"end":{"line":485,"column":null}},"type":"cond-expr","locations":[{"start":{"line":485,"column":54},"end":{"line":485,"column":63}},{"start":{"line":485,"column":63},"end":{"line":485,"column":null}}],"line":485},"22":{"loc":{"start":{"line":495,"column":4},"end":{"line":495,"column":null}},"type":"if","locations":[{"start":{"line":495,"column":4},"end":{"line":495,"column":null}},{"start":{},"end":{}}],"line":495},"23":{"loc":{"start":{"line":497,"column":4},"end":{"line":500,"column":null}},"type":"if","locations":[{"start":{"line":497,"column":4},"end":{"line":500,"column":null}},{"start":{},"end":{}}],"line":497},"24":{"loc":{"start":{"line":502,"column":4},"end":{"line":504,"column":null}},"type":"if","locations":[{"start":{"line":502,"column":4},"end":{"line":504,"column":null}},{"start":{"line":502,"column":37},"end":{"line":504,"column":null}}],"line":502},"25":{"loc":{"start":{"line":502,"column":37},"end":{"line":504,"column":null}},"type":"if","locations":[{"start":{"line":502,"column":37},"end":{"line":504,"column":null}},{"start":{"line":503,"column":42},"end":{"line":504,"column":null}}],"line":502},"26":{"loc":{"start":{"line":503,"column":42},"end":{"line":504,"column":null}},"type":"if","locations":[{"start":{"line":503,"column":42},"end":{"line":504,"column":null}},{"start":{},"end":{}}],"line":503},"27":{"loc":{"start":{"line":515,"column":14},"end":{"line":515,"column":null}},"type":"cond-expr","locations":[{"start":{"line":515,"column":36},"end":{"line":515,"column":42}},{"start":{"line":515,"column":42},"end":{"line":515,"column":null}}],"line":515},"28":{"loc":{"start":{"line":521,"column":4},"end":{"line":521,"column":null}},"type":"if","locations":[{"start":{"line":521,"column":4},"end":{"line":521,"column":null}},{"start":{},"end":{}}],"line":521},"29":{"loc":{"start":{"line":521,"column":8},"end":{"line":521,"column":40}},"type":"binary-expr","locations":[{"start":{"line":521,"column":8},"end":{"line":521,"column":25}},{"start":{"line":521,"column":25},"end":{"line":521,"column":40}}],"line":521},"30":{"loc":{"start":{"line":523,"column":4},"end":{"line":527,"column":null}},"type":"if","locations":[{"start":{"line":523,"column":4},"end":{"line":527,"column":null}},{"start":{"line":525,"column":11},"end":{"line":527,"column":null}}],"line":523},"31":{"loc":{"start":{"line":532,"column":4},"end":{"line":532,"column":null}},"type":"if","locations":[{"start":{"line":532,"column":4},"end":{"line":532,"column":null}},{"start":{},"end":{}}],"line":532},"32":{"loc":{"start":{"line":532,"column":8},"end":{"line":532,"column":40}},"type":"binary-expr","locations":[{"start":{"line":532,"column":8},"end":{"line":532,"column":25}},{"start":{"line":532,"column":25},"end":{"line":532,"column":40}}],"line":532},"33":{"loc":{"start":{"line":536,"column":4},"end":{"line":539,"column":null}},"type":"if","locations":[{"start":{"line":536,"column":4},"end":{"line":539,"column":null}},{"start":{},"end":{}}],"line":536},"34":{"loc":{"start":{"line":547,"column":4},"end":{"line":551,"column":null}},"type":"if","locations":[{"start":{"line":547,"column":4},"end":{"line":551,"column":null}},{"start":{},"end":{}}],"line":547},"35":{"loc":{"start":{"line":552,"column":4},"end":{"line":560,"column":null}},"type":"if","locations":[{"start":{"line":552,"column":4},"end":{"line":560,"column":null}},{"start":{},"end":{}}],"line":552},"36":{"loc":{"start":{"line":555,"column":6},"end":{"line":557,"column":null}},"type":"if","locations":[{"start":{"line":555,"column":6},"end":{"line":557,"column":null}},{"start":{},"end":{}}],"line":555},"37":{"loc":{"start":{"line":555,"column":10},"end":{"line":555,"column":94}},"type":"binary-expr","locations":[{"start":{"line":555,"column":10},"end":{"line":555,"column":52}},{"start":{"line":555,"column":52},"end":{"line":555,"column":94}}],"line":555},"38":{"loc":{"start":{"line":565,"column":4},"end":{"line":568,"column":null}},"type":"if","locations":[{"start":{"line":565,"column":4},"end":{"line":568,"column":null}},{"start":{},"end":{}}],"line":565},"39":{"loc":{"start":{"line":577,"column":4},"end":{"line":577,"column":null}},"type":"if","locations":[{"start":{"line":577,"column":4},"end":{"line":577,"column":null}},{"start":{},"end":{}}],"line":577},"40":{"loc":{"start":{"line":587,"column":4},"end":{"line":587,"column":null}},"type":"if","locations":[{"start":{"line":587,"column":4},"end":{"line":587,"column":null}},{"start":{},"end":{}}],"line":587}},"s":{"0":3,"1":3,"2":3,"3":3,"4":3,"5":28,"6":8,"7":2,"8":6,"9":6,"10":1,"11":1,"12":1,"13":1,"14":1,"15":1,"16":1,"17":1,"18":1,"19":1,"20":1,"21":1,"22":8,"23":1,"24":7,"25":7,"26":7,"27":7,"28":9,"29":7,"30":2,"31":2,"32":2,"33":2,"34":2,"35":7,"36":7,"37":25,"38":25,"39":13,"40":30,"41":30,"42":30,"43":30,"44":30,"45":30,"46":30,"47":19,"48":19,"49":19,"50":1,"51":1,"52":8,"53":8,"54":2,"55":2,"56":2,"57":30,"58":32,"59":32,"60":32,"61":29,"62":32,"63":2,"64":32,"65":8,"66":8,"67":8,"68":1,"69":7,"70":7,"71":8,"72":8,"73":8,"74":1,"75":6,"76":6,"77":2,"78":6,"79":3,"80":24,"81":24,"82":24,"83":24,"84":24,"85":24,"86":24,"87":24,"88":6,"89":8,"90":7,"91":9,"92":5,"93":24,"94":24,"95":24,"96":24,"97":24,"98":24,"99":24,"100":24,"101":96,"102":96,"103":96,"104":72,"105":72,"106":72,"107":24,"108":24,"109":24,"110":24,"111":24,"112":24,"113":24,"114":24,"115":24,"116":24,"117":24,"118":24,"119":24,"120":24,"121":24,"122":24,"123":24,"124":24,"125":24,"126":24,"127":24,"128":24,"129":24,"130":24,"131":24,"132":24,"133":24,"134":24,"135":24,"136":24,"137":24,"138":24,"139":24,"140":24,"141":24,"142":24,"143":24,"144":24,"145":24,"146":24,"147":24,"148":24,"149":24,"150":24,"151":24,"152":24,"153":22,"154":22,"155":22,"156":22,"157":1,"158":1,"159":14,"160":14,"161":14,"162":14,"163":46,"164":46,"165":3,"166":43,"167":43,"168":21,"169":43,"170":9,"171":43,"172":13,"173":8,"174":8,"175":8,"176":32,"177":8,"178":8,"179":6,"180":6,"181":6,"182":1,"183":5,"184":5,"185":1,"186":1,"187":4,"188":4,"189":1,"190":3,"191":2,"192":1,"193":1,"194":8,"195":8,"196":8,"197":8,"198":8,"199":7,"200":1,"201":6,"202":6,"203":2,"204":4,"205":6,"206":9,"207":1,"208":8,"209":8,"210":8,"211":8,"212":3,"213":3,"214":5,"215":5,"216":5,"217":9,"218":5,"219":1,"220":1,"221":1,"222":4,"223":3,"224":3,"225":2,"226":1,"227":1,"228":3,"229":2,"230":2,"231":1,"232":1,"233":1,"234":3,"235":4,"236":1,"237":3,"238":3,"239":4,"240":22,"241":1,"242":21,"243":22,"244":24,"245":24,"246":24,"247":24,"248":24,"249":24,"250":24,"251":24,"252":24,"253":24,"254":3,"255":1},"f":{"0":28,"1":8,"2":1,"3":8,"4":2,"5":30,"6":32,"7":32,"8":29,"9":2,"10":8,"11":24,"12":24,"13":24,"14":96,"15":72,"16":24,"17":22,"18":1,"19":14,"20":46,"21":8,"22":32,"23":6,"24":8,"25":7,"26":9,"27":5,"28":3,"29":4,"30":22,"31":24,"32":24,"33":1},"b":{"0":[2,6],"1":[6,2],"2":[1,7],"3":[13,12],"4":[19,1,8,2],"5":[8],"6":[8,7],"7":[7,1,1],"8":[8,1,1],"9":[1,7],"10":[24,24],"11":[24,24],"12":[24,24],"13":[24,72],"14":[22,0,0],"15":[22,0,0],"16":[14,12],"17":[14,12],"18":[3,43],"19":[21,22],"20":[13,30],"21":[8,24],"22":[1,5],"23":[1,4],"24":[1,3],"25":[2,1],"26":[1,0],"27":[2,6],"28":[1,6],"29":[7,6],"30":[2,4],"31":[1,8],"32":[9,8],"33":[3,5],"34":[1,4],"35":[3,1],"36":[2,1],"37":[3,2],"38":[2,1],"39":[1,3],"40":[1,21]},"meta":{"lastBranch":41,"lastFunction":34,"lastStatement":256,"seen":{"s:50:18:50:Infinity":0,"s:53:23:53:Infinity":1,"s:55:29:55:Infinity":2,"s:57:24:57:Infinity":3,"s:72:41:83:Infinity":4,"f:89:16:89:Infinity":0,"s:93:2:98:Infinity":5,"f:102:9:102:22":1,"b:103:2:103:Infinity:undefined:undefined:undefined:undefined":0,"s:103:2:103:Infinity":6,"s:103:28:103:Infinity":7,"s:104:12:104:Infinity":8,"s:105:2:105:Infinity":9,"b:105:9:105:20:105:20:105:Infinity":1,"f:108:9:108:Infinity":2,"s:114:2:114:Infinity":10,"s:115:2:115:Infinity":11,"s:116:2:116:Infinity":12,"s:117:2:117:Infinity":13,"s:119:16:119:Infinity":14,"s:120:15:120:Infinity":15,"s:121:2:121:Infinity":16,"s:122:2:122:Infinity":17,"s:123:2:126:Infinity":18,"s:127:2:127:Infinity":19,"s:128:2:131:Infinity":20,"s:132:2:132:Infinity":21,"f:135:9:135:17":3,"b:136:2:136:Infinity:undefined:undefined:undefined:undefined":2,"s:136:2:136:Infinity":22,"s:136:27:136:Infinity":23,"s:137:2:137:Infinity":24,"s:138:2:138:Infinity":25,"s:139:2:141:Infinity":26,"s:139:15:139:18":27,"s:140:4:140:Infinity":28,"s:142:2:142:Infinity":29,"f:153:9:153:Infinity":4,"s:160:2:160:Infinity":30,"s:161:2:161:Infinity":31,"s:162:2:162:Infinity":32,"s:163:2:178:Infinity":33,"s:163:16:163:19":34,"s:164:4:177:Infinity":35,"s:164:18:164:21":36,"s:165:12:168:Infinity":37,"b:169:6:176:Infinity:undefined:undefined:undefined:undefined":3,"s:169:6:176:Infinity":38,"s:170:8:175:Infinity":39,"f:186:16:186:26":5,"s:187:2:187:Infinity":40,"s:188:2:188:Infinity":41,"s:189:2:189:Infinity":42,"s:190:2:190:Infinity":43,"s:191:2:191:Infinity":44,"s:192:2:192:Infinity":45,"b:195:4:199:Infinity:200:4:202:Infinity:203:4:205:Infinity:206:4:210:Infinity":4,"s:194:2:211:Infinity":46,"s:196:16:196:Infinity":47,"s:197:6:197:Infinity":48,"s:198:6:198:Infinity":49,"s:201:6:201:Infinity":50,"s:202:6:202:Infinity":51,"s:204:6:204:Infinity":52,"s:205:6:205:Infinity":53,"s:207:16:207:Infinity":54,"s:208:6:208:Infinity":55,"s:209:6:209:Infinity":56,"s:213:2:213:Infinity":57,"f:217:9:217:19":6,"s:218:2:223:Infinity":58,"f:218:21:218:22":7,"s:219:16:219:Infinity":59,"s:220:4:220:Infinity":60,"f:220:17:220:29":8,"s:220:29:220:Infinity":61,"s:221:4:221:Infinity":62,"f:221:18:221:30":9,"s:221:30:221:Infinity":63,"s:222:4:222:Infinity":64,"f:232:22:232:Infinity":10,"b:235:31:235:Infinity":5,"s:237:18:237:Infinity":65,"b:237:18:237:34:237:34:237:Infinity":6,"s:240:2:244:Infinity":66,"s:241:4:241:Infinity":67,"s:243:4:243:Infinity":68,"s:246:17:246:Infinity":69,"s:247:2:247:Infinity":70,"b:247:17:247:37:247:37:247:50:247:50:247:Infinity":7,"s:248:2:248:Infinity":71,"b:248:18:248:39:248:39:248:53:248:53:248:Infinity":8,"s:250:14:250:Infinity":72,"b:251:2:251:Infinity:undefined:undefined:undefined:undefined":9,"s:251:2:251:Infinity":73,"s:251:12:251:Infinity":74,"s:253:2:253:Infinity":75,"s:254:2:256:Infinity":76,"s:255:4:255:Infinity":77,"s:258:2:258:Infinity":78,"s:288:16:288:Infinity":79,"s:296:29:296:Infinity":80,"s:297:20:297:Infinity":81,"s:303:25:303:Infinity":82,"s:307:49:307:Infinity":83,"s:310:41:310:Infinity":84,"s:312:20:312:Infinity":85,"s:313:34:313:Infinity":86,"s:314:20:314:Infinity":87,"s:492:27:505:Infinity":88,"s:507:18:518:Infinity":89,"s:520:18:529:Infinity":90,"s:531:16:544:Infinity":91,"s:546:14:561:Infinity":92,"f:319:2:319:14":11,"s:320:4:320:Infinity":93,"s:321:4:321:Infinity":94,"b:321:43:321:58:321:58:321:62":10,"s:322:4:322:Infinity":95,"b:322:17:322:31:322:31:322:Infinity":11,"s:323:4:323:Infinity":96,"b:323:23:323:43:323:43:323:Infinity":12,"f:327:2:327:33":12,"s:328:20:330:Infinity":97,"f:328:47:328:48":13,"s:329:6:329:Infinity":98,"s:331:4:331:Infinity":99,"s:332:4:332:Infinity":100,"f:335:10:335:21":14,"s:336:10:343:Infinity":101,"b:340:43:340:52:340:52:340:Infinity":13,"s:344:4:344:Infinity":102,"s:345:4:345:Infinity":103,"f:348:10:348:Infinity":15,"s:354:10:360:Infinity":104,"s:361:4:361:Infinity":105,"s:362:4:362:Infinity":106,"f:365:10:365:24":16,"s:366:20:366:Infinity":107,"s:367:19:367:Infinity":108,"s:369:4:369:Infinity":109,"s:370:4:370:Infinity":110,"s:372:10:375:Infinity":111,"s:376:4:376:Infinity":112,"s:378:10:381:Infinity":113,"s:382:4:382:Infinity":114,"s:384:10:384:Infinity":115,"s:385:4:385:Infinity":116,"s:386:4:386:Infinity":117,"s:387:4:387:Infinity":118,"s:388:4:388:Infinity":119,"s:389:4:389:Infinity":120,"s:390:4:390:Infinity":121,"s:391:4:391:Infinity":122,"s:392:4:392:Infinity":123,"s:394:4:398:Infinity":124,"s:400:10:400:Infinity":125,"s:401:4:401:Infinity":126,"s:402:4:402:Infinity":127,"s:403:4:403:Infinity":128,"s:404:4:404:Infinity":129,"s:406:4:406:Infinity":130,"s:407:4:407:Infinity":131,"s:409:20:409:Infinity":132,"s:410:20:410:Infinity":133,"s:412:10:412:Infinity":134,"s:413:4:413:Infinity":135,"s:414:4:414:Infinity":136,"s:415:4:415:Infinity":137,"s:417:4:417:Infinity":138,"s:418:4:418:Infinity":139,"s:420:4:420:Infinity":140,"s:421:4:421:Infinity":141,"s:422:4:422:Infinity":142,"s:423:4:423:Infinity":143,"s:424:4:424:Infinity":144,"s:426:4:426:Infinity":145,"s:427:4:427:Infinity":146,"s:428:4:428:Infinity":147,"s:429:4:429:Infinity":148,"s:430:4:430:Infinity":149,"s:432:4:435:Infinity":150,"s:436:4:436:Infinity":151,"s:438:4:448:Infinity":152,"f:439:12:439:13":17,"s:440:8:440:Infinity":153,"s:441:8:441:Infinity":154,"b:441:28:441:48:441:48:441:61:441:61:441:Infinity":14,"s:442:8:442:Infinity":155,"b:442:29:442:50:442:50:442:64:442:64:442:Infinity":15,"s:443:8:443:Infinity":156,"f:445:13:445:19":18,"s:446:8:446:Infinity":157,"s:447:8:447:Infinity":158,"f:452:10:452:24":19,"s:453:17:453:Infinity":159,"s:454:19:454:Infinity":160,"b:454:40:454:54:454:54:454:Infinity":16,"s:455:19:455:Infinity":161,"b:455:41:455:56:455:56:455:Infinity":17,"s:456:4:459:Infinity":162,"f:463:2:463:17":20,"s:464:16:464:Infinity":163,"b:465:4:465:Infinity:undefined:undefined:undefined:undefined":18,"s:465:4:465:Infinity":164,"s:465:14:465:Infinity":165,"s:466:4:466:Infinity":166,"b:467:4:469:Infinity:undefined:undefined:undefined:undefined":19,"s:467:4:469:Infinity":167,"s:468:6:468:Infinity":168,"s:470:4:472:Infinity":169,"s:471:6:471:Infinity":170,"b:473:4:475:Infinity:undefined:undefined:undefined:undefined":20,"s:473:4:475:Infinity":171,"s:474:6:474:Infinity":172,"f:479:2:479:13":21,"s:480:4:480:Infinity":173,"s:481:20:481:Infinity":174,"s:482:4:487:Infinity":175,"f:482:20:482:21":22,"s:483:6:486:Infinity":176,"b:485:54:485:63:485:63:485:Infinity":21,"s:488:18:488:Infinity":177,"s:489:4:489:Infinity":178,"f:492:27:492:28":23,"s:493:19:493:Infinity":179,"s:494:16:494:Infinity":180,"b:495:4:495:Infinity:undefined:undefined:undefined:undefined":22,"s:495:4:495:Infinity":181,"s:495:14:495:Infinity":182,"s:496:17:496:Infinity":183,"b:497:4:500:Infinity:undefined:undefined:undefined:undefined":23,"s:497:4:500:Infinity":184,"s:498:6:498:Infinity":185,"s:499:6:499:Infinity":186,"s:501:19:501:Infinity":187,"b:502:4:504:Infinity:502:37:504:Infinity":24,"s:502:4:504:Infinity":188,"s:502:27:502:Infinity":189,"b:502:37:504:Infinity:503:42:504:Infinity":25,"s:502:37:504:Infinity":190,"s:503:32:503:Infinity":191,"b:503:42:504:Infinity:undefined:undefined:undefined:undefined":26,"s:503:42:504:Infinity":192,"s:504:32:504:Infinity":193,"f:507:18:507:19":24,"s:508:4:508:Infinity":194,"s:509:4:509:Infinity":195,"s:510:14:510:Infinity":196,"s:511:4:516:Infinity":197,"b:515:36:515:42:515:42:515:Infinity":27,"s:517:4:517:Infinity":198,"f:520:18:520:19":25,"b:521:4:521:Infinity:undefined:undefined:undefined:undefined":28,"s:521:4:521:Infinity":199,"b:521:8:521:25:521:25:521:40":29,"s:521:40:521:Infinity":200,"s:522:14:522:Infinity":201,"b:523:4:527:Infinity:525:11:527:Infinity":30,"s:523:4:527:Infinity":202,"s:524:6:524:Infinity":203,"s:526:6:526:Infinity":204,"s:528:4:528:Infinity":205,"f:531:16:531:28":26,"b:532:4:532:Infinity:undefined:undefined:undefined:undefined":31,"s:532:4:532:Infinity":206,"b:532:8:532:25:532:25:532:40":32,"s:532:40:532:Infinity":207,"s:533:4:533:Infinity":208,"s:534:18:534:Infinity":209,"s:535:4:535:Infinity":210,"b:536:4:539:Infinity:undefined:undefined:undefined:undefined":33,"s:536:4:539:Infinity":211,"s:537:6:537:Infinity":212,"s:538:6:538:Infinity":213,"s:540:4:540:Infinity":214,"s:541:4:541:Infinity":215,"s:542:4:542:Infinity":216,"s:543:4:543:Infinity":217,"f:546:14:546:15":27,"b:547:4:551:Infinity:undefined:undefined:undefined:undefined":34,"s:547:4:551:Infinity":218,"s:548:6:548:Infinity":219,"s:549:6:549:Infinity":220,"s:550:6:550:Infinity":221,"b:552:4:560:Infinity:undefined:undefined:undefined:undefined":35,"s:552:4:560:Infinity":222,"s:553:21:553:Infinity":223,"b:555:6:557:Infinity:undefined:undefined:undefined:undefined":36,"s:555:6:557:Infinity":224,"b:555:10:555
[...]
[{"start":{"line":173,"column":8},"end":{"line":175,"column":null}},{"start":{},"end":{}}],"line":173},"19":{"loc":{"start":{"line":177,"column":8},"end":{"line":179,"column":null}},"type":"if","locations":[{"start":{"line":177,"column":8},"end":{"line":179,"column":null}},{"start":{},"end":{}}],"line":177},"20":{"loc":{"start":{"line":181,"column":8},"end":{"line":184,"column":null}},"type":"if","locations":[{"start":{"line":181,"column":8},"end":{"line":184,"column":null}},{"start":{},"end":{}}],"line":181},"21":{"loc":{"start":{"line":185,"column":8},"end":{"line":187,"column":null}},"type":"if","locations":[{"start":{"line":185,"column":8},"end":{"line":187,"column":null}},{"start":{},"end":{}}],"line":185},"22":{"loc":{"start":{"line":191,"column":8},"end":{"line":193,"column":null}},"type":"if","locations":[{"start":{"line":191,"column":8},"end":{"line":193,"column":null}},{"start":{},"end":{}}],"line":191},"23":{"loc":{"start":{"line":202,"column":8},"end":{"line":204,"column":null}},"type":"if","locations":[{"start":{"line":202,"column":8},"end":{"line":204,"column":null}},{"start":{},"end":{}}],"line":202}},"s":{"0":32,"1":41,"2":1,"3":40,"4":40,"5":48,"6":38,"7":2,"8":39,"9":39,"10":39,"11":39,"12":39,"13":39,"14":39,"15":39,"16":39,"17":39,"18":39,"19":39,"20":39,"21":39,"22":37,"23":35,"24":35,"25":37,"26":35,"27":35,"28":37,"29":1,"30":1,"31":37,"32":35,"33":34,"34":35,"35":37,"36":37,"37":37,"38":37,"39":37,"40":37,"41":58,"42":21,"43":37,"44":37,"45":35,"46":39,"47":37,"48":37,"49":37,"50":37,"51":1,"52":36,"53":35,"54":35,"55":34,"56":1,"57":35,"58":35,"59":3,"60":3,"61":2,"62":2,"63":35,"64":35,"65":34,"66":33,"67":35,"68":32,"69":32,"70":18,"71":32,"72":17,"73":32,"74":1,"75":1,"76":32,"77":19,"78":19,"79":35,"80":2,"81":1,"82":35,"83":35,"84":35,"85":10,"86":10,"87":5,"88":35,"89":1,"90":19,"91":19,"92":19,"93":19,"94":25,"95":26,"96":37,"97":37},"f":{"0":32,"1":41,"2":39,"3":37,"4":34,"5":58,"6":37,"7":1,"8":34,"9":32,"10":19,"11":2,"12":10,"13":1,"14":19,"15":19,"16":25,"17":26,"18":37},"b":{"0":[32,32,30,29],"1":[1,40],"2":[38,10],"3":[39],"4":[39,13],"5":[39,39],"6":[35,2],"7":[35,2],"8":[1,36],"9":[35,2],"10":[21,37],"11":[35,2],"12":[37,35],"13":[1,36],"14":[34,1],"15":[3,32],"16":[2,1],"17":[33,1],"18":[18,14],"19":[17,15],"20":[1,31],"21":[19,13],"22":[1,1],"23":[5,5]},"meta":{"lastBranch":24,"lastFunction":19,"lastStatement":98,"seen":{"f:35:16:35:53":0,"s:36:2:40:Infinity":0,"b:37:4:37:Infinity:38:4:38:Infinity:39:4:39:Infinity:40:4:40:Infinity":0,"f:47:16:47:47":1,"b:48:2:48:Infinity:undefined:undefined:undefined:undefined":1,"s:48:2:48:Infinity":1,"s:48:44:48:Infinity":2,"s:50:21:55:Infinity":3,"s:57:2:61:Infinity":4,"b:58:4:60:Infinity:undefined:undefined:undefined:undefined":2,"s:58:4:60:Infinity":5,"s:59:6:59:Infinity":6,"s:63:2:63:Infinity":7,"f:69:16:69:36":2,"b:69:68:69:87":3,"s:70:22:70:Infinity":8,"b:70:22:70:45:70:45:70:Infinity":4,"s:71:29:71:Infinity":9,"b:71:29:71:59:71:59:71:Infinity":5,"s:73:35:73:Infinity":10,"s:74:65:74:Infinity":11,"s:75:39:75:Infinity":12,"s:76:23:76:Infinity":13,"s:77:57:77:Infinity":14,"s:78:59:78:Infinity":15,"s:79:60:79:Infinity":16,"s:80:18:80:Infinity":17,"s:81:51:81:Infinity":18,"s:82:50:82:Infinity":19,"s:83:16:83:Infinity":20,"s:84:62:84:Infinity":21,"f:86:11:86:27":3,"b:87:4:90:Infinity:undefined:undefined:undefined:undefined":6,"s:87:4:90:Infinity":22,"s:88:6:88:Infinity":23,"s:89:6:89:Infinity":24,"b:91:4:94:Infinity:undefined:undefined:undefined:undefined":7,"s:91:4:94:Infinity":25,"s:92:6:92:Infinity":26,"s:93:6:93:Infinity":27,"b:95:4:98:Infinity:undefined:undefined:undefined:undefined":8,"s:95:4:98:Infinity":28,"s:96:6:96:Infinity":29,"s:97:6:97:Infinity":30,"b:99:4:102:Infinity:undefined:undefined:undefined:undefined":9,"s:99:4:102:Infinity":31,"s:100:6:100:Infinity":32,"f:100:33:100:34":4,"s:100:40:100:48":33,"s:101:6:101:Infinity":34,"s:103:4:103:Infinity":35,"s:104:4:104:Infinity":36,"s:105:4:105:Infinity":37,"s:106:4:106:Infinity":38,"s:107:4:107:Infinity":39,"s:108:4:108:Infinity":40,"f:111:11:111:35":5,"b:112:4:112:Infinity:undefined:undefined:undefined:undefined":10,"s:112:4:112:Infinity":41,"s:112:17:112:Infinity":42,"s:113:4:113:Infinity":43,"b:115:4:117:Infinity:undefined:undefined:undefined:undefined":11,"s:115:4:117:Infinity":44,"b:115:8:115:20:115:20:115:51":12,"s:116:6:116:Infinity":45,"s:120:2:233:Infinity":46,"f:121:10:121:33":6,"s:122:6:122:Infinity":47,"s:123:6:123:Infinity":48,"s:125:23:125:Infinity":49,"b:126:6:128:Infinity:undefined:undefined:undefined:undefined":13,"s:126:6:128:Infinity":50,"s:127:8:127:Infinity":51,"s:131:6:138:Infinity":52,"s:141:25:141:Infinity":53,"b:142:6:146:Infinity:undefined:undefined:undefined:undefined":14,"s:142:6:146:Infinity":54,"s:143:8:145:Infinity":55,"f:143:45:143:51":7,"s:144:10:144:Infinity":56,"s:151:38:151:Infinity":57,"b:152:6:158:Infinity:undefined:undefined:undefined:undefined":15,"s:152:6:158:Infinity":58,"s:153:26:153:Infinity":59,"b:154:8:157:Infinity:undefined:undefined:undefined:undefined":16,"s:154:8:157:Infinity":60,"s:155:10:155:Infinity":61,"s:156:10:156:Infinity":62,"s:160:6:163:Infinity":63,"s:165:6:169:Infinity":64,"f:165:33:165:34":8,"b:166:8:168:Infinity:undefined:undefined:undefined:undefined":17,"s:166:8:168:Infinity":65,"s:167:10:167:Infinity":66,"s:171:6:188:Infinity":67,"f:171:24:171:30":9,"s:172:21:172:Infinity":68,"b:173:8:175:Infinity:undefined:undefined:undefined:undefined":18,"s:173:8:175:Infinity":69,"s:174:10:174:Infinity":70,"b:177:8:179:Infinity:undefined:undefined:undefined:undefined":19,"s:177:8:179:Infinity":71,"s:178:10:178:Infinity":72,"b:181:8:184:Infinity:undefined:undefined:undefined:undefined":20,"s:181:8:184:Infinity":73,"s:182:10:182:Infinity":74,"s:183:10:183:Infinity":75,"b:185:8:187:Infinity:undefined:undefined:undefined:undefined":21,"s:185:8:187:Infinity":76,"s:186:10:186:Infinity":77,"f:186:37:186:38":10,"s:186:44:186:52":78,"s:190:6:194:Infinity":79,"f:190:25:190:31":11,"b:191:8:193:Infinity:undefined:undefined:undefined:undefined":22,"s:191:8:193:Infinity":80,"s:192:10:192:Infinity":81,"s:196:6:196:Infinity":82,"s:197:6:197:Infinity":83,"s:200:6:205:Infinity":84,"f:200:33:200:39":12,"s:201:24:201:Infinity":85,"b:202:8:204:Infinity:undefined:undefined:undefined:undefined":23,"s:202:8:204:Infinity":86,"s:203:10:203:Infinity":87,"s:208:6:210:Infinity":88,"f:208:35:208:41":13,"s:209:8:209:Infinity":89,"f:213:4:213:26":14,"s:214:6:218:Infinity":90,"f:214:31:214:32":15,"s:215:8:215:Infinity":91,"s:216:8:216:Infinity":92,"s:217:8:217:Infinity":93,"f:221:4:221:11":16,"s:222:6:222:Infinity":94,"f:225:4:225:11":17,"s:226:6:226:Infinity":95,"f:229:4:229:20":18,"s:230:6:230:Infinity":96,"s:231:6:231:Infinity":97}}}
,"/Users/lawrence/Programming/Web/qaid-feedback/thumbs-embed/src/video-orientation.ts": {"path":"/Users/lawrence/Programming/Web/qaid-feedback/thumbs-embed/src/video-orientation.ts","statementMap":{"0":{"start":{"line":36,"column":13},"end":{"line":36,"column":null}},"1":{"start":{"line":37,"column":2},"end":{"line":40,"column":null}},"2":{"start":{"line":58,"column":25},"end":{"line":58,"column":null}},"3":{"start":{"line":59,"column":28},"end":{"line":59,"column":null}},"4":{"start":{"line":61,"column":2},"end":{"line":63,"column":null}},"5":{"start":{"line":62,"column":4},"end":{"line":62,"column":null}},"6":{"start":{"line":66,"column":27},"end":{"line":66,"column":null}},"7":{"start":{"line":67,"column":2},"end":{"line":67,"column":null}},"8":{"start":{"line":76,"column":2},"end":{"line":79,"column":null}},"9":{"start":{"line":77,"column":4},"end":{"line":77,"column":null}},"10":{"start":{"line":78,"column":4},"end":{"line":78,"column":null}},"11":{"start":{"line":81,"column":2},"end":{"line":81,"column":null}},"12":{"start":{"line":82,"column":2},"end":{"line":88,"column":null}},"13":{"start":{"line":83,"column":4},"end":{"line":83,"column":null}},"14":{"start":{"line":84,"column":4},"end":{"line":84,"column":null}},"15":{"start":{"line":86,"column":4},"end":{"line":86,"column":null}},"16":{"start":{"line":87,"column":4},"end":{"line":87,"column":null}},"17":{"start":{"line":91,"column":2},"end":{"line":91,"column":null}},"18":{"start":{"line":92,"column":2},"end":{"line":92,"column":null}},"19":{"start":{"line":97,"column":4},"end":{"line":97,"column":null}},"20":{"start":{"line":98,"column":2},"end":{"line":100,"column":null}},"21":{"start":{"line":104,"column":2},"end":{"line":110,"column":null}},"22":{"start":{"line":105,"column":4},"end":{"line":108,"column":null}},"23":{"start":{"line":106,"column":6},"end":{"line":106,"column":null}},"24":{"start":{"line":107,"column":6},"end":{"line":107,"column":null}},"25":{"start":{"line":109,"column":4},"end":{"line":109,"column":null}},"26":{"start":{"line":109,"column":51},"end":{"line":109,"column":62}},"27":{"start":{"line":114,"column":2},"end":{"line":119,"column":null}},"28":{"start":{"line":115,"column":4},"end":{"line":115,"column":null}},"29":{"start":{"line":131,"column":17},"end":{"line":131,"column":null}},"30":{"start":{"line":132,"column":2},"end":{"line":132,"column":null}},"31":{"start":{"line":132,"column":50},"end":{"line":132,"column":null}},"32":{"start":{"line":133,"column":14},"end":{"line":133,"column":null}},"33":{"start":{"line":134,"column":2},"end":{"line":134,"column":null}},"34":{"start":{"line":134,"column":12},"end":{"line":134,"column":null}},"35":{"start":{"line":136,"column":16},"end":{"line":136,"column":null}},"36":{"start":{"line":137,"column":2},"end":{"line":137,"column":null}},"37":{"start":{"line":138,"column":2},"end":{"line":138,"column":null}},"38":{"start":{"line":139,"column":2},"end":{"line":139,"column":null}},"39":{"start":{"line":141,"column":2},"end":{"line":141,"column":null}},"40":{"start":{"line":143,"column":20},"end":{"line":149,"column":null}},"41":{"start":{"line":150,"column":2},"end":{"line":150,"column":null}},"42":{"start":{"line":151,"column":2},"end":{"line":151,"column":null}},"43":{"start":{"line":153,"column":2},"end":{"line":153,"column":null}},"44":{"start":{"line":155,"column":14},"end":{"line":155,"column":null}},"45":{"start":{"line":156,"column":15},"end":{"line":159,"column":null}},"46":{"start":{"line":157,"column":4},"end":{"line":157,"column":null}},"47":{"start":{"line":158,"column":4},"end":{"line":158,"column":null}},"48":{"start":{"line":160,"column":2},"end":{"line":160,"column":null}},"49":{"start":{"line":162,"column":17},"end":{"line":162,"column":null}},"50":{"start":{"line":164,"column":2},"end":{"line":173,"column":null}},"51":{"start":{"line":167,"column":6},"end":{"line":167,"column":null}},"52":{"start":{"line":167,"column":17},"end":{"line":167,"column":null}},"53":{"start":{"line":168,"column":6},"end":{"line":168,"column":null}},"54":{"start":{"line":169,"column":6},"end":{"line":169,"column":null}},"55":{"start":{"line":169,"column":40},"end":{"line":169,"column":48}},"56":{"start":{"line":170,"column":6},"end":{"line":170,"column":null}},"57":{"start":{"line":171,"column":6},"end":{"line":171,"column":null}}},"fnMap":{"0":{"name":"isIOSDevice","decl":{"start":{"line":35,"column":16},"end":{"line":35,"column":39}},"loc":{"start":{"line":35,"column":39},"end":{"line":42,"column":null}},"line":35},"1":{"name":"computeOrientationTransform","decl":{"start":{"line":51,"column":16},"end":{"line":51,"column":null}},"loc":{"start":{"line":57,"column":24},"end":{"line":68,"column":null}},"line":57},"2":{"name":"drawRotatedFrame","decl":{"start":{"line":71,"column":16},"end":{"line":71,"column":null}},"loc":{"start":{"line":75,"column":8},"end":{"line":93,"column":null}},"line":75},"3":{"name":"getScreenAngle","decl":{"start":{"line":95,"column":9},"end":{"line":95,"column":34}},"loc":{"start":{"line":95,"column":34},"end":{"line":101,"column":null}},"line":95},"4":{"name":"waitForVideoDimensions","decl":{"start":{"line":103,"column":9},"end":{"line":103,"column":32}},"loc":{"start":{"line":103,"column":72},"end":{"line":111,"column":null}},"line":103},"5":{"name":"(anonymous_5)","decl":{"start":{"line":104,"column":27},"end":{"line":104,"column":28}},"loc":{"start":{"line":104,"column":40},"end":{"line":110,"column":3}},"line":104},"6":{"name":"(anonymous_6)","decl":{"start":{"line":109,"column":45},"end":{"line":109,"column":51}},"loc":{"start":{"line":109,"column":51},"end":{"line":109,"column":62}},"line":109},"7":{"name":"playSilently","decl":{"start":{"line":113,"column":15},"end":{"line":113,"column":28}},"loc":{"start":{"line":113,"column":68},"end":{"line":120,"column":null}},"line":113},"8":{"name":"buildOrientationCorrectedStream","decl":{"start":{"line":127,"column":22},"end":{"line":127,"column":null}},"loc":{"start":{"line":130,"column":46},"end":{"line":174,"column":null}},"line":130},"9":{"name":"(anonymous_9)","decl":{"start":{"line":156,"column":15},"end":{"line":156,"column":27}},"loc":{"start":{"line":156,"column":27},"end":{"line":159,"column":null}},"line":156},"10":{"name":"(anonymous_10)","decl":{"start":{"line":166,"column":10},"end":{"line":166,"column":22}},"loc":{"start":{"line":166,"column":22},"end":{"line":172,"column":null}},"line":166},"11":{"name":"(anonymous_11)","decl":{"start":{"line":169,"column":33},"end":{"line":169,"column":34}},"loc":{"start":{"line":169,"column":40},"end":{"line":169,"column":48}},"line":169}},"branchMap":{"0":{"loc":{"start":{"line":36,"column":13},"end":{"line":36,"column":null}},"type":"binary-expr","locations":[{"start":{"line":36,"column":13},"end":{"line":36,"column":36}},{"start":{"line":36,"column":36},"end":{"line":36,"column":null}}],"line":36},"1":{"loc":{"start":{"line":38,"column":4},"end":{"line":40,"column":null}},"type":"binary-expr","locations":[{"start":{"line":38,"column":4},"end":{"line":38,"column":null}},{"start":{"line":40,"column":5},"end":{"line":40,"column":43}},{"start":{"line":40,"column":28},"end":{"line":40,"column":null}}],"line":38},"2":{"loc":{"start":{"line":61,"column":2},"end":{"line":63,"column":null}},"type":"if","locations":[{"start":{"line":61,"column":2},"end":{"line":63,"column":null}},{"start":{},"end":{}}],"line":61},"3":{"loc":{"start":{"line":66,"column":27},"end":{"line":66,"column":null}},"type":"cond-expr","locations":[{"start":{"line":66,"column":49},"end":{"line":66,"column":55}},{"start":{"line":66,"column":55},"end":{"line":66,"column":null}}],"line":66},"4":{"loc":{"start":{"line":76,"column":2},"end":{"line":79,"column":null}},"type":"if","locations":[{"start":{"line":76,"column":2},"end":{"line":79,"column":null}},{"start":{},"end":{}}],"line":76},"5":{"loc":{"start":{"line":82,"column":2},"end":{"line":88,"column":null}},"type":"if","locations":[{"start":{"line":82,"column":2},"end":{"line":88,"column":null}},{"start":{"line":85,"column":9},"end":{"line":88,"column":null}}],"line":82},"6":{"loc":{"start":{"line":97,"column":4},"end":{"line":97,"column":null}},"type":"cond-expr","locations":[{"start":{"line":97,"column":36},"end":{"line":97,"column":57}},{"start":{"line":97,"column":57},"end":{"line":97,"column":null}}],"line":97},"7":{"loc":{"start":{"line":98,"column":9},"end":{"line":100,"column":null}},"type":"cond-expr","locations":[{"start":{"line":99,"column":6},"end":{"line":99,"column":null}},{"start":{"line":100,"column":6},"end":{"line":100,"column":null}}],"line":98},"8":{"loc":{"start":{"line":98,"column":9},"end":{"line":98,"column":null}},"type":"binary-expr","locations":[{"start":{"line":98,"column":9},"end":{"line":98,"column":24}},{"start":{"line":98,"column":24},"end":{"line":98,"column":null}}],"line":98},"9":{"loc":{"start":{"line":105,"column":4},"end":{"line":108,"column":null}},"type":"if","locations":[{"start":{"line":105,"column":4},"end":{"line":108,"column":null}},{"start":{},"end":{}}],"line":105},"10":{"loc":{"start":{"line":129,"column":2},"end":{"line":129,"column":null}},"type":"default-arg","locations":[{"start":{"line":129,"column":14},"end":{"line":129,"column":null}}],"line":129},"11":{"loc":{"start":{"line":132,"column":2},"end":{"line":132,"column":null}},"type":"if","locations":[{"start":{"line":132,"column":2},"end":{"line":132,"column":null}},{"start":{},"end":{}}],"line":132},"12":{"loc":{"start":{"line":134,"column":2},"end":{"line":134,"column":null}},"type":"if","locations":[{"start":{"line":134,"column":2},"end":{"line":134,"column":null}},{"start":{},"end":{}}],"line":134},"13":{"loc":{"start":{"line":167,"column":6},"end":{"line":167,"column":null}},"type":"if","locations":[{"start":{"line":167,"column":6},"end":{"line":167,"column":null}},{"start":{},"end":{}}],"line":167}},"s":{"0":26,"1":26,"2":6,"3":6,"4":6,"5":4,"6":2,"7":6,"8":5,"9":3,"10":3,"11":2,"12":2,"13":1,"14":1,"15":1,"16":1,"17":2,"18":2,"19":2,"20":2,"21":2,"22":2,"23":1,"24":1,"25":1,"26":1,"27":2,"28":2,"29":4,"30":4,"31":1,"32":3,"33":3,"34":1,"35":2,"36":2,"37":2,"38":2,"39":2,"40":2,"41":2,"42":2,"43":2,"44":2,"45":2,"46":2,"47":2,"48":2,"49":2,"50":2,"51":2,"52":1,"53":2,"54":2,"55":1,"56":2,"57":2},"f":{"0":26,"1":6,"2":5,"3":2,"4":2,"5":2,"6":1,"7":2,"8":4,"9":2,"10":2,"11":1},"b":{"0":[26,0],"1":[26,25,2],"2":[4,2],"3":[1,1],"4":[3,2],"5":[1,1],"6":[2,0],"7":[1,1],"8":[2,1],"9":[1,1],"10":[4],"11":[1,3],"12":[1,2],"13":[1,1]},"meta":{"lastBranch":14,"lastFunction":12,"lastStatement":58,"seen":{"f:35:16:35:39":0,"s:36:13:36:Infinity":0,"b:36:13:36:36:36:36:36:Infinity":0,"s:37:2:40:Infinity":1,"b:38:4:38:Infinity:40:5:40:43:40:28:40:Infinity":1,"f:51:16:51:Infinity":1,"s:58:25:58:Infinity":2,"s:59:28:59:Infinity":3,"b:61:2:63:Infinity:undefined:undefined:undefined:undefined":2,"s:61:2:63:Infinity":4,"s:62:4:62:Infinity":5,"s:66:27:66:Infinity":6,"b:66:49:66:55:66:55:66:Infinity":3,"s:67:2:67:Infinity":7,"f:71:16:71:Infinity":2,"b:76:2:79:Infinity:undefined:undefined:undefined:undefined":4,"s:76:2:79:Infinity":8,"s:77:4:77:Infinity":9,"s:78:4:78:Infinity":10,"s:81:2:81:Infinity":11,"b:82:2:88:Infinity:85:9:88:Infinity":5,"s:82:2:88:Infinity":12,"s:83:4:83:Infinity":13,"s:84:4:84:Infinity":14,"s:86:4:86:Infinity":15,"s:87:4:87:Infinity":16,"s:91:2:91:Infinity":17,"s:92:2:92:Infinity":18,"f:95:9:95:34":3,"s:97:4:97:Infinity":19,"b:97:36:97:57:97:57:97:Infinity":6,"s:98:2:100:Infinity":20,"b:99:6:99:Infinity:100:6:100:Infinity":7,"b:98:9:98:24:98:24:98:Infinity":8,"f:103:9:103:32":4,"s:104:2:110:Infinity":21,"f:104:27:104:28":5,"b:105:4:108:Infinity:undefined:undefined:undefined:undefined":9,"s:105:4:108:Infinity":22,"s:106:6:106:Infinity":23,"s:107:6:107:Infinity":24,"s:109:4:109:Infinity":25,"f:109:45:109:51":6,"s:109:51:109:62":26,"f:113:15:113:28":7,"s:114:2:119:Infinity":27,"s:115:4:115:Infinity":28,"f:127:22:127:Infinity":8,"b:129:14:129:Infinity":10,"s:131:17:131:Infinity":29,"b:132:2:132:Infinity:undefined:undefined:undefined:undefined":11,"s:132:2:132:Infinity":30,"s:132:50:132:Infinity":31,"s:133:14:133:Infinity":32,"b:134:2:134:Infinity:undefined:undefined:undefined:undefined":12,"s:134:2:134:Infinity":33,"s:134:12:134:Infinity":34,"s:136:16:136:Infinity":35,"s:137:2:137:Infinity":36,"s:138:2:138:Infinity":37,"s:139:2:139:Infinity":38,"s:141:2:141:Infinity":39,"s:143:20:149:Infinity":40,"s:150:2:150:Infinity":41,"s:151:2:151:Infinity":42,"s:153:2:153:Infinity":43,"s:155:14:155:Infinity":44,"s:156:15:159:Infinity":45,"f:156:15:156:27":9,"s:157:4:157:Infinity":46,"s:158:4:158:Infinity":47,"s:160:2:160:Infinity":48,"s:162:17:162:Infinity":49,"s:164:2:173:Infinity":50,"f:166:10:166:22":10,"b:167:6:167:Infinity:undefined:undefined:undefined:undefined":13,"s:167:6:167:Infinity":51,"s:167:17:167:Infinity":52,"s:168:6:168:Infinity":53,"s:169:6:169:Infinity":54,"f:169:33:169:34":11,"s:169:40:169:48":55,"s:170:6:170:Infinity":56,"s:171:6:171:Infinity":57}}}
,"/Users/lawrence/Programming/Web/qaid-feedback/thumbs-embed/src/vite-env.d.ts": {"path":"/Users/lawrence/Programming/Web/qaid-feedback/thumbs-embed/src/vite-env.d.ts","statementMap":{},"fnMap":{},"branchMap":{},"s":{},"f":{},"b":{},"meta":{"lastBranch":0,"lastFunction":0,"lastStatement":0,"seen":{}}}
}
