{"total": {"lines":{"total":1524,"covered":1524,"skipped":0,"pct":100},"statements":{"total":1611,"covered":1611,"skipped":0,"pct":100},"functions":{"total":234,"covered":234,"skipped":0,"pct":100},"branches":{"total":865,"covered":818,"skipped":0,"pct":94.56},"branchesTrue":{"total":0,"covered":0,"skipped":0,"pct":"Unknown"}}
,"/Users/lawrence/Programming/Web/qaid-feedback/thumbs-embed/src/a11y.ts": {"lines":{"total":118,"covered":118,"skipped":0,"pct":100},"functions":{"total":19,"covered":19,"skipped":0,"pct":100},"statements":{"total":134,"covered":134,"skipped":0,"pct":100},"branches":{"total":101,"covered":95,"skipped":0,"pct":94.05}}
,"/Users/lawrence/Programming/Web/qaid-feedback/thumbs-embed/src/console-capture.ts": {"lines":{"total":33,"covered":33,"skipped":0,"pct":100},"functions":{"total":9,"covered":9,"skipped":0,"pct":100},"statements":{"total":33,"covered":33,"skipped":0,"pct":100},"branches":{"total":10,"covered":10,"skipped":0,"pct":100}}
,"/Users/lawrence/Programming/Web/qaid-feedback/thumbs-embed/src/dom-utils.ts": {"lines":{"total":25,"covered":25,"skipped":0,"pct":100},"functions":{"total":10,"covered":10,"skipped":0,"pct":100},"statements":{"total":30,"covered":30,"skipped":0,"pct":100},"branches":{"total":18,"covered":18,"skipped":0,"pct":100}}
,"/Users/lawrence/Programming/Web/qaid-feedback/thumbs-embed/src/element-selector.ts": {"lines":{"total":122,"covered":122,"skipped":0,"pct":100},"functions":{"total":25,"covered":25,"skipped":0,"pct":100},"statements":{"total":140,"covered":140,"skipped":0,"pct":100},"branches":{"total":101,"covered":99,"skipped":0,"pct":98.01}}
,"/Users/lawrence/Programming/Web/qaid-feedback/thumbs-embed/src/embed.ts": {"lines":{"total":832,"covered":832,"skipped":0,"pct":100},"functions":{"total":96,"covered":96,"skipped":0,"pct":100},"statements":{"total":863,"covered":863,"skipped":0,"pct":100},"branches":{"total":410,"covered":373,"skipped":0,"pct":90.97}}
,"/Users/lawrence/Programming/Web/qaid-feedback/thumbs-embed/src/icons.ts": {"lines":{"total":3,"covered":3,"skipped":0,"pct":100},"functions":{"total":0,"covered":0,"skipped":0,"pct":100},"statements":{"total":3,"covered":3,"skipped":0,"pct":100},"branches":{"total":0,"covered":0,"skipped":0,"pct":100}}
,"/Users/lawrence/Programming/Web/qaid-feedback/thumbs-embed/src/modal-positioning.ts": {"lines":{"total":40,"covered":40,"skipped":0,"pct":100},"functions":{"total":6,"covered":6,"skipped":0,"pct":100},"statements":{"total":40,"covered":40,"skipped":0,"pct":100},"branches":{"total":25,"covered":25,"skipped":0,"pct":100}}
,"/Users/lawrence/Programming/Web/qaid-feedback/thumbs-embed/src/network-capture.ts": {"lines":{"total":42,"covered":42,"skipped":0,"pct":100},"functions":{"total":9,"covered":9,"skipped":0,"pct":100},"statements":{"total":42,"covered":42,"skipped":0,"pct":100},"branches":{"total":26,"covered":26,"skipped":0,"pct":100}}
,"/Users/lawrence/Programming/Web/qaid-feedback/thumbs-embed/src/quest-launcher.ts": {"lines":{"total":24,"covered":24,"skipped":0,"pct":100},"functions":{"total":6,"covered":6,"skipped":0,"pct":100},"statements":{"total":25,"covered":25,"skipped":0,"pct":100},"branches":{"total":14,"covered":14,"skipped":0,"pct":100}}
,"/Users/lawrence/Programming/Web/qaid-feedback/thumbs-embed/src/screenshot-dom.ts": {"lines":{"total":55,"covered":55,"skipped":0,"pct":100},"functions":{"total":6,"covered":6,"skipped":0,"pct":100},"statements":{"total":58,"covered":58,"skipped":0,"pct":100},"branches":{"total":40,"covered":40,"skipped":0,"pct":100}}
,"/Users/lawrence/Programming/Web/qaid-feedback/thumbs-embed/src/screenshot.ts": {"lines":{"total":39,"covered":39,"skipped":0,"pct":100},"functions":{"total":6,"covered":6,"skipped":0,"pct":100},"statements":{"total":40,"covered":40,"skipped":0,"pct":100},"branches":{"total":14,"covered":14,"skipped":0,"pct":100}}
,"/Users/lawrence/Programming/Web/qaid-feedback/thumbs-embed/src/styles.ts": {"lines":{"total":44,"covered":44,"skipped":0,"pct":100},"functions":{"total":11,"covered":11,"skipped":0,"pct":100},"statements":{"total":47,"covered":47,"skipped":0,"pct":100},"branches":{"total":29,"covered":29,"skipped":0,"pct":100}}
,"/Users/lawrence/Programming/Web/qaid-feedback/thumbs-embed/src/types.ts": {"lines":{"total":0,"covered":0,"skipped":0,"pct":100},"functions":{"total":0,"covered":0,"skipped":0,"pct":100},"statements":{"total":0,"covered":0,"skipped":0,"pct":100},"branches":{"total":0,"covered":0,"skipped":0,"pct":100}}
,"/Users/lawrence/Programming/Web/qaid-feedback/thumbs-embed/src/video-capture.ts": {"lines":{"total":94,"covered":94,"skipped":0,"pct":100},"functions":{"total":19,"covered":19,"skipped":0,"pct":100},"statements":{"total":98,"covered":98,"skipped":0,"pct":100},"branches":{"total":49,"covered":49,"skipped":0,"pct":100}}
,"/Users/lawrence/Programming/Web/qaid-feedback/thumbs-embed/src/video-orientation.ts": {"lines":{"total":53,"covered":53,"skipped":0,"pct":100},"functions":{"total":12,"covered":12,"skipped":0,"pct":100},"statements":{"total":58,"covered":58,"skipped":0,"pct":100},"branches":{"total":28,"covered":26,"skipped":0,"pct":92.85}}
,"/Users/lawrence/Programming/Web/qaid-feedback/thumbs-embed/src/vite-env.d.ts": {"lines":{"total":0,"covered":0,"skipped":0,"pct":100},"functions":{"total":0,"covered":0,"skipped":0,"pct":100},"statements":{"total":0,"covered":0,"skipped":0,"pct":100},"branches":{"total":0,"covered":0,"skipped":0,"pct":100}}
}
