{"total": {"lines":{"total":1783,"covered":1783,"skipped":0,"pct":100},"statements":{"total":1887,"covered":1887,"skipped":0,"pct":100},"functions":{"total":275,"covered":275,"skipped":0,"pct":100},"branches":{"total":964,"covered":912,"skipped":0,"pct":94.6},"branchesTrue":{"total":0,"covered":0,"skipped":0,"pct":"Unknown"}}
,"/Users/lawrence/Programming/Web/qaid-feedback/thumbs-embed/src/a11y.ts": {"lines":{"total":118,"covered":118,"skipped":0,"pct":100},"functions":{"total":19,"covered":19,"skipped":0,"pct":100},"statements":{"total":134,"covered":134,"skipped":0,"pct":100},"branches":{"total":101,"covered":95,"skipped":0,"pct":94.05}}
,"/Users/lawrence/Programming/Web/qaid-feedback/thumbs-embed/src/annotate.ts": {"lines":{"total":239,"covered":239,"skipped":0,"pct":100},"functions":{"total":34,"covered":34,"skipped":0,"pct":100},"statements":{"total":256,"covered":256,"skipped":0,"pct":100},"branches":{"total":87,"covered":82,"skipped":0,"pct":94.25}}
,"/Users/lawrence/Programming/Web/qaid-feedback/thumbs-embed/src/console-capture.ts": {"lines":{"total":33,"covered":33,"skipped":0,"pct":100},"functions":{"total":9,"covered":9,"skipped":0,"pct":100},"statements":{"total":33,"covered":33,"skipped":0,"pct":100},"branches":{"total":10,"covered":10,"skipped":0,"pct":100}}
,"/Users/lawrence/Programming/Web/qaid-feedback/thumbs-embed/src/dom-utils.ts": {"lines":{"total":25,"covered":25,"skipped":0,"pct":100},"functions":{"total":10,"covered":10,"skipped":0,"pct":100},"statements":{"total":30,"covered":30,"skipped":0,"pct":100},"branches":{"total":18,"covered":18,"skipped":0,"pct":100}}
,"/Users/lawrence/Programming/Web/qaid-feedback/thumbs-embed/src/element-selector.ts": {"lines":{"total":122,"covered":122,"skipped":0,"pct":100},"functions":{"total":25,"covered":25,"skipped":0,"pct":100},"statements":{"total":140,"covered":140,"skipped":0,"pct":100},"branches":{"total":101,"covered":99,"skipped":0,"pct":98.01}}
,"/Users/lawrence/Programming/Web/qaid-feedback/thumbs-embed/src/embed.ts": {"lines":{"total":845,"covered":845,"skipped":0,"pct":100},"functions":{"total":103,"covered":103,"skipped":0,"pct":100},"statements":{"total":876,"covered":876,"skipped":0,"pct":100},"branches":{"total":422,"covered":385,"skipped":0,"pct":91.23}}
,"/Users/lawrence/Programming/Web/qaid-feedback/thumbs-embed/src/icons.ts": {"lines":{"total":10,"covered":10,"skipped":0,"pct":100},"functions":{"total":0,"covered":0,"skipped":0,"pct":100},"statements":{"total":10,"covered":10,"skipped":0,"pct":100},"branches":{"total":0,"covered":0,"skipped":0,"pct":100}}
,"/Users/lawrence/Programming/Web/qaid-feedback/thumbs-embed/src/modal-positioning.ts": {"lines":{"total":40,"covered":40,"skipped":0,"pct":100},"functions":{"total":6,"covered":6,"skipped":0,"pct":100},"statements":{"total":40,"covered":40,"skipped":0,"pct":100},"branches":{"total":25,"covered":25,"skipped":0,"pct":100}}
,"/Users/lawrence/Programming/Web/qaid-feedback/thumbs-embed/src/network-capture.ts": {"lines":{"total":42,"covered":42,"skipped":0,"pct":100},"functions":{"total":9,"covered":9,"skipped":0,"pct":100},"statements":{"total":42,"covered":42,"skipped":0,"pct":100},"branches":{"total":26,"covered":26,"skipped":0,"pct":100}}
,"/Users/lawrence/Programming/Web/qaid-feedback/thumbs-embed/src/quest-launcher.ts": {"lines":{"total":24,"covered":24,"skipped":0,"pct":100},"functions":{"total":6,"covered":6,"skipped":0,"pct":100},"statements":{"total":25,"covered":25,"skipped":0,"pct":100},"branches":{"total":14,"covered":14,"skipped":0,"pct":100}}
,"/Users/lawrence/Programming/Web/qaid-feedback/thumbs-embed/src/screenshot-dom.ts": {"lines":{"total":55,"covered":55,"skipped":0,"pct":100},"functions":{"total":6,"covered":6,"skipped":0,"pct":100},"statements":{"total":58,"covered":58,"skipped":0,"pct":100},"branches":{"total":40,"covered":40,"skipped":0,"pct":100}}
,"/Users/lawrence/Programming/Web/qaid-feedback/thumbs-embed/src/screenshot.ts": {"lines":{"total":39,"covered":39,"skipped":0,"pct":100},"functions":{"total":6,"covered":6,"skipped":0,"pct":100},"statements":{"total":40,"covered":40,"skipped":0,"pct":100},"branches":{"total":14,"covered":14,"skipped":0,"pct":100}}
,"/Users/lawrence/Programming/Web/qaid-feedback/thumbs-embed/src/styles.ts": {"lines":{"total":44,"covered":44,"skipped":0,"pct":100},"functions":{"total":11,"covered":11,"skipped":0,"pct":100},"statements":{"total":47,"covered":47,"skipped":0,"pct":100},"branches":{"total":29,"covered":29,"skipped":0,"pct":100}}
,"/Users/lawrence/Programming/Web/qaid-feedback/thumbs-embed/src/types.ts": {"lines":{"total":0,"covered":0,"skipped":0,"pct":100},"functions":{"total":0,"covered":0,"skipped":0,"pct":100},"statements":{"total":0,"covered":0,"skipped":0,"pct":100},"branches":{"total":0,"covered":0,"skipped":0,"pct":100}}
,"/Users/lawrence/Programming/Web/qaid-feedback/thumbs-embed/src/video-capture.ts": {"lines":{"total":94,"covered":94,"skipped":0,"pct":100},"functions":{"total":19,"covered":19,"skipped":0,"pct":100},"statements":{"total":98,"covered":98,"skipped":0,"pct":100},"branches":{"total":49,"covered":49,"skipped":0,"pct":100}}
,"/Users/lawrence/Programming/Web/qaid-feedback/thumbs-embed/src/video-orientation.ts": {"lines":{"total":53,"covered":53,"skipped":0,"pct":100},"functions":{"total":12,"covered":12,"skipped":0,"pct":100},"statements":{"total":58,"covered":58,"skipped":0,"pct":100},"branches":{"total":28,"covered":26,"skipped":0,"pct":92.85}}
,"/Users/lawrence/Programming/Web/qaid-feedback/thumbs-embed/src/vite-env.d.ts": {"lines":{"total":0,"covered":0,"skipped":0,"pct":100},"functions":{"total":0,"covered":0,"skipped":0,"pct":100},"statements":{"total":0,"covered":0,"skipped":0,"pct":100},"branches":{"total":0,"covered":0,"skipped":0,"pct":100}}
}
